<?xml version="1.0" encoding="UTF-8"?>
<robot generator="Robot 6.1.1 (Python 3.9.6 on darwin)" generated="20231029 23:24:36.849" rpa="false" schemaversion="4">
<suite id="s1" name="TestCalculator" source="/Users/prabhpreetsingh/PycharmProjects/RobotFrameworkMobileTesting/Tests/TestCalculator.robot">
<test id="s1-t1" name="Test Case To Validate Operations" line="11">
<kw name="Open Calculator" library="CommonUtilities">
<kw name="Open Application" library="AppiumLibrary">
<arg>http://localhost:4723/wd/hub</arg>
<arg>platformName=Android</arg>
<arg>deviceName=emulator-5554</arg>
<arg>appPackage=com.google.android.calculator</arg>
<arg>appActivity=com.android.calculator2.Calculator</arg>
<arg>automationName=Uiautomator2</arg>
<doc>Opens a new application to given Appium server.
Capabilities of appium server, Android and iOS,
Please check https://github.com/appium/appium/blob/master/docs/en/writing-running-appium/server-args.md
| *Option*            | *Man.* | *Description*     |
| remote_url          | Yes    | Appium server url |
| alias               | no     | alias             |
| strict_ssl          | No     | allows you to send commands to an invalid certificate host like a self-signed one. |</doc>
<status status="PASS" starttime="20231029 23:24:36.953" endtime="20231029 23:24:49.241"/>
</kw>
<status status="PASS" starttime="20231029 23:24:36.953" endtime="20231029 23:24:49.242"/>
</kw>
<status status="PASS" starttime="20231029 23:24:36.952" endtime="20231029 23:24:49.242"/>
</test>
<test id="s1-t2" name="Test Case 1" line="13">
<kw name="Perform Addition" library="PerformOperations">
<kw name="Wait Until Page Contains Element" library="AppiumLibrary">
<arg>com.google.android.calculator:id/digit_7</arg>
<doc>Waits until element specified with `locator` appears on current page.</doc>
<msg timestamp="20231029 23:24:49.968" level="INFO">criteria is com.google.android.calculator:id/digit_7</msg>
<status status="PASS" starttime="20231029 23:24:49.245" endtime="20231029 23:24:49.968"/>
</kw>
<kw name="Click Element" library="AppiumLibrary">
<arg>com.google.android.calculator:id/digit_7</arg>
<doc>Click element identified by `locator`.</doc>
<msg timestamp="20231029 23:24:49.973" level="INFO">Clicking element 'com.google.android.calculator:id/digit_7'.</msg>
<msg timestamp="20231029 23:24:50.768" level="INFO">criteria is com.google.android.calculator:id/digit_7</msg>
<status status="PASS" starttime="20231029 23:24:49.969" endtime="20231029 23:24:50.770"/>
</kw>
<kw name="Click Element" library="AppiumLibrary">
<arg>com.google.android.calculator:id/op_add</arg>
<doc>Click element identified by `locator`.</doc>
<msg timestamp="20231029 23:24:50.779" level="INFO">Clicking element 'com.google.android.calculator:id/op_add'.</msg>
<msg timestamp="20231029 23:24:51.405" level="INFO">criteria is com.google.android.calculator:id/op_add</msg>
<status status="PASS" starttime="20231029 23:24:50.772" endtime="20231029 23:24:51.405"/>
</kw>
<kw name="Click Element" library="AppiumLibrary">
<arg>com.google.android.calculator:id/digit_4</arg>
<doc>Click element identified by `locator`.</doc>
<msg timestamp="20231029 23:24:51.410" level="INFO">Clicking element 'com.google.android.calculator:id/digit_4'.</msg>
<msg timestamp="20231029 23:24:52.038" level="INFO">criteria is com.google.android.calculator:id/digit_4</msg>
<status status="PASS" starttime="20231029 23:24:51.405" endtime="20231029 23:24:52.039"/>
</kw>
<kw name="Get Text" library="AppiumLibrary">
<arg>com.google.android.calculator:id/result_preview</arg>
<doc>Get element text (for hybrid and mobile browser use `xpath` locator, others might cause problem)</doc>
<msg timestamp="20231029 23:24:52.123" level="INFO">Element 'com.google.android.calculator:id/result_preview' text is '11' </msg>
<msg timestamp="20231029 23:24:52.123" level="INFO">criteria is com.google.android.calculator:id/result_preview</msg>
<status status="PASS" starttime="20231029 23:24:52.039" endtime="20231029 23:24:52.124"/>
</kw>
<kw name="Element Should Contain Text" library="AppiumLibrary">
<arg>com.google.android.calculator:id/result_preview</arg>
<arg>11</arg>
<doc>Verifies element identified by ``locator`` contains text ``expected``.</doc>
<msg timestamp="20231029 23:24:52.130" level="INFO">Verifying element 'com.google.android.calculator:id/result_preview' contains text '11'.</msg>
<msg timestamp="20231029 23:24:52.171" level="INFO">criteria is com.google.android.calculator:id/result_preview</msg>
<status status="PASS" starttime="20231029 23:24:52.124" endtime="20231029 23:24:52.171"/>
</kw>
<status status="PASS" starttime="20231029 23:24:49.244" endtime="20231029 23:24:52.172"/>
</kw>
<kw name="Capture Page Screenshot" library="AppiumLibrary">
<doc>Takes a screenshot of the current page and embeds it into the log.</doc>
<msg timestamp="20231029 23:24:52.635" level="INFO" html="true">&lt;/td&gt;&lt;/tr&gt;&lt;tr&gt;&lt;td colspan="3"&gt;&lt;img src="data:image/png;base64, iVBORw0KGgoAAAANSUhEUgAABDgAAAjoCAYAAAA5jhrUAAAAAXNSR0IArs4c6QAAAARzQklUCAgI
CHwIZIgAACAASURBVHic7N13eFVVovfx3z7phRBIKAm9dwhNpYsU6VIUFBEV+zTvzJ155517Z+7M
nbnvnebMWMcZHVEBAVFAEOm9d0LvIOmBNJKQnnPeP9CjkYS0fcpOvp/n8Xk8yT6/veJGYP/O2msZ
55MzHQIAAAAAALAwm6cHAAAAAAAAUFsUHAAAAAAAwPIoOAAAAAAAgOVRcAAAAAAAAMuj4AAAAAAA
AJZHwQEAAAAAACyPggMAAAAAAFgeBQcAAAAAALA8Cg4AAAAAAGB5FBwAAAAAAMDyKDgAAAAAAIDl
UXAAAAAAAADLo+AAAAAAAACWR8EBAAAAAAAsz9fTAwAAb+JwOJSRnqa9O3fo0oWzysrIKPc4m4+P
mjZrrt59+6nvgHsVFBwswzDcPFoAAAAAXzPOJ2c6PD0IAPC0kuJifb7yU52MParSkhI5qvE7o2FI
AYFBemDsON07ZBhFBwAAACRJxw4dVFZW5l2PGTnmQTeNpu6j4ABqoKioUKUlpeV+zzAM+fn5yceX
CVJWYLfbtWj+u7p84Vy1So3yfN1r/PoPf5HNxhOAAADAuxXk5ys1OUk5OdnKu3VL+fn5CgoKUnBI
iBo0CFOzqGgFBgV5epimS05KVFR0C7eca/4/3tSXly/f9Zjf/vlvbhlLfcAdGFBNdrtde3Zs17Wr
l1VSUnLH94OCgjXwvsHq1LUbn+R7uWtXLmv+P9+Sw25Oz/t1QXLs8EH1v+c+UzIBAADMkpQQryuX
LujKpUtKSUpUbk5Ope8JbdBAzaNbqH3HjmrfqYuiW7R0w0hdZ+WyJQoPb+S2ggPuRcEBVFNKUqLO
njqhlKSkCo9pGN5IzaKi1DC8kRtHVn2Or+7I3VnEeOKc5Vn16cc6enB/rWdtlGfT2jXOgiM97YYi
IpuYf5JqqM/XGQCA+i4zI13HDh1U7NFDysq4+6MS5cnNydGl8+d06fw5SWsU3riRYvoNVN+B96hR
4wjzB+xCK5ct0bFDB3kkpA6j4ACqKTcnR8XFxXc9Jj/vlgryC9Qw3E2DqgZ7aalOnYjV8aNHlJWZ
IV9fX7Vu2173DhmqyCZNXXNOu10Xz53V0cMHdCM1VT4+PmrVpq3uHTxMTZs3d/uN99uvvnLXgqq2
8vPz5HA4ZBiGDh/Yp7Cwhho0bITLzlee+n6dAQCo75IS4rV980adO33K1NysjExt37xR2zdvVNce
PXX/6LGKbtnK1HO4wtflhqskJyVq3eqVlT6OUp7/+tmPy7xu26GDxk+ZxiyTGqDgQJU5HA4VFhbK
ZjPk5+dfb29WcnKyVVJSScGRn6/CwgI3jajq7KWl2r9nlzav/0Ilxd88XpOcmKirly9q6iOPKrpl
K1PXjyguLtKBPbu0bdMGFRd9898tNTlZly6c06NPPO3WPxTffvUVpSa7rtyQJDkcSoyPU8vWbdSy
VWstW/ShbDab7h0yzLXn/QrXGQCA+ispIV6b132hSxfOu/xc506f0rnTp9SxS1eNHjfBa/+sd3W5
IanG5UZ5vrx8WetWr9S8F39gSl59QsHhYhnpaTp3+pRSkpM0fdZsr8/9ruSkRJ09eUKXL55XYkK8
7KV2SVJAYKDad+qkTl26qUevPgoKDjbtnDu3blZGeprz9ehxExXaoIFp+bWVnnajzA1ceXKyb+pW
bq6bRlR16Wlp2rNze5mb3q9dT0nRwvfe0YSHpqlXn76y+fjU+nx5t25p/ZpVX+1McueirFkZmdq7
c7umPDxT/v4BtT5fZVZ9+rFLZ258zeGQLp4/p5at26hBWEM5HNLaVSsU3bKVWrVp6/Lz1/frDABA
fRX35VUt+2iBsrOy3HreS+fP6XpqimY+Plet27Zz67kr445yQ5Jp5Yar8uoLCg4XKCgo0OUL5xR7
5LDOnzktSWrVpo3X5lZ0rg1rVunIgf3lfr+woEBnT57U2ZMntWX9Wk2e8Yi69+xd6/NePHdWm9d9
UeZr948eW+vc6jhx7IgKCgrUsXMXhTdqXOZT7uSkRCUnJKioqPCuGTnZ2UqIv6boli3LrMNRWFig
lKQkZaSnq1lUlNsXacpIT9Ot3G8Wk+rdt5+Kiop08fxZlZaUKj8vT198tkIZ6em6b8iwWhVXqcnJ
2rJhrc6fPe1cxLNBWJi6dO+h1OQkxV+7Jkn68uoV5d265fIb32tXLuvowfJ/PbtCSnKiJDkfZ3I4
pPfefkO//N0f5Ovn59Jz1+frDABAfbVnx1ZtXLvGtMXTqys7K0vvvf2Gxk6YrCEjRnpkDN/lrnID
3oOCwyR2u10Jcdd05uRxHTl4QIUF5jye4KrcuykoKNBH77+ra1eulPl60+bN1ahxhIqLi5QYH6fC
gts3+bdyc7X0w/c1beZj6jvwnpqfNz9fa1evrNXYa8PhcOh6SorWrFyu0tISbbL5qGOXLurZO0Zt
2nXQnp3bdDL2mHJzsp0zWSqSn3dL+3bt0JWLFzVo2HBFRbfUxfNndebUCaUmJ8nhcKhDp86a8NB0
ty5EWlJS7By7YUhjJ01RcFCwNq//QocP7FNRYZEK8vO1ffMGZWVmaMz4SdWePeNwOJSclKgVSz/S
9ZQU59fDGzfSlBmz1LFzFyXEXdM7b7wqScrNyVZJJWua1Jbdbr+9W4ob/7y/9dWq5N+ejWQvteut
v/5JL//8P1167vp6nQEAqI9Kiou14uPFOnU81tNDkcPu0IY1q5UYH6fps2a7/EOdu6HcqJ8oOGop
KzNDZ0+d1NFDB5SanOz1uVWxYc2qMuXGvUOGafDwEWVWSS4qKtSJY0e1dtUK5zT4Vcs/Vqs2bRTZ
tFmNzrtjy0al37hRu8HXgsNu15YNa1VYkP/VjXCxzp0+pcsXLsjHx0dFRYUqKS6u0k2ywyGVFJco
KTFen6/4VD4+PiotLVFx8Tc3ngnx8Tpx7IiGjRzt0p/rbmyGTb5+fho9bqKaNY/Wlo3rlJ2VJYfd
odjDB5WVmaEHJz2kqOgWVVpzxV5aqqOHD2rbxvXKyc6WdPsGu0OnLho9YZKaR0VLUplP8e2ldpcX
D4vee8ftn2YUFRVJkr68fKnM1zPS05SRnqbGEZFuG0t9uc4AANQ3+Xl5+vDdfygpId7TQynj1PFY
5ebm6NEnnlZwSIjbz0+5UX+Zt8JcPbVlwzqtW/3ZHSVExy5d1a5jR6/LrUz8tS/LPJYycsyDmvDQ
tDu2gPL3D9CAewfp4dlPOL9mL7XrwN49NTrvtatXtGfH9poN2gR2u12XLpzXpQvnytyElZaUqiA/
X7dyc1VcVLVy49scdocKCwqUd+uWCgsKy8z8yM3J1qUL55WUmGDST1Fzvn5+6tOvv6Y+8qiiWrSQ
Ydwuaa5euqTlSxbp0vlzspfeubbCtxXk52vHlk3atHaN86bX189XffoP1MRpMxTdoqWpi1pWVUlx
sS5fdP0iW9/l6+vrnOXwbQ6H9I/X/ur28Uh1+zoDAFAfLVkw3+vKja99efmyli583+3nLa/ciBkw
UG07dHD7WOB+/C3URM2iojRu8kN6+ef/obnPvmDaYoKuyi1P7JFDzn+PaNJEw0aOuusnut179lbX
Hj2dr0+fiK30Bum7iooKtXbVCufrmAEDq/X+2nI4HMq7dUtbN64vd1FGl53X7lByYqKOHTqo4uIi
t523IjYfH3Xo1FmPPD5X7Tt21teX/UZqqlZ8vFiH9u+Vo4KGJyc7W2tWfqpd27coPy9PkuTj66Mh
w0dq4tTpiohs4q4f4w6fr/y03GLKMG7/ExYerg6dOmvw8BEaO3GSxk1+SENHPqD2nTopsmlT+fr5
qiYbBgWHhEq6PRvruwoL8nUjNbX6oSaoq9cZAID6aPyUafL1885J+b5+vho/ZZpbz/np4oXllhuu
3JQB3sU7/2+wEH9/fw0d+YC69eilFq1am/bJpaty78Zut+vsqZPO1/3vubdKz81169nbub92bk6O
8vLyqvU8/75dO5WcePtT7p59YtSn3wDFHj5UybvMU1pSouNHDzkXhXSnwoJ8Xbt6WZfOn1e3nr3c
fv7vMgxDkU2a6uHZT2jLhrU6cnC/HHaHbuXmavP6L5SVlanhI0eXWZQy7cZ1fb7iE315+ZKzSPD1
89WUGTPVu29/j36a73A4dOLYEefrr2/m+/QfqFEPjleDsIaSbs9c2rl1sw7u26PSktsl171DhuvJ
516SYRgqLi7SscOHtP7zz1RaUlKlmTxNmjVTfl6eM6/suKTVK5bpmZd+WPsfsgbq2nUGAKC+iopu
oemzZmvZogWeHsodps+arajoFm4732t//H9KT0sr8zXKjfqHgqOWJk6d4ZK/2LsqN/bIIe3Yskn+
/v4aM2GyOnbu4vxe3q1bys35ZueFps2iqpQZ1rBhmdfVmY2QnJSobZvWS7q99ezYiZPLLMroag6H
Q3l5t3Ro395KFw79rojISLXv1EVNmjaVr5+fCvLzFB93TXFXr1Z5i1iH4/aaDGdOnVDHLl3k5+df
kx/DFPbSUueWoSGhoZoyY6bCGzXWji0bVVxUrMKCQu3Zvk3ZWVkaN3mqQhs00LWrl7X4g/kqyM+X
dLtAaBwRqTnPPF/m03x7aalkGG6/Cc7MSHfOKAoIDNC0WbPVrcftIqkgP1+fLF6gMydPSA5HmdLC
MKQRo8Y4Zy/5+fnrnkFDdM+gIcrMSNeyRQuUlBB316KjfcfO2rdrR4XHxF/7Una73e3/TeridTbD
nh1bdTI21ll0No9qoV4xMRoy4gEPjwwAgLvr2aevkhITtHvbVk8PxWnoyAfUs09ft52PcgNfo+Co
JVf9Rd4Vubk5Ofrsk6XOG/nlSxbpZ7/8jfNmx9fPT7PmPuU8vnmLqjWuBfl5ZV4HBVVty8nSkhKt
XbXCOZ4HJ01ReKPGbi04pNszV4rL+ZS9Ir5+vuoV008x/QcooklT+fv5y7AZspfa1aN3jK5dvaKD
e3crIS6uyucvKSmu8LEAdzkRe1QNw8PVpl0H56+/oSNGqknTZtr4xWrnHxqnjh9TZka6unTvqf27
dzpvem0+NnXq0k1jJ0wuc9NbWFigQ/v2qGOXbs7FJ91lz45tkqRJ02Zo4KAhMgxDDodDSz6cr/Nn
TlVcUBhGhQtiNWocoRd+9GNlpKfp9T//vtxi7PaCm5316eKFFY7NYbcrJ/umW3fRkermda6NjPS0
rwqrss8vJyXEKykhXidjYzVzzly3LgoLAEB1jRk/SanJybp47qynh6JOXbtpzPhJbjsf5Qa+zXof
s6HGiorKLnJ5KzdXJaXf3NgHBgaqR68+zn/CwhqWF3OHlKQk57+3atNGgUFBVXrf4QP7nLu1tO/U
Sf0G1HyL2ZoyDEOhoQ009eFZat22amub9Irpp3uHDFPrNu0UFtZQgUFBCggIVFBwsBo1jlC3nr00
ZMRItWzdutKs4JAQ9e7bX8NGjpavr+e20ZKk1OQkLV+6WMePHlFR0e0tgG0+Purao6ceemSW2rRv
L8NmyOGQEuLitGX9WudMlYDAQPW/Z5AeeniWmjT7Zhedm1mZ2vjFGm3fvFFFhYVu/5kS4q7pF7/9
ve4ZPFSGYSgh7pr++xc/1bnTdyk3pCqtJdE4IlK//v0r6t679x3f8/XzU1JC/B3l37c5HCrzSJi7
1MXrXBvllRvflpQQ75XTfgEA+DbDMDRzzlxFNPHselgRTZpo5py5VdqVzQyUG/guCo56pFHjCA0c
NMT5euzESWW2cayJ4uIiHT38zUI+ffoNqNL70m5c18a1n0u6/YnwuMlTnTNJ3M3Xz0/tO3bShKkz
1Kf/gLsuKBkRGamY/gPUrFlz+fiWPwEqICBQHTp3VeduPRQSGlphVnjjRrpv6HANf2C0mkdFe8W0
/uysLK1dtVw7tmxyPmpkGIbatu+oaTMfU9fuPWTzKTtO/wB/PTB2nMZNnlJm7ZW066lauWyJDh/Y
q6JCzyyi+tK//VSBgYFyOBzasn6t3n3z1So9itSqTdsq/cFsGIYefeJpTX90dplfN/3vGaSP3v9X
pWt1XPDQpyx17TrX1J4dW6u08nxSQrz27PCeab8AAJQnICBQjz/9rAICAz1z/sCvzh/gnvOXV250
7NKVcqOe4xGVesQwDE2aNkPDRj4gm49PlWdo3M3h/fuUc/OmJKlBWJh6xfSr9D12u10b1qxWcVGx
JOmBseM9PqXdx9dXUdEtNGLUGBUVFd7+hN9+591p+05dFNGkaYXlxtcCAwPVum1bXbl0odz1OMLC
w9W3/z3qf899ahAWZtrPYYbCgkLt371TNzMzNXr8RIU3aizp9oyFKTNmae+u7dq/e6eKi4oV0aSJ
xk6YrE5dujoXpHU4HLp04bw2r1ujlKTEam+tazaHw6GP3v+XLpw9U+X3tGhV+eybb4vpP1AhIaFa
NP8dSVKb9u11YM/OSt+XdsMzO6lIde8618TJ2NhqHct6HAAAbxfZpKlmznlSi977p1v/bDYMaeac
JxXZpKlbzldeuSFJwx8Y5Zbzw3tRcNQzhmE4b2RqKyU5SZvWrXG+Hj1+UpldFypy/OgRnT9zWpIU
1aKF7hs6zJTx1NbXO0s0axal82dOy6E7/1Ro0vT2mhtVERbWUA0alF9eBAUFqUmzZl5XbnytuKhY
J44dVdqNG3rk8SfUOCJShmEoJDRUD4wZp8jIptq/d5emzXysTDllLy3V0cMHtWHNKhUWeMejCos/
eE8Xz1W93JCkhg3Dq32eTl276ZHH52rPju1atujDKv2loqqL0bpKXbrONVGdnZM8scsSAAA10alL
V42bPFXrVn/mtnOOmzxVnbp0dcu5Kio3AIlHVFBD+Xl5WrH0I5UU317Do3vv3orpX/njKdk3s7T+
829+s50wZVqtH5Mxm83Hp8LHE3z9/GTYqvZMoc3Hp8LHbgzDkOEFj6RUJikhXvPfftNZSEm3Z7vE
DBio5773ozI3vcXFRfpi1UqtW73Sa2569+/eebusquYnGFXZHrk8PXrHKCszo9zZP+Wx26u3c4+r
WP06AwCAsgYNG6GBgwa75VwDBw3WoGEj3HIuyg1UxvvvsOB1SktK9NknS5yLizZo2FATpkyrdM0C
h8OhTWvXKD/v9sKLg4ePUJv2HVw+3uoqLi6qcEeTgvy8Km8nW1xUXOGWuXa7XaXV2LnF3QxDzjUl
crKztXzpR9qzY5tzUUrDMMqUAGnXU7Xi48U6fGCv89EjH1/PrKnybetWr6zR+woLC6r9nq8fhanO
rAxPLyxbV65zTTWPqtpOUdU9FgAAbzBx6gy1btfOpedo3a6dJk6d4dJzfI1yA1VBwYFqcTgcWvf5
Kp09dUrS7S1TZz4+V2FVmNJ/9vRJHT96RJLUKKKxRowa69KxVpfD4dD5M6d18dxZOSr4ZD0+7poK
CvKrlJeWdl2Z6enlfi/75k1dOHtGifFV20rW3Ro1jlDXnr2cs1UKCwq0ef0XWrtqpXKys53HORwO
JSUm6JPFC3X6+HHnzAU/fz8NGTHSI2M3Q2YNtipevmRRtdb5kKSwhrVfB6c26vt17hUT45JjAQDw
BjabTbOffEZh4dV/9LYqwsLDNfvJZ9yyUD7lBqqKggPVsn3zRh3cu9v5+qGHZ6lNu/aVvi/v1q0y
n6aPnzytSut1uEthYYEO7d+r7Zs3KjU5qcJHGuKuXtW1q1cq/YQ/KzNDVy9dUkYFN8oF+fm6eP6c
du/Yqgtnz3jdbI6g4BA9NGOWRo+b4LxOpSWlOnb4oFYvX6akhHjZ7XbFHj6kpQvmKznxm/UJWrRq
rdlPPat+A+/11PC/UcMtyuK+vFrlYx0Oh95981WdOHa02ueJivbsrIA6c51raMiIBxTdslWlx0W3
bMUCowAASwoOCdHjTz8rXz9zl1709fPV408/q+CQEFNzy0O5gepgkVFU2aH9e7Vt43rn67ETJ1V5
W9itG9frZmaWJKlPv/7q0r2HS8ZYXQ6HQwX5+dq1fYtOn4hVZnrGXY+/lZurg3t3y8/PTx06d1Vg
OdtwZWVm6Nihg7pw7vRd1yjIz8vTxXNnlZOdrZycbMX0G1Dp7izuFBAQoKH3j1LjyCbavHaN0tPS
5LDfnuWSkZ6mdh066fjRwyosuF322Hxs6tSlm8aMn6SmzZvrZlamh38CqUnTZrqeklLt9yUlJsjh
cFT62FVBQYH+9NtfOdeiqS5v+P+gLlzn2pg5Z66WLVpQ4Xax0S1baeacuW4eFQAA5omKbqHps2Zr
2aIFpmVOnzXbLR/UUG6gurznbgpe7cypE/p8+SfO18MeGFXlTzQvX7xQZtZH+46dde3q5QqP/3pt
j6/FX/tSWZnfFA9t2nWo9MazOgoLC3Ts0MEqr52QEBenPTu2Ke3GDbVq00ZhYQ3l4+urosIipaVd
19VLl3Th3GllZVR+41dUWKTE+DiFhIaqV0xf+XjZ/5KGYah7z95q1KixNq79XFcuXpQk3UhNVdqN
62UeVbhn8FANHna/V+0M07NPX21NWVft92VnZd214LCXluqLVSt1eP+eGm/BZhhSx87uWW28Mla/
zrXROCJSL778E+3ZsVUnY2Odu6U0j2qhXjExzNwAANQJPfv0VVJignZv21rrrKEjH1DPPn1NGNXd
UW6gJrzrbgpe6dqVy/p08ULn64GDBmvUgxOqXDJ8e9cUSVq5bEm1zv/JRwvLvP6v//1TjXe5+C7D
MOTvH6DmUdG6fPFCld+XEBenrMxMXb54Xg0ahMnm46Pi4iJlpqcrIz2tWrtLBAYGKbJJU/n6eOf/
joZhKLplK0195FFt27RBJ2OPqqS4xHnTGxQcrFHjJqjvgIHyq+IWuu4y8L7B2rZxXY1KiOupKWV2
D5FuL7C7ecNa7d+9U6UlpbUam39AgAKDgmqVYSYrX2czDBnxAGUGAKBOGzN+klKTk3Xx3NkaZ3Tq
ensWp6tRbqCmvPOOCl4jJTlJSxd+4JyC3yumryZMmVatxYQqWofCWwQGBmrg4CFKiI9zTsOvityc
HOXm5NTq3DYfm5o0a6buPXtXuKWstwhv1FjTZj6m8EaNtWPLRtlL7WrQsKHmPvOCmkVFeXp45QoO
CZF/QGC1rqskORzS2lUr9NRzL6mgoEAnjh3Rnp3bnI9ZmaF33wGmzkQyixWvMwAAqJxhGJo5Z67+
8dpflX7jRrXfH9GkiWbOmevyv79QbqA2KDhQoazMDC39cL7z0Y2OXbrqoUdmVXudiNHjJspewa4k
5clIT9OhfXudr0eMGlPmk26ziwCbj4/ad+ikbj17KfbwIVOzKxPWsKG6du95x0wBbzbigdFqHhWt
48cOa/SDExTZtJmnh1QhwzA0YtRobVq7ptqzOK5duaw//PevVFiQX+PHUCoelzRmgus//agNK11n
AABQNQEBgXr86Wf13t/fqNbW9iGhoXr86WcVEHDn+nNmotxAbVFwoFy3cnO1dMEHyvhqm9PWbdvq
kdlPyN8/oNpZg4aNqNbxVy5dKFNw9L/3PoU3alzt81ZHQGCg7hs6XFcuXVR2lnmf0t+Nn7+fWrZq
o+69envV4qKVsfn4qFvPXurWs5enh1IlQ0Y8oE1r11T7fQ6HFNN/oA7s3SWzG46mzaPKXaDWm1jt
OgMAgKqJbNJUjz05T/P/8abspZV/CGnzsemxJ+cpsklTl46LcgNmsM5dFdymqKhQy5cscu4q0Cwq
SjOfeMqrtnU1m2EYah4Vrb79B2rnts3OdQcaNgpX02ZRCm3QQEkJ8Uq7cb1aay8EBgUpqkULhYSE
KiszQxnp6cq7dUvS7UcBuvbo6fLypiIOh3Tk4H4FBNwurZISE1x6vtMnYp2/pnJysp1f9/XzlWFz
3VRHwzD04KSHtP7zVdV+74G9uzT32Re14N23Tes4DEN66eV/NyesCurLdQYAAFXXum07TZw6o8wm
AhWZOHWGWrdt59LxUG7ALBQc9UzskUPasWWT/P39NWbCZHXs3KXM90tLSrTqk4916cJ5SVKjiMZ6
7Ml5Cgtr6InhupXNZtOA+wYpMSFehQX5CgsPV6vWbdW+U2c1atxY506f0oWzZ/TllcvKzc1xliDl
8fH1UWSTpmrfsZO69+qjRo0bKyUpSXHXriolKUkFBflq276D23fRCAgMkq+fr3NNlS3r17rt3Pt2
7Sz3602aNnP5dMdBw0Zo26b11Vr8VZIcdoe2b96g8VOmad3qlaaUHPcOGe7y9Vbq63UGAABVN/C+
wUpJSiwzc/qOYwYN1sD7Brt0HJQbMBMFRz2Sm5Ojzz5Z6pyKtnzJIv3sl78pc7O1f89OnYw95nxd
UlxSoz2zh48are49e9d+0G7WMLyRRo+fqLxbt9Q8KlohoaHOhZT69Bug1m3baePaz3Xx3FkVFRZV
mBMcEqqY/gPUd8C9Cg4JkSSFNQxX+46dlJWZodzcHDUMb+T8nrs0j4pWs+bRSkqIM31diZrw8fVR
7779FBIa6tLzGIahf/v5L/Wn3/6q2j933NUrum/ocE2bNVsrP15cq/9uYeHhGj9las0Dqqi+XmcA
AFA9E6fOUGpKsuKuXr3je63b3Z7l4UqUGzAbBUc9UlRUWOY5u1u5uSopLZH/twqOnOzsMu/Jyc6+
42tVOldh9T4p9ybRLVpW+L1GjSPUrHm0rl25cteCIyysoZo2i7qjwPD181Nk02YeW7AxJDRUD8+e
o707t+v0iePOx2U8IbxxIw0aOkJ9B9xTrV15aiokNFSz5j6tjxe8X62bfodDWrboQ/3sl/+tH//i
V/rb739Xo9LA5mPTD/79527ZOaU+X2cAAFB1NptNs598Rn9/9ZUy69CFhYdr9pPPuPTPbleUG+tW
f6aACtY5S0lKMvVc8E4UHPVIo8YRGjhoiA7t2yNJGjtxUo0WDa3vGjVuLD9/v7seE9qggVeuWWIY
hiIim2jy9Ec0efojLj1Xw/BG+u2f/+bSc1RX9569df+Ycdq+aX31Sg67Q3/+3X/p179/Rb/518Qq
egAAIABJREFU41/1zhuvVmt2hGEz9JNf/MptC4vW9+sMAACqLjgkRI8//azeffNVlRSXyNfPV48/
/axLZxq7auZGcmKi6ZlVFRAYqMKCAlPzUH3G+eRML5jADHdxOBy6mZUpm49PvVhXwxUuX7ygtatW
6EZqaoXHxAwYqOEjR7G1ppfasWWTtm5YW+2ZGIbN0E//8zdqEBam1ORkfbzoA6XfuH7XHJuPTT/5
xa/UIKyhW2ZvAAAA1MSp48e0bNECzZwzVz379HXZebzhsZSRYx7UyLHjTM3ctnG9tm3aYFqeK8ZY
H1BwANWUnnZDX6xcrqTEBNntd26t5ePjo3sGD9U9g4aw5oAXu3r5oj545+27LhZbHpuPTXPmPe9c
oDczI107tmzSscMHndvJfl14NAgL0w9/9gsFBARo0fx31bZ9e3Xt3kuZGenq3K27qT8PAABAbcVf
+1Kt2rR1Wf6p48d08KvZ5K4QFd1CgYFBlR7XrmNHtW3f0fTzf3nlkq5eulTrHFeNrz6g4ABq4PjR
w0pJTip3y9jAwEB16d5DLVq19sDIUB3FxUV6/c+/183MrMoP/hbDkDp07qq5z77g/JrD4VBhYaFS
k5N07PBB+fn5a8JD05yzNjatWyNfH1+FNGignJs3NWrcBFN/FgAAAKC+o+AAUK85HA6lJCfpvb+/
ruKiomo9tmIY0ozH5qh33/6uGyAAAACAKqHgAICvJCUm6IuVnyoxIV4Ou71KZYdhM+TvH6Ann3tR
LVu3cf0gAQAAAJSLggMAvsNut+tmVqbOnDyhyxfO6/r1VOXdylVJcYn8A/zVIKyhoqJbqGuPnurU
pZsCg4JYQBQAAADwMAoOAAAAAABgeTZPDwAAAAAAAKC2KDgAAAAAAIDlUXAAAAAAAADLo+AAAAAA
AACWR8EBAAAAAAAsj4IDAAAAAABYHgUHAAAAAACwPAoOAAAAAABgeRQcAAAAAADA8ig4AAAAAACA
5VFwAAAAAAAAy6PgAAAAAAAAlkfBAQAAAAAALI+CAwAAAAAAWB4FBwAAAAAAsDwKDgAAAAAAYHkU
HAAAAAAAwPIoOAAAAAAAgOVRcAAAAAAAAMuj4AAAAAAAAJZHwQEAAAAAACyPggMAAAAAAFgeBQcA
AAAAALA8Cg4AAAAAAGB5FBwAAAAAAMDyKDgAAAAAAIDlUXAAAAAAAADLo+AAAAAAAACWR8EBAAAA
AAAsj4IDAAAAAABYHgUHAAAAAACwPAoOAAAAAABgeRQcAAAAAADA8ig4AAAAAACA5VFwAAAAAAAA
y6PgAAAAAAAAlkfBAQAAAAAALI+CAwAAAAAAWB4FBwAAAAAAsDwKDgAAAAAAYHkUHAAAAAAAwPIo
OAAAAAAAgOVRcAAAAAAAAMuj4AAAAAAAAJZHwQEAAAAAACyPggMAAAAAAFgeBQcAAAAAALA8Cg4A
AAAAAGB5FBwAAAAAAMDyKDgAAAAAAIDlUXAAAAAAAADLo+AAAAAAAACWR8EBAAAAAAAsj4IDAAAA
AABYHgUHAAAAAACwPAoOAAAAAABgeRQcAAAAAADA8ig4AAAAAACA5VFwAAAAAAAAy6PgAAAAAAAA
lkfBAQAAAAAALI+CAwAAAAAAWB4FBwAAAAAAsDwKDgAAAAAAYHm+nh4AAAAAAACovb27d2nrpo2K
j7smSWrVuo1GjX1Qg4YM9fDI3MM4n5zp8PQgAAAAAABAzf399Vd1/NjRcr8X06+/Xvrhy24ekfvx
iAoAAAAAABa2bPGiCssNSYo9ekTLFi9y44g8g4IDAAAAAACLSk9L05ZNGys9bsumjUpPS3PDiDyH
ggMAAAAAAIuKPXrEJcdaEQUHAAAAAAAWlZeX55JjrYiCAwAAAAAAiwoODnbJsVZEwQEAAAAAgEXF
9OvvkmOtiIIDAAAAAACLioiM1KgxYys9btSYsYqIjHTDiDyHggMAAAAAAAubOXuO+vTtV+H3+/Tt
p5mz57hxRJ5hnE/OdHh6EAAAAAAAoHb27t6lLRs3KCE+TpLUslVrjRr7oAYPHebhkbkHBQcAAAAA
ALA8HlEBAAAAAACWR8EBAAAAAAAsj4IDAAAAAABYHgUHAAAAAACwPF9PDwAAAAAAAJgj9ugR5y4q
rVq3uev2sXUNBQcAAAAAABYXH3dNb7/xmtLT0sp8PSIyUi/98GW1at3GQyNzH7aJBQAAAADAwuLj
rul/fv2rux7zy//+XZ0vOViDAwAAAAAAC3v79dcqP+aNyo+xOgoOAAAAAAAsKvboEaWnp1V6XHpa
mmKPHnHDiDyHggMAAAAAAIuKj4tzybFWRMEBAAAAAAAsj4IDAAAAAACLatW6tUuOtSIKDgAAAAAA
LCqmX39FRERWelxERKRi+vV3w4g8h4IDAAAAAAALe+lHL5tyjNUZ55MzHZ4eBAAAAAAAqLn4uGt6
+/XX7thRJSIiUi/96GW1at3GQyNzHwoOAAAAAADqiNijR5y7pbRq3brOP5bybRQcAAAAAADA8liD
AwAAAAAAWB4FBwAAAAAAsDwKDgAAAAAAYHkUHAAAAAAAwPJ8PT0AAAAAAABQe3t379LWTRsVH3dN
ktSqdRuNGvugBg0Z6uGRuQe7qAAAAAAAYHF/f/1VHT92tNzvxfTrr5d++LKbR+R+PKICAAAAAICF
LVu8qMJyQ5Jijx7RssWL3Dgiz6DgAAAAAADAotLT0rRl08ZKj9uyaaPS09LcMCLPoeAAAAAAAMCi
Yo8eccmxVkTBAQAAAACAReXl5bnkWCui4AAAAAAAwKKCg4NdcqwVUXAAAAAAAGBRMf36u+RYK6Lg
AAAAAADAoiIiIzVqzNhKjxs1ZqwiIiPdMCLPoeAAAAAAAMDCZs6eoz59+1X4/T59+2nm7DluHJFn
GOeTMx2eHgQAAAAAAKidvbt3acvGDUqIj5MktWzVWqPGPqjBQ4d5eGTuQcEBAAAAAAAsj0dUAAAA
AACA5VFwAAAAAAAAy6PgAAAAAAAAlkfBAQAAAAAALI+CAwAAAAAAWB4FBwAAAAAAsDwKDgAAAAAA
YHkUHAAAAAAAwPIoOAAAAAAAgOVRcAAAAAAAAMuj4AAAAAAAAJZHwQEAAAAAACyPggMAAAAAAFge
BQcAAAAAALA8Cg4AAAAAAGB5FBwAAAAAAMDyKDgAAAAAAIDlUXAAAAAAAADLo+AAAAAAAACWR8EB
AAAAAAAsj4IDAAAAAABYHgUHAAAAAACwPAoOAAAAAABgeRQcAAAAAADA8ig4AAAAAACA5VFwAAAA
AAAAy6PgAAAAAAAAlkfBAQAAAAAALI+CAwAAAAAAWB4FBwAAAAAAsDwKDgAAAAAAYHkUHAAAAAAA
wPIoOAAAAAAAgOVRcAAAAAAAAMuj4AAAAAAAAJZHwQEAAAAAACyPggMAAAAAAFgeBQcAAAAAALA8
Cg4AAAAAAGB5FBwAAAAAAMDyKDgAAAAAAIDlUXAAAAAAAADLo+AAAAAAAACWR8EBAAAAAAAsj4ID
AAAAAABYHgUHAAAAAACwPAoOAAAAAABgeRQcAAAAAADA8ig4AAAAAACA5VFwAAAAAAAAy6PgAAAA
AAAAlkfBAQAAAAAALI+CAwAAAAAAWB4FBwAAAAAAsDwKDgAAAAAAYHkUHAAAAAAAwPIoOAAAAAAA
gOVRcAAAAAAAAMuj4AAAAAAAAJZHwQEAAAAAACyPggMAAAAAAFgeBQcAAAAAALA8Cg4AAAAAAGB5
FBwAAAAAAMDyKDgAAAAAAIDlUXAAAAAAAADLo+AAAAAAAACWR8EBAAAAAAAsj4IDAAAAAABYHgUH
AAAAAACwPAoOAAAAAABgeRQcAAAAAADA8ig4AAAAAACA5VFwAAAAAAAAy6PgAAAAAAAAlkfBAQAA
AAAALI+CAwAAAAAAWB4FBwAAAAAAsDwKDgAAAAAAYHkUHAAAAAAAwPIoOAAAAAAAgOVRcAAAAAAA
AMuj4AAAAAAAAJZHwQEAAAAAACyPggMAAAAAAFgeBQcAAAAAALA8Cg4AAAAAAGB5FBwAAAAAAMDy
KDgAAAAAAIDlUXAAAAAAAADLo+AAAAAAAACWR8EBAAAAAAAsj4IDAAAAAABYHgUHAAAAAACwPAoO
AAAAAABgeRQcAAAAAADA8ig4AAAAAACA5VFwAAAAAAAAy6PgAAAAAAAAlkfBAQAAAAAALI+CAwAA
AAAAWB4FBwAAAAAAsDwKDgAAAAAAYHkUHAAAAAAAwPIoOAAAAAAAgOVRcAAAAAAAAMuj4AAAAAAA
AJZHwQEAAAAAACyPggMAAAAAAFgeBQcAAAAAALA8Cg4AAAAAAGB5vp4eAAAAQF1y9NABxR45rIKC
Ak8PpV6z2WwKCQ3VgxMnq2mz5p4eDgAvcvTQAZ0+eUK52dly1DLLZrOpeXS0Bt43WC1atjJlfKg5
Cg4AAAATLVnwgQ7t3+vpYUCSr5+fGoaHa8r0Rzw9FABe4uL5c/rPn/6b8vPyTMts1jxKdrtd02c+
ZlomaoZHVAAAAEwU9+VVTw8BXykpLtaN1FRPDwOAl8i+eVOvv/IHU8sNSUpNSVZmRrocjtrOB0Ft
UXAAAACYKDAw0NNDwLcEBgV5eggAvMTC+e/q9InjLskuLSl1SS6qh4IDAADATIbh6RHgWwyuBwBJ
Rw7u1+b1X8hut7vuJMzg8DgKDgAAAABAnVVcVKTX//wHZWZkeHoocDEKDgAAAABAnfWvt9/UNdZH
qhcoOAAAAAAAddKendv1xWcrPD0MuAkFBwAAAACgzsnMzNDShR8qNzfH00OBm1BwAAAAAADqnHff
el0nY496ehhwIwoOAAAAAECdsm/3Tq3/fJWnhwE3o+AAAAAAANQZqSnJ+ucbr7p2S1h4JQoOAAAA
AECd4HA49OmSRfryymVPDwUeQMEBAAAAAKgTdm7drPWfr/b0MOAhFBwAAAAAAMvLSE/XO2+9rpyc
bE8PBR5CwQEAAAAAsDS73a7XX/mDEuPjPD0UeBAFBwAAgIlKS0o8PQQAqHd2bt2s7Zs3enoY8DAK
DgAAABOlp6d5eggAUK8kJyXqow/e8/Qw4AV8PT0AAACAuuTxp55R/LUv1TC8kaeHYhklxcXKy7ul
L69c1rkzp03NdrBNJFDnLXjvHV08f87Tw4AXoOAAAAAw0Zynn/X0ECypoCBfh/bt1a//709lN7GU
MGxMWAbqsrWrP9OWDes8PQx4CX7HBwAAgMcFBgYpKzPT1HJDksLCGpqaB8B7JCcl6u1X/6KiwkJP
DwVegoIDAAAAHldaUqLVKz41NbNp8+YaMWqMqZkAvENxcbHe/+ff2RIWZVBwAAAAwOM2b1inK5cu
mJZns9n01LMvqkFYmGmZALzH1o3rtWndF54eBrwMBQcAAAA8qqCgQPP/8ZZKS0tNy2zVpq3GTpxs
Wh4A7/Hllcv619/fkMPh8PRQ4GUoOAAAAOBRa1etUGpKsml5hmHoiXnPyteX9fSBusbhcOj1V/6o
G9dTPT0UeCEKDgAAAHhMQtw1rVr+iamZQ0aM1P2jx5qaCcA7fL7yU504dsTTw4CXouAAAACAx6xa
/omuXb1iWl5QcLAmT50hX18/0zIBeIf4uGv611tvqKSkxNNDgZei4AAAAIBHXLpwTts2bTA1c9j9
D2jgfYNMzQTgeUWFhXr3zdeUnX3T00OBF6PgAAAAgEcseO9dpd24blqev7+/Zs15UjYfH9MyAXiH
pQs/0M5tW0zJstlsunfwUAWHhJiSB+9BwQEAAAC3O3fmtPbv2WVanmEYGjFqjDp06mxaJgDvcPni
BdPW6jEMQ0OG36/Hn5qnzl27mZIJ70HBAQAAALey2+1a8K9/qqiw0LTMBmFheualH5iWB8A72EtL
9dc//I/S026YkhcV3ULf/8nP1LVHT7Vt18GUTHgP9s4CAACAW23fslF7d+0wNXPS1BlqHhVtaiYA
z1v+8WKdPnHclCw/Pz/97Fe/cf5ewSMqdQ8zOAAAAOA2ubk5+nzFclMz23fspEnTZpiaCcDzThw7
qnfefM20vCefe1F9+w90vvbzY7eluoaCAwAAAG6zYc1qxR45ZGrmgxMnK7pFS1MzAXhWfl6e3nnr
NRUXF5uS16Zde02f9ZgpWfBeFBwAAABwi4KCAi16/19yOBymZbZu207TZ802LQ+Ad1g4/12dPXXS
lCx/f3/94te/U3Awj6TUdRQcAAAAcIvlSz9SVmamaXmGYeip519kmjlQx5w5eUJrVi5XaWmpKXnT
Z81W1x49TcmCd6PgAAAAgMulp93Qx4sWmDp7o3l0tEaOGmtaHgDPy7uVqz/9z2+UnX3TlLwhw+/X
k8++YEoWvB8FBwAAAFxu6cIPlH0zy7S8oOBgvfijn8iw8ddZoC55583X9eWVy6ZkNQwP17wXv6+g
4GBT8uD9+BMBAAAALnXqeKy2b95kaubgYSM0dMRIUzMBeNbeXTu0bfNG0/Keeu4ldejU2bQ8eD8K
DgAAALjUyk+W6sb1VNPyDMPQ1IdnycfHx7RMAJ5VUJCvxR/M180sc9bp6dG7j6bMeMSULFgHBQcA
AABc5tD+vdq7a4epmVMfmaVeMX1NzQTgWa+/8kedOhFrSlbzqGj9+Of/QQlaD1FwAAAAwCXsdrve
f+dt5eflmZYZHBysRx57wrQ8AJ63Z+d2rV210pQsm82mOfOeU8fOXU3Jg7VQcAAAAMAl9u3eqXOn
T5mWZxiGRo2boOiWLU3LBOBZqSnJWvjeO6bljZ0wSWPHTzQtD9ZCwQEAAADT5ebkaP4/3pLdbjct
M7pFS82d97xpeQA879Mli3TuzGlTsoKCgjXn6WflHxBgSh6sh4IDAAAApvti1UpdvnjB1MyxEyap
SbNmpmYC8Jw9O7dr3eerTMkyDEMv/ujHatm6jSl5sCZfTw8AAAAAdcv1lBRtWrfG1MyuPXpq4tQZ
pmbCXEcPHdTShR+oVZs2stmq/jlqelqaQkJC9e//8SsXjg7eJjcnR6/+6X+Vm5NjSt6Y8ZP00MMz
TcmCdVFwAAAAwFSLPviXLl04b2rm9JmPKrJJE1MzYa7PV36qg/v26OC+PdV+r4+vr+a9+D01ahzh
gpHB29jtds3/x1u6kWrO9tFdunXXnHnPmpIFa+MRFQAAAJgmMSFea1YuNzWzddt2emDsOFMzYb6o
6BY1fm9EZKR8fPnstb7YuW2LVi1fZkqWYRia+fhctW7T1pQ8WBsFBwAAAEyz7KMFpi4s6uPjo2df
+oF8ff1MywTgOddTUrR0wfsqLS01JW/K9EcoQOFEwQEAAABTXLl0UWs+W2FqZu++/TX8gdGmZgLw
nHfees20XVPatGuv53/wsgzDMCUP1kfBAQAAgForLSnRwvnvqrSkxLTM8EaN9MS850zLA+BZ27ds
0taN603Jahgerqdf+J5CQkNNyUPdQMEBAACAWtu3e6cOH9hnambP3jGK6dff1EwAnpGSlKg3//In
0x5hGzN+ku5ndhe+g4IDAAAAteKw27Vs8ULlZGeblunj46MnnnleNh8f0zIBeEZpaak++nC+0m5c
NyWvR68+emzuUxKPpuA7KDgAAABQK+vWrNbpkydMzZw+6zF16dbd1EwAnrFlwzrTdlfy9fXVCz98
WRGRbBuNO1FwAAAAoMby8/I0/x9vmrr2hr+/v2Y+Pte0PACek5SYoLdf+4scDkets2w2m6ZMf0S9
+/LoGspHwQEAAIAaW/f5Z0q7ccPUzIlTp6tJ02amZgJwv9KSEr36x/+nzIwMU/J6x/TTMy9935Qs
1E0UHAAAAKiRpIQELXjvHVMzO3TqrMfmPm1qJgDP2LhujQ4f2G9KVuOICM1+ap5CQhuYkoe6iYID
AAAANfL5yk+VlZlpauaY8RPVtFlzUzMBuF9CfJzee/st03ZNmfrwLN0zaIgpWai7KDgAAABQbRfP
n9XWjetNzezYuYsmPjTN1EwA7mcvLdXf//aKabumdO3eQ3PmPWdKFuo2Cg4AAABU24fv/lOpKcmm
Zj4x7zk1CGtoaiYA91uy8AMd2r/PlKzIJk31s1/+RjYbt66oHL9KAAAAUC1nTp7Qgb27Tc3s0Kmz
Bg+/39RMAO6XmBCvT5d8pOLiolpn+fr6auJD09ShU2cTRob6gIIDAAAAVeZwOLTgvXdUXFxsWqaf
n7/mvfA9+fn5mZYJwP3spaV68y9/UmZGuil5vWL6sugwqoWCAwAAAFW2ffNG7d+zy9TMgfcN0pAR
I03NBOB+Kz9Zqn27d5qSFRIaqn/7+X8qMCjIlDzUDxQcAAAAqJL8/Dyt+nSZqZmNIyI0beZjpmYC
cL8Tx45o6aIPTcny8fHRD37yf9SmbTtT8lB/UHAAAACgSrZv3qTTJ4+bmnnf0OEaeN8gUzMBuFdp
aan++eZrupGaakpe75h+GjdpiilZqF8oOAAAAFCposJCLXjvn6auvREYFMTz9UAdsGj+uzp/9owp
WRGRkfrhT38uwzBMyUP9QsEBAACASi1d+IFSkpJMzZw87WG1at3G1EwA7nX54gV9vOhDlZhUfs55
+jm179jJlCzUPxQcAAAAuKu0G9f1yZJFcjgcpmUGh4Ro9pPM3gCsLDcnR2/97RXl5eWZkjdp6nQ9
9PBMU7JQP1FwAAAA4K4+XfKRcrKzTcszDEOzHp+rRo0jTMsE4H6LP5yvo4cOmpIV3qix5r34fdls
3KKi5vjVAwAAgAqdPX1KWzauMzWzddt2mjz9YVMzAbjX4QP7tGndF5JqP7PLPyBAP/z3/6PGEZG1
HxjqNQoOAAAAVGj18mWm7YzwtbHjJ3IjA1hYSXGx3nv7Td24bs7vDUOH369RD443JQv1GwUHAAAA
ynVgz25t37LJ1Mw+ffvr4dlzTM0E4F4L57+rs6dPmZLVqUs3fe/HPzMlC6DgAAAAwB3s9lJ98O7b
yjdp8UDp9tobj819WgEBgaZlAnCvA3t2a8F775iS5efnr+d/8LIimzQxJQ+g4AAAAMAd9u7aqfNn
z5ia2aN3H90zeIipmQDcJ+3GDS1Z8L5pOypNm/moBtx7nylZgETBAQAAgO/Iy7ulD955W3a73bTM
0AYNNO+F77FDAmBhSxd+oNijh03JatY8SnOffV6GYZiSB0gUHAAAAPiO1cs/0aUL503NHHjfYPUb
eK+pmQDc5/CBffpi1QpTsvz8/PTDn/5coaENTMkDvkbBAQAAAKeU5KSvtn40j6+vr6bPeszUTADu
czMrS3/539+ZtibPY3Of1tARI03JAr6NggMAAABOnyxeqMsXL5iaOWPWbPXqHWNqJgD3cDgcWrLg
fSUnJZqS12/gvZrx6OOmZAHfRcEBAAAASdL11BStXv6JqZkhoaGaOvNRiefsAUvasXWzVq8w5/cF
w7Bp3ovfU8PwcFPygO/y9fQAAAAA4B0Wvf8vFRcXm5r50IyZiopuYWomAPdIT0vT4g/eU96tW7XO
stlsmvHo4+rJbC64EDM4AAAAoKuXL2nd6s9MzWzWPEqz5sw1NROA+7z1tz/rwrmzpmTF9B+oF37w
silZQEUoOAAAAOq50pISLXzvHVNnb/j5+WniQ9PUMLyRaZkA3Gf39q3aunG9KVnNmkfp+e//SL5+
fqbkARWh4AAAAKjndu/croP79pqa2aFTZz308CxTMwG4R0pykub/8++m5c18fK669uhpWh5QEQoO
AACAesxut+uzZUuVm5tjau5jT85jIUHAgux2u5Yu+EBXLl00Je+eQYM1aep0U7KAylBwAAAA1GPr
16zWqROxpmYOvHeQho4YaWomvF9pSUnt3uswcTCosS9WrdCq5ctMyQprGK4f/ewXCggMNCUPqAwF
BwAAQD1VWFBg+tobkjRt1mPy8fExNRPeLzc3t8bvzcvLk91uN3E0qIkbqal662+vyOGofdvk4+Oj
J599Xi1btTZhZEDVsE0sAAD/n737jrOzLPPHfz2nTEsjJCFUAQVBVrAgqDTpAekIKAoLWAG7rmX7
97sqrutvXd3dnwqioCgCAkpH6YSOghRBqoKQ0EN6ZuaU7x9JkDAnZMozc8495/1+vca8cp/zXHPN
E2Lm+cxdoE1ddvEFMXfOk7nW3PrNb4kddn5XrjWJWDD/xVi0cFHUatVmt7KKUrkchUIhnp47N+69
685h11m6ZElcd9UV8eZt3xY9EyZE77JlOXY5coVCMbq6u2OtqVOjUBifPyOuVqvxve/8ZyxbujSX
ervvvU8ceOjhudSCwRJwAAC0oblPPhmnn/L9XGuuNXXt+PAJn8y1JhG/u+2W+M2lF8fDDz4Qzzz9
dNTrrTfToVatxpIlS0ZU4zvf/Hp09/RElmU5dZWfiRMnxcabvjZ232tWzNr/wGa3Myquv/rKuPaq
K3Kpte76G8T7jj42yh0dudSDwRJwAAC0ofPPOTNenPdCrjXf9NZt401v3TbXmkRce9UVccVll4z7
JRy1Wi0Wj2CZy2hatHBhPDV3TpTK5dht732iY5w9uP/l8cfi5P/9Tm7/jR37kePjdZu/PpdaMBTj
c34VAACr9cD998Xsa67OtWbPhAlx1HEfyrUmy/UuWzbuw41ULFqwYESbqbaier0e3/r6V+OpnJar
7fSu3WKfcTrLhdYn4AAAaDNn/PCUeGrunFxrHn7kUbH5Fm/ItSbLVautte9GO+uv9LfkEqGROP/s
M+PuO3+XS63NXr9FfOJzX8ilFgyHgAMAoI089MD9cfMN1+dac8KEibH/IYflWhMYfXPnPBk/PvXk
XEK0zq6uOOzIo2Ld9TfIoTMYHgEHAEAb+cmpp+Q+I+C9Rx8TM9ZZJ9eawOiqVCrxvW//ZyyYPz+X
envsvU/sve9+udSC4RJwAAC0iVtunB2zr813741NX7dZHHbkB3KtCYy+X57z87j+mqtyqbX2tOnx
sU9+JgrFYi71YLgEHAAAbWDx4kVx9k9/kmvNcrkj9tn/oOjpmZBrXWB0PfTA/XHOz86YIN+LAAAg
AElEQVTIpdaECRPj01/8+5iy1tRc6sFICDgAANrAby65OP5wz1251tzyb/4m9jvokFxrAqOrVqvF
f/37SfHsM0/nUu9de+4V79p9z1xqwUgJOAAAxrklSxbHeWefGX29vbnVzLIsjnj/0TFx0qTcagKj
71e/OCv+eN8fcqm1+RZviGM/cnwutSAPAg4AgHHu3DN/Gk/+5fFca759h53i7TvunGtNYHT9+dFH
4pT//e+o1fLZaPi4j50Q68xcN5dakAcBBwDAOPbcs8/EuWedGfV6PbeahUIhjvrgh6OjoyO3msDo
WrpkSfzvt74Zy5YtzaXe337oo7HDzu/KpRbkRcABADCOnfvzn8WC+S/mWnP7d+4Yb9zmzbnWBEbX
mT/5Udz5u9tzqbX5Fm+Ioz/4kVxqQZ4EHAAA49R9994dV15+Sa41p669dnzg2A/lWpNXVy6Xm90C
L5Nl6T1C3Xfv3XHZhRdEtVIZca2pa0+L4z/1mSibwUULSu9vJwAAg3LBuefEc88+m2vNd+60S2z9
5rfkWpNXN23GjGa3wApT154W5Y60AqeVp6Y89+wzudR794EHx7bbvyOXWpC3UrMbAAAgf7fcMDtu
vP7aXGvOXHe9OO5jJ+ZakzXbepu3xI677BpPPP5Ys1tZvSyLx/706IhKTJs+IyZOnJhTQ/kqlkqx
9rTp8Y4dd4pSKa2A46c/+kE89MD9udR663bbx99+6KO51ILRIOAAABhnarVanPaD78WihQtzrTtr
vwNixjozc63Jmr1jp53j7TvuFH29vVGr1ZrdziqKpWJkWSHmPPlEfOUfvxQPP/jAsOpkWRYnfubz
sd07d4iengnR39eXc6cjUywWo9zREVmWNbuVIbnt5pvil784K5daPRMmxMc/+4Xo7OrKpV4rmDfv
hVzrZQULJJpNwAEAMM7ccO3V8eD9+fzEdqWOzs448D1H5FqTwcuyrKUfLDfeZNPYfMs3DDvg6O7u
jjdvu11MnjwlIiJKJY8pI7Vw4YI464zTYt4L+TzET58+I3p7l0V/X18UisXlgVu9tQK3wSgVS1Eo
LA/lHrj/vtzqPvrwQ/Hs00/HtBnTY+nS4Z9UUygUorOzKwrCkmHx/xwAAONIb++y+MkPT4l6jg8e
xWIxjv7gR2K6vSB4FVOnrj3saydOnpzc3hat7senfD/u/G0+p6ZERDz//HNx0r/8Y5TK5aj09+dW
t2myLNdlX7ffclOccNwHoqure8S1ZsxcN3bba+848NDDc+isvQg4AADGkfPP/vmwf4q+Oq/ZZNM4
4gNH51oTGD133/m7+NW5Z0e9Xs+t5uJFi2LxokW51RtvqtVqbps6P/GXx2P69BkCjmEw7wUAYJx4
7tln48rLL8297oGHHh6dna27PAL4qxfnzYtT/v//jkoOR8LSPM8//1yzW0iSgAMAYJy48Lxz4pGH
Hsy15vbv3DFm7X9ArjWB0XPdVVfEvXf9vtltMEKVyjhYBtQEAg4AgHHg2WeeiXPP+lnudQ878qjo
6ZmQe11gdMyd82SzW4CmEXAAAIwDp5/yvViyeHGuNbfd/h2x7fZvz7UmMLrqLXaUMIwlAQcAQOIe
euCP8ZtLL861ZndPT3zkxE9GsVjMtS4wujLHi9LG/NcPAJCwaqUSP//JadHf35dr3e3e/s7Y8m/e
mGtNABhNAg4AgITdcuPsuO3mG3OtOX3GOvG+vz0215oAMNoEHAAAiapWK3HBeefEooULc627x977
xFZv3CbXmgAw2gQcAACJuvSCX8VtN9+Ua831NtggDjrsvbnWBICxIOAAAEjQ0iVL4ozTfpB73YMP
e2+sv+GGudcFgNEm4AAASNBlF18Qzzz1VK41p02fEQe+5/BcawLAWBFwAAAk5umn5sYZP8x39kap
XI7D339UdHf35FoXAMaKgAMAIDG/OPOnMe+F53OtOXPmunHI4e/LtSYAjCUBBwBAQv70yMNx0+xr
c6/7weM/Hp1dXbnXBYCxIuAAAEjIj089OeY88USuNXfedffYebfdc60JNMeiRfkeG01zlErlZreQ
pFKzGwAAYHAeuO8Pcd1VV+Red/9D3hMdHZ251wXGXr1Wj4iI7p6eKBU97r1SrV6L/v7+6OvtHZX6
5XJHdI1gNlxfX1/0TOiJdddbL8eu2of/4gEAElCv1+PHp54c9Xo917rbv3PHePsOO+VaE2iez37p
H+KIo/42Ojs6IrKs2e20pP6+vvjTIw/Hd7/9n/HU3Dm51HzTW7eNQw5/X7x289dHR0fHsOvUa/Uo
Fosxea0pufTVbgQcAAAJ+O2tN8dNs6/LteakSZPjo5/4dK41geYqlcux8SabNruNlrfRxpvEtVdd
kVvA8fot3xA7vWu3KJUtLWkme3AAALS4xYsXxVlnnJ573e3euUNs9votcq8LkIL11t8gt1rlcodw
owUIOAAAWtw1V/wm7r37rlxrzpg5M4758MdyrQmQklIp3wUNeS8hZOgEHAAALWzpkiXxy3N+Hr3L
luVa98BDD4+NN31trjUB2pqAo+kEHAAALeysM06PPz3ycK41N9joNTHr3QfkWhMAmk3AAQDQol54
/vk496yfRa1Wy7XuoUccGeusu26uNQGg2QQcAAAt6tyf/zQWL1qUa82NXrNx7H/Ie3KtCQCtQMAB
ANCC7rvn7jjnZz/JtWZnZ2cc8t4jo7OzM9e6ANAKBBwAAC2mXq/HeWefGZVKJde6m22xZRxwsNkb
AIxPAg4AgBZz8+zr47abb8q1Zrlcjg8c86Eod3TkWhcAWoWAAwCghdTr9Tj9B9+PhQvm51p3x3ft
Ftu945251gSAViLgAABoITfPvj4eeuD+nKtm8b6jjzV7A4BxTcABANAiqtVq/PS0U6Ner+dad9c9
94ott/qbXGsCQKsRcAAAtIgLz/tF3Hfv3bnW7O7pieM+ekKuNQGgFQk4AABawNNPzY2Lf3Ve7nV3
2mW32HjT1+ZeFwBajYADAKAFXHDuOfHIQw/mWnPjTV8bx33M7A0A2oOAAwCgyZ5+am5ccsH5udfd
Y+99Yv0NN8q9LgC0IgEHAECTnfGjH8T8F1/MtebUtdeO/Q95T641AaCVCTgAAJroz48+Eldcekmu
NQuFQhz3sRNj7WnTc60Lr2bpkiXDvnbZkqVRr+V7ehDQfgQcAABNUqvV4men/TB6e5flWvc1m2wa
+x14SK41YU3mPPnEsK9dsGB+VCqVHLsB2lGp2Q0AALSrG6+/Nm664brc6x559LFRLPk2j7H1mS/+
Q1x/zZUxY52ZkWXZoK9buHBB9PT0xLTpZhwBI+NfPgCAJqj098eF5/0iFi9alGvdHXfZNXaftW+u
NWEw1ttgg3jvUcc0uw2gjVmiAgDQBJdc8Mv43W235lqzq7s7DjrsiCiXy7nWBYAUCDgAAMbYkiWL
46ennRq1WjXXujvvuntsu93bc60JAKkQcAAAjLHfXHpxPPvM07nW7OjoiPcedYy9NwBoWwIOAIAx
9OK8eXH2GT/OtWaWZbHzbnvEZq/fIte6AJASAQcAwBj61blnx9w5T+Zac/KUKfGh4z+Ra00ASI2A
AwBgDBWGcHzmYO17wMGx/oYb5l4XAFJikSYAwBjae78DYsmSJXH5xRfG/BfnRb1eH1G9TV+3WRx0
2BE5dQcA6TKDAwBgDK273vpx/Kc+Gyf/5Mx494GHRFdX94jq7TFr31hv/Q1y6g4A0iXgAABogpnr
rhdf+Kd/jR/9/Nw47MijYu1p04ZcY70NNojD33/UKHQHAOkRcAAANNH6G24Yn/jcF+Kr/9+3Y7+D
Do21pq49qOuKpVIc99ETorOza5Q7BBifFiyYn1utjo6OyAoer5vNHhwAAC1gqzduE1u9cZvY564D
44wf/iB+f8dvo6+3d7Xv3+g1G8ces949hh0CjC/rzFw3Ojs7Y+ra06JQHF44sXjRolh72vTYautt
cu6O4cgemDtvZDtbAQCQu3vuujNOP+V78bvbbh3wWqlcjn/6t5Ni1z33bkJnANCaBBwAAC2qUqnE
HbffGheef27ccO3VL43vvtes+Id/OylKJZNxAWAlAQcAQIvr6+2N66+5Mi46/7yYP//F+OI//R/T
oQHgFQQcAAAJmffC8zF17aGfuAIA451tXgEAEiLcAIDGBBwAAABA8gQcAAAAQPIEHAAAAEDyBBwA
AABA8gQcAAAAQPIEHAAAAEDyBBwAAABA8gQcAAAAQPIEHAAAAEDyBBwAAABA8gQcAAAAQPIEHAAA
AEDyBBwAAABA8gQcAAAAQPIEHAAAAEDyBBwAAABA8gQcAAAAQPIEHAAAAEDyBBwAAABA8gQcAAAA
QPIEHAAAAEDyBBwAAABA8gQcAAAAQPIEHAAAAEDyBBwAAABA8gQcAAAAQPIEHAAAAEDyBBwAAABA
8gQcAAAAQPIEHAAAAEDyBBwAAABA8gQcAAAAQPIEHAAAAEDyBBwAAABA8gQcAAAAQPIEHAAAAEDy
BBwAAABA8gQcAAAAQPIEHAAAAEDyBBwAAABA8gQcAAAAQPIEHAAAAEDyBBwAAABA8gQcAAAAQPIE
HAAAAEDyBBwAAABA8gQcAAAAQPIEHAAAAEDyBBwAAABA8gQcAAAAQPIEHAAAAEDyBBwAAABA8gQc
AAAAQPIEHAAAAEDyBBwAAABA8gQcAAAAQPIEHAAAAEDyBBwAAABA8gQcAAAAQPIEHAAAAEDyBBwA
AABA8gQcAAAAQPIEHAAAAEDyBBwAAABA8gQcAAAAQPIEHAAAAEDyBBwAAABA8gQcAAAAQPIEHAAA
AEDyBBwAAABA8gQcAAAAQPIEHAAAAEDyBBwAAABA8gQcAAAAQPIEHAAAAEDyBBwAAABA8gQcAAAA
QPIEHAAAAEDyBBwAAABA8gQcAAAAQPIEHAAAAEDyBBwAAABA8gQcAAAAQPIEHAAAAEDyBBwAAABA
8gQcAAAAQPIEHAAAAEDyBBwAAABA8gQcAAAAQPIEHAAAAEDyBBwAAABA8gQcAAAAQPIEHAAAAEDy
BBwAAABA8gQcAAAAQPIEHAAAAEDyBBwAAABA8gQcAAAAQPIEHAAAAEDyBBwAAABA8gQcAAAAQPIE
HAAAAEDyBBwAAABA8gQcAAAAQPIEHAAAAEDyBBwAAABA8gQcAAAAQPIEHAAAAEDyBBwAAABA8gQc
AAAAQPIEHAAAAEDyBBwAAABA8gQcAAAAQPIEHAAAAEDyBBwAAABA8gQcAAAAQPIEHAAAAEDyBBwA
AABA8gQcAAAAQPIEHAAAAEDyBBwAAABA8gQcAAAAQPIEHAAAAEDyBBwAAABA8gQcAAAAQPIEHAAA
AEDyBBwAAABA8gQcAAAAQPIEHAAAAEDyBBwAAABA8gQcAAAAQPIEHAAAAEDyBBwAAABA8gQcAAAA
QPIEHAAAAEDyBBwAAABA8gQcAAAAQPIEHAAAAEDyBBwAAABA8gQcAAAAQPIEHAAAAEDyBBwAAABA
8gQcAAAAQPIEHAAAAEDyBBwAAABA8krNbgAAAID09fb2xq/O+0X86ZFHBry27/4Hxpve8pYmdNU8
7sfYE3AAAAAwIn957LH44cnfi7lz5zR8fdGihWPcUXO5H80h4AAAAGBY6vV6XH3lb+K8s8+KarXa
7Haazv1oLgEHAAAAQzb/xRfjxz86Nf5wz93NbqUluB/NJ+AAAABgSO69+644/dRTYuFCSy0i3I9W
IeAAAABgUPr6+uKX554TV1/xm2a30hLcj9Yi4AAAAGCN5jzxRJx68vfiySf+0uxWWoL70XoEHAAA
AKxWvV6P6665On7x859FpVJpdjtN5360LgEHAAAADS1csCDOOP1HcdeddzS7lZbgfrQ2AQcAAAAD
3HfvPXHaqafEgvnzm91KS3A/Wp+AAwAAgJf09/fHheefF7+5/NJmt9IS3I90CDgAAACIiIin5s6N
U0/+bvzlscea3UpLcD/SIuAAAABoc/V6PW64/ro4+8yfRn9f35CunTx5SixYML6WbbgfaRJwAAAA
tLHFixbFT398Wtzx29uHdF2pVIrD3ndk9PRMiB+d8v1R6m7suR/pEnAAAAC0qYcefCBO/d5348UX
5w3pug03ek186GMnxPobbBC33XLzKHU39tyPtAk4AAAA2lSlUhnyw/yes/aJgw89LModHaPUVfO4
H2krNLsBAAAAmuMNW/1N7LbHXoN67+QpU+LTn/9CHP6+94/bh3n3I21mcAAAALSxQw47PO65+654
7tlnVvuet2y7bXzgmA/GpEmTxrCz5nA/0mUGBwAAQBvr7OqKYz/8kciybMBr5Y6OOOqY4+JjH/9U
2zzMux/pEnAAAAC0uc1fv0XsNWvfVcY23mST+Kf/85XYedfdGj7sj2fuR5osUQEAACAOOOTQuPuu
O+Ppp56KWe/eLw44+JAolcrNbqtp3I/0CDgAAACIjo6O+OBHT4jeZUvj9Vu+odntNJ37kR4BBwAA
ABGxfBkGf+V+pMUeHAAAAEDyBBwAAABA8gQcAAAAQPIEHAAAAEDyBBwAAABA8gQcAAAAQPIEHAAA
AEDyBBwAAABA8gQcAAAAQPIEHAAAAEDyBBwAAABA8gQcAAAAQPIEHAAAAEDyBBwAAABA8gQcAAAA
QPIEHAAAAEDyBBwAAABA8gQcAAAAQPIEHAAAAEDyBBwAAABA8gQcAAAAQPIEHAAAAEDyBBwAAABA
8gQcAAAAQPIEHAAAAEDyBBwAAABA8gQcAAAAQPIEHAAAAEDyBBwAAABA8gQcAAAAQPIEHAAAAEDy
BBwAAABA8gQcAAAAQPIEHAAAAEDyBBwAAABA8gQcAAAAQPIEHAAAAEDyBBwAAABA8gQcAAAAQPIE
HAAAAEDySs1uAAAAgOa54vLLol6vD/v6x/78pzW+596774rFixYN+3NMnjw53rHjTsO+fijcj3Rl
D8ydN/w/OQAAAJJ2woeOi1qt2uw2XtWmr31dfPmf/3VMPpf7kS5LVAAAAIDkCTgAAACA5Ak4AAAA
gOQJOAAAAIDkCTgAAACA5BWyZncAAAAAMAJZRBSyTMQBAAAApCvLssgefvrFerVWb3YvAAAAAMNS
LGRRKJjBAQAAACSskAk4AAAAgMQVsiwKRduMAgAAAAkrFrIoFAtOigUAAADSVSwUBBwAAABA2oqF
QhTKAg4AAAAgYeVCIQqlooADAAAASFepWIhCWcABAAAAJKy8MuBwUiwAAACQoixbEXBERHQUi83u
BwAAAGDIVmYaywOOkoADAAAASM/KTKMQEdEp4AAAAAAS1LlKwFEuNbUZAAAAgOFYmWkUIiK6SkUb
jQIAAABJybLlmUbEioAjIqLLLA4AAAAgIS/PMl4KOLoFHAAAAEBCugUcAAAAQOoaBhxd5VIUCzbi
AAAAAFpfsZA1XqISEdHTUR7zhgAAAACG6pUZhoADAAAASM6rBhwTOsqOiwUAAABaWpYtzzBerjDw
DR1j2hQAAADAUEzo6BgwQaPwyjdN7LJMBQAAAGhdjbKLAQHHhI5ylAoDhgEAAACarlQoDFieEtEg
4IiImNhlmQoAAADQelaXWTQMOCYLOAAAAIAWtLrMomHAUS4WYkKnvTgAAACA1jGhsxzlYuNtNVa7
2cbkrs5RawgAAABgqF4tq1htwNHTUYqucmlUGgIAAAAYiq5yKXo6Vp9TvOpxKVO67cUBAAAANN+a
MopXDTgmdnZEZ6mYa0MAAAAAQ9FZKsbEzhEEHBERa/XYiwMAAABonsFkE2sMOCZ2dtiLAwAAAGiK
rnJpjbM3IgYRcERETO3pGnFDAAAAAEM12ExiUAFHT0cpJnaWR9QQAAAAwFBM7Cy/6skpLzeogCMi
Yu0J3cNuCAAAAGCohpJFDDrgKBcLsfYES1UAAACA0bf2hK4oFwcdWww+4IhYvu7FsbEAAADAaOos
FYe8H+iQAo6IiGkTLVUBAAAARs9wsochBxzd5VKs5VQVAAAAYBSs1dMV3eXBbSz6ckO/IiKmTeiK
Zf2VWNZfGc7lAEATzHnyybjy15fFvffcHfNffLHZ7YyqKWutFW/cepvYc9a+sf4GGzS7HQBgkLrK
pZg2zP0/s0qlXh/Ohb2Vajwxb+GwPikAMLZuv/WWOPX73212G03x4eNPjO3e/o5mtwEADMKGUycN
e+/PIS9RWamzVIwZk3qGezkAMEbmPPlk24YbERGnfv+7MefJJ5vdBgCwBjMm9YzoYJNhBxwREZO7
OmJKd+dISgAAo+zKX1/W7Baazj0AgNY2pbszJnd1jKjGiAKOiIjpE7uju2NYW3kAAGPg3nvubnYL
TeceAEDr6u4oxfQcTmwdccARETFzUk+Ui7mUAgByNt43FB0M9wAAWlO5WIiZOW1/kUsqUSwUYp3J
EyLL8qgGAORpylprNbuFpnMPAKD1ZFnEOpMnRLGQz4SJ3KZddJWKMXPyhLzKAQA5eePW2zS7haZz
DwCg9cycPCG6RrCp6Cvluq5kQkc51nGyCgC0lD1n7dvsFprOPQCA1rLOpJ6Y0FHOtWbuG2dM6uqI
GROFHADQKtbfYIP48PEnNruNpvnw8SfG+hts0Ow2AIAVZkzsiUkjPDGlkaxSqddzrxoR85f2xnOL
lo5GaQBgGOY8+WRc+evL4t577h73m25OWWuteOPW28Ses/YVbgBAC5k+sTumdHeOSu1RCzgiIhYs
7YtnFy0ZrfIAAABAImZM7InJ3fnP3FhpVM92ndzdYU8OAAAAaHPrTBrdcCNilGdwrLS4rz+eXrA4
Rv8zAQAAAK0iy5aflpL3hqINP9dYBBwREcsq1XhmweLor9bG4tMBAAAATVQuFmKdnI+CfTVjFnBE
RFRrtXh64ZJY2lcZq08JAAAAjLHujlLMnNQTxcKo7oyxijENOFZ6btHSmL+0d6w/LQAAADDKpnR3
xvSJ3WP+eZsScERELFjWF88udMIKAAAAjBczJvXE5K7R3Ux0dZoWcERE9Faq8dyipbGs35IVAAAA
SFVXuRTTJ3ZH5xjtt9FIUwOOlZ5fvCxeXLKs2W0AAAAAQ7RWT1dMm9DV7DZaI+CIiFjaX4nnFy2N
3kq12a0AAAAAa9BZKsa0id3RXS41u5WIaKGAY6V5S5bFC4vN5gAAAIBWtfaErpja0/xZGy/XcgFH
RER/tRYvLF4ai3r7m90KAAAAsMLEznKsPaE7ysWxO/51sFoy4FhpSV8l5i1ZZhNSAAAAaKKucimm
9nRFT0drLEdppKUDjpUW9fbFi0t67c8BAAAAY6izVIy1ejpjYmdzjn4diiQCjpUW9fbF/KV9ZnQA
AADAKOoql2JKd0cSwcZKSQUcKy3pq8SCZb2x2B4dAAAAkJsJneWY3NXZ0ktRVifJgGOl/motFizr
i0XL+qJSqzW7HQAAAEhOqVCIiV0dMbmroyU3Dx2spAOOl1vc1x+LlvXH4r6+GB9fEQAAAIyOLIuY
0NERE7vKMaGj3Ox2cjFuAo6V6vXlYceSFR/V2rj68gAAAGBYioUsejrK0dOxPNTIsmZ3lK9xF3C8
0rL+Sixd8bGsv2J2BwAAAG0hy5ZvFtq94qOrnN6+GkMx7gOOV1pWqUZvfyV6K9Xoq1Sjr1oVegAA
AJC0LIvoKBajo1SMzlIxOsul6CoVm93WmGq7gKOR/mot+qu1qFRr0V+rRfWlj3rU6ss/6vWIer0e
bX+zAAAAGBNZRGRZFlkWUciyKGRZFAtZFAuFKBYKUS4UolQsRHnFR7sTcAAAAADJE/EAAAAAyRNw
AAAAAMkTcAAAAADJE3AAAAAAyRNwAAAAAMkTcAAAAADJE3AAAAAAyRNwAAAAAMkTcAAAAADJE3AA
AAAAyRNwAAAAAMkTcAAAAADJE3AAAAAAyRNwAAAAAMkTcAAAAADJE3AAAAAAyRNwAAAAAMkTcAAA
AADJE3AAAAAAyRNwAAAAAMkTcAAAAADJE3AAAAAAyRNwAAAAAMkTcAAAAADJE3AAAAAAyRNwAAAA
AMkTcAAAAADJE3AAAAAAyRNwAAAAAMkTcAAAAADJE3AAAAAAyRNwAAAAAMkTcAAAAADJE3AAAAAA
yRNwAAAAAMkTcAAAAADJE3AAAAAAyRNwAAAAAMkTcAAAAADJE3AAAAAAyRNwAAAAAMkTcAAAAADJ
E3AAAAAAyRNwAAAAAMkTcAAAAADJE3AAAAAAyRNwAAAAAMkTcAAAAADJE3AAAAAAyRNwAAAAAMkT
cAAAAADJE3AAAAAAyRNwAAAAAMkTcAAAAADJE3AAAAAAyRNwAAAAAMkTcAAAAADJE3AAAAAAyRNw
AAAAAMkTcAAAAADJE3AAAAAAyRNwAAAAAMkTcAAAAADJE3AAAAAAyRNwAAAAAMkTcAAAAADJKzW7
AQAAABgPavX6Sx/12vLf16Me9Xq89OtKWRaRRbb81yyLQmSRFSIKWfbSB0Mj4AAAAIBhqNXrUa3V
o1arR7Vei2qtvuaLVlgZekQ9YsX/RFT/+nqxkEWxUIhClkWxIPAYjKxSqQ/+TwAAAADaWL1ej0qt
HtVaLSq1etTH4JE6y7IorQg8SoUsMmFHQwIOAAAAWINqrR6VWi0q1VrUmvgYXciyKBULUSoUolgQ
dLycgAMAAABWo1qrR3+1FpVabUxmawzWylkd5WJR0LGCgAMAAABeYeWMjf5qNVr5qTnLIsrFohkd
IeAAAACAl9TrEf3VavQ3eSnKUBWyLMrFQpSLxWjXLToEHAAAABDLZ230VatRqdaa3cqwlYqF6CgW
olgoNLuVMeeYWAAAANpeX7Ua/ZW0Zm00UqnWolarR7lUj45isdntjCkBBwAAAG2rVl++iWhfpdrs
VnJTq9ejt3/53iHlYiEKbbJmRcABAABAWxoPS1JeTV+lGrX68pkc7bABqYCDUXfLrbfEFVdcOaRr
Xve618X7jzxylDoCAADaXbVWj95KNaq18RlurFSp1iLqER2l8R9yCDgYdT8/65DoFQQAACAASURB
VKw4/5e/HNI17zn0UAEHAAAwKqq1WvRWauM+3FipUqtFvVKPjtLy42THq/H7ldESFixYEJdcemmz
2wAAAIiI9pm58UrVWj36KtWo1tLeRPXVCDgYVbfedmv09vY2uw0AAIC2eMh/NeP96xdwMKquvOqq
ZrcAAAAQtfqKDUXbbObGK1VqteirVpM/DrcRe3AwahYvWRwXXXxxw9c+9clPxsavec1qr505c+Zo
tQUAALSh/mpt3J6WMlSVai0KWRadpWKzW8mVgINRc/vtt8fChQsHjE+ZMiU+fsKJ0dPT04SuAACA
dtNXrUZfpdrsNlpKX6UaWRbRURw/IYeAg1FzzbXXNhw/+KCDhBsAjCtLly6N9x55ZPz5sT+/NDZh
woT41Xnnm5UIY+iY446NO3//+1XGdtt11/jOf327SR3RCiq1WvRXzNxopL9Si2KWRXGcnKwyPr4K
Wk5vb29ccOGFDV/ba889x7gbABhdP/7JT+LO398Z8+bNe+njiSeeiP/6jocqGEu9vb2r/D2cN29e
9PX1Nbstmqgey5emjMf9JvKwfF+SWoyX2yPgYFTccecd8fzzzw8YnzJlSmz3tu2a0BEAjI4///nP
8a1v/1fD13525plx8y03j3FHAKzUX6nad2MNKtVa9FfHx/IdAQejYnXLUw45+GDLUwAYN+r1enzj
m/8RS5cuXe17vvK1r8WyZcvGsCsAIpYfidov3BiU/mptXBwdK+Agd5VKJS5czfKUPffYY4y7AYDR
85srroiLL7nkVd9zzz33xBk/++kYdQTAShVLUwatVq+Pi5kuAg5y9/u77oon58wZMD516lTLUwAY
NxYuXBhfPelrA8bfe8QRA8a+9a1vxeOPPz4WbQEQK2Zv1MbHsoux0l+rJj+LQ8BB7q69rvHylIMO
PNDyFADGje+fcnL8+c9/XmVs13ftGt/4+r/HoYccssr4osWL4xvf/GbU/SQRYEz0j6ONM8dKvR7J
78Uh4CBX1Wo1Lrro4oavWZ4CwHhx/x/vj//+n/8ZMP7FL3whisVifPbTn4nOzs5VXrvwogvjqquv
HqsWAdpWtVaPitkbw1Kp1ZOexSHgIFd/+MMf4tE/PTpgfOrUqbH9dts3oSMAyFe1Wo2vnfT1AeMf
PO642PqNb4yIiE022SQ+9clPDnjPV7/21Vi0aNGo9wjQzio1szeGq16vR6WW7l4cAg5ydf0NsxuO
H3TggdHd3T3G3QBA/i648MK47vrrVhmbMmVKnHj8CauMHXfMsbHxxhuvMvbIo4/GD3/0o1HvEaBd
1cfJZpnNVKnWkl1SKeAgN/V6PS666KKGr+21555j3A0A5O/555+Pr3/j3weM/93nPh8zZ85cZWzS
pEnx5S9+ccB7v/3f34mHHnpo1HoEaGeVWt3JKSNUq9ejkugyFQEHuXnggQfivvvvHzDu9BQAxov/
+d//jaeeemqVsS232LLhySkREfvus2/svPPOq4xVKpU46d+/HrWEpwADtKqq/2/NRar3UcBBbla3
POXggw6yPAWA5N1x553xw9MGLi/58pe+tNp/54rFYnzp774wYPzKq66KSy69JPceAdpZyjMPWk2q
M2FKzW6A8eOSSxp/o+b0FPirarUac+bObXYbg7b+eutFsVhsdhvQdH19ffHVr311wPjee+0du++2
26te+6Y3vSmOO/bYOO3001cZ/9pJJ8VOO+4UU6dOzbVXgHZVrdWT3Tui1dTry09TKRSzZrcyJAIO
cvHIo4/GHXfeOWDc8hRY1Qvz5sUOO+3Y7DYG7d677o4pU6Y0uw1ourPPOSdu/+1vB4z/3ec/F1m2
5m/+Pn7CiXH+L38Z8+fPf2nsyTlz4rvf/17849//Q669ArSrmtkbuTKDg5a1eMniOOHEExv+pf/K
v/3f2HSTTUdU/8Ybb2g4bnkKAKmbM2dOfOOb/zFg/ITjj483bPmGQdWYOXNm/N3nPh///K//ssr4
908+OQ7Yb//YZpttcukVoJ1V62nuG9Gqlu/DkdZMXgFHm5jQMyEmTZocF1504YDXZs+ePeKA49LL
Lms4vtceTk8BIG3f+vZ/rTLzIiJixvTp8dGPfHRIdd733vfGWWefFX+4775Vxr960tfizJ/+LEol
35bBSBWLA/8eFQppPaAxPLUVSyrIT3XFPhyFQcxUbBU2GW0j+8zau+H45b/5zYjq/uWJJ+LGm24a
MD516tR429veNqLaANBMs2fPjrPPOWfA+Oc/9/mYPm3akGp1dXXFl774pQHjN99yS5x73nnD7hH4
q66urgFj3d0Dxxh/mrGc4ta7r4xLrj0jHp/74Kh+nj/+6c741VU/jHsevGVUP08jqS1T8aOCNrLD
O3eIUqkUlUpllfHZs2fH3LlzY7311htW3RtvvLHh+CEHH2x5CjTwan8vli5dOuRr1qRWq0Vvb++A
8c7OzigU5NywOkuXLo2vnvS1AeNbb711HH7YYcOqueu73hX777dfXPyKjbn//T++Ebvvtluss846
w6oLLNc44PD9aDsY6wfxx+c+GHOffSwiIu64b/lpkq9Z7/W5f5477rs+Hp/7UEREPPKXP8R6MzaO
6VOH99w2HAIOWta0adNin1mzBnxTFRFx0803x3sOPXRYdS+7vPHylD13d3oKvNKM6dPjwfv/uNrX
P/O5z8Z555+/ythGG20UN81uvM/NYNx+++1x6OEDH8Z+cPIpsduuuw67Lox3p//4x3Hf/fcPGP/7
L34pOjo6hlUzy7L4/Gc/F5f/+ter/MDh+eefj29/5ztx0tcGBirA4DWarSHgaA9jvf1GT9ekVX4/
GiHHy8ON1X3e0VZPbBsOAUebmbV344DjqquvGlbA8fTTT8fV11wzYHzq1Kmx3XZOTwEgTf39/TFx
4sT4yv/9t1XGJ0zoiZ122mlEtTfbbLM4+XvfizlzBh4ZPX/+fCcXwQg0msHRaIzxpxZjO9Ng+tT1
YqP1No+/vCyAyDPkaBRuvHWrnaOne+KIaw/FWN/XkRJwtJkdd2x8POVll18+rG+qGu29EbF8eYp/
TABIVblcjqOPOmrU6u+9V+N9sYCRaRhwdPqetB3Um7CUYtutdomIyD3kWF24MRpLYNakGfd1JCy+
bjMzpk+PfWbtM2C8UqnErbfdOuR6V1x5RcNxy1MAABhrnZ2dA8b80K09NOs5fNutdomN1tt8lbE7
7ps97I1HWynciGjefR0uAUcb2mfWrIbj11xz7ZDqvPDCC3H5r389YHzatGmWpwAAMOYsUWlfzZxp
kFfI0WrhRkREPbElKgKONrTTapapXHTJxas9waGRm2+5ZcCJLBERBx94kH9IAAAYc41mcDQaY/xp
9mP4SEOOVgw3IszgIAEzZ86Mvfbcc8D4/Pnz43d33DHoOqtbnrLH7rsPuzcAABiuLktUaKLhhhyt
Gm6kSMDRpvbdd9+G49fPvn5Q1y9cuDAuvWzg8bCWpwAA0CydDTYU7Rzmsc4wHEMNOYQb+RJwtKmd
d2x8xN1FF18c1Wp1jdffcustDZezWJ4CAECzdDQIMyxRaQ9Z1uwO/mqwIUcK4UYr3dfBEHC0qXXX
XTd223XXAeNPPPFE3HPvPWu8/qqrr244vsceTk8BAKA5nKLSvrJorSfxNYUcKYQbEa13X9dEwNHG
3r3vuxuOXz979qtet3jJ4rjwoosGjE+bNi22e9vbcukNAACGqtEMjkZjjD+tONNgdSHHDb+7JIlw
I6I17+urEXC0sZ13brxM5ZJLLnnVY5Z++9vfxsKFCweMH3LQwRJyAACaptF+G5aotIesRZ/EG4Uc
z7341Cq/b9VwI6J17+vqCDja2AbrbxC77LzLgPH77r8/Hn744dVed8011zYc393pKQAANFGjMKND
wNEWCi28lKJRyLFSK4cbEa19XxsRcLS5/d7deJnKjTfd1HC8t7c3LrzowgHjlqcAANBsHZ2NZnBY
otIOWn2iQaOQo9XDjYiILLHEoNTsBmiunXdqvEzlsssvi2OPOWbA+B133hHPPvfcgHHLUwAAaLaJ
EybG9ttvv8pYd1d3k7phLBUKLZ5wxPKQY0L3xHj2hadi4/U3a/lwIyKi0OrJ0SsIONrcRhttFDvu
sMOAGRs33XxzPPHkk7HhBhusMn7tddc1rOP0FAAAmm2zzTaL8875RbPboAlSeRDfctO3xpabNruL
wUvlvq6U2IQTRsN+796v4fjNt9y8yu8rlUrD01NmTJ8eb9t221HpDQAAYE0KWRbFBGZxpKRYyAQc
pGd1y1SuuOKKVX5/1913xxNPPDHgfQdbngIAADRZseDxNk/F1DbgCAEHEbHJJpvE27d/+4DxK668
Ml544YWXfn/d9Y2Xpzg9BQAAaLbUZhu0uhT2NXklAQcREbH/fgOXqVQqlfjt734bERHVajUuvHDg
6SmWp0Dry1bz04xKpX+MOwEAGD3FQhaZkCMXWaJLfgQcRETELrvs0nB89g03RETEffffH488+uiA
1y1Pgda3ur+j8+bNG+NOAGBsLF6yOJYsWdLsNhhjhSyLUoIP5a2olOD+GxECDlZ47aabxnZve9uA
8Usvuyz6+/vj+tnXN7zO8hRofT09PQ3H77n33jHuBABG16233Rrve/+RseVWW8UWW70hjjnu2Ljr
rrua3RZjyD4c+Uj1PqbZNaNi//32HzD2zDPPxD333hsXOT0FkrXOjBkNxy+48MJ49rnnxrgbABgd
11x7bRx2xBFx4003vTR29TXXxHuOODxuu+22JnbGWEp15kErSflEGgEHL9ll550bjp/09a/HH+67
b8C45SmQhokTJ8Zb3vyWAePz5s2LL335yzF37txVxv/4xz/G4iWLx6o9ABixvr6++Od//ZeGr/X2
9sY//+u/RLVaHeOuaIYsy6JU9Jg7EqViIdmQyJ88L9lss80aPgTdetutDd+/xx57jHZLQE5223XX
huNXXHlF7LDzTnHkB94fJ37i47HXrFmx1z6zYtHCRWPcIQAM30MPPxyPPfbYal+/7/7747HHHx/D
jmimUqFgs9FhyrIsSokuT4kQcPAKBxwwcJlKI5anQFoanZS0UqVSiRtuvDEuuvji+OMDfxzDrgAg
H5X+NZ8MNpj3MD4UCzYbHa5SoZDs8pQIAQev8K6dG5+m8kqHHHxIdHZ2jnI3QF4233zz+OQnPtns
NgBgVGyyySav+r3plClTYqONNhrDjmi2crFoFscQZVlEOfHlPWl3T+4233zz2Hrrrdf4PqenQHo+
9YlPxNFHHd3sNgAgd1OmTInPfPrTq3397z73+eju7h7Djmi2YiGLcsJLLZqhXCwmPXsjQsDBK2RZ
Fgfuf8CrvsfyFEhTV1dXfO0rX4nTf3Ra7DLI2VoAkIrjP/qx+PSnPrXKWGdnZ/zDl/8+/vZoAX87
SnmzzLFWSHzvjZWySqVeb3YTtJb7/3h/7L3PPqt9/aMf/kj88z/90xh2BIyGZ599Nh548MF44YXn
Y9GixVEsFmPy5MmxySYbxxav3yIK4+AfOQDaz9y5c+PBhx6MQlaILbfcMmas5rh02kNfpRq9FSfo
rElnqRgdpWKz2xgxAQcD1Ov12He/dzc8GjYi4uyfnxU7vPOdY9wVAADA0NTrEcsqlahUa81upWWV
ioXoKpViPEx28eM5BsiyLA484MCGr62zzjqx7VvfOsYdAQAADF2WRXRYqrJahSyLjmJxXIQbEWZw
sBoLFy6Mp556asB4V3d3bLThhk3oCAAAYHj6qtXo7bdU5ZU6y8XoKKa/NGUlAQcAAADjXm+lGn32
43hJR6kYneNg342Xs0QFAACAca9cLESp6BE4Yvm+G+VxeC/G31cEAAAAr7Byv4nxcBzqSBQLhego
FsflviTt/ScLAABA2ygWsugoFaNYGH8P94NRLBSicxx//QIOAAAA2kaxkEVnqTRuH/JXZ/nXXRjX
X7eAAwAAgLayMuRol+UqpUJhRagzvr/e8f3VAQAAQAMrl6uM941HS8VC2yzLKTW7AQAAAGiGYiGL
zmz5hpvj8QjZjlIxysXCuNxQtBEBBwAAAG2rkGXRWSpGlkX0V2pRq9eb3dKIFbIsyqXlp6W0k6xS
GQd/egAAADBC1Vot+qq1qFRrzW5l2ErFQpSLhbbZX+TlBBwAAACwQr0e0V+tRn81rdkchSyLcrEQ
5VIx2mNBykACDgAAAHiFaq0elVot+qu1qLfwY3OWRZSLxSgVxvcRsIMh4AAAAIDVqNbq0V+tRqVW
b6mgI8uyKBWWL0dp92BjJQEHAAAArMHKGR2VWi1qteY9RheyLEor9tgQbKxKwAEAAACDVK/Xo1Kr
R7VWG7NZHctna2RRLBSiVMgia5NjX4dKwAEAAADDUKvXo1qrr/i1FtWcZnZkEVFYEWgUsiyKhSwK
Qo01EnAAAABADmr15WFHrVaPej2iFstneNTrEfVY/utKWSyfmZFlEVksDzCywvIlKCs/GBoBBwAA
AJC8QrMbAAAAABgpAQcAAACQPAEHAAAAkDwBBwAAAJA8AQcAAACQPAEHAAAAkDwBBwAAAJA8AQcA
AACQPAEHwP9j787jm67vP4C/cjdpU9pSrgIFBJ0gKCJyg4h4cM0T78E8cHMe7OfkcDrvqYjg7ZzX
BuqYOjc55BQUPAARBC2gyC0UCqV309z5/RFRIN+kSZrv8fl+X8/HgwcunzZ5t8srJO/v5yAiIiIi
IuGxwUFEREREREREwmODg4iIiIiIiIiExwYHEREREREREQmPDQ4iIiIiIiIiEh4bHEREREREREQk
PDY4iIiIiIiIiEh4bHAQERERERERkfDY4CAiIiIiIiIi4bHBQURERERERETCY4ODiIiIiIiIiITH
BgcRERERERERCY8NDiIiIiIiIiISHhscRERERERERCQ8NjiIiIiIiIiISHhscBARERERERGR8Njg
ICIiIiIiIiLhscFBRERERERERMJjg4OIiIiIiIiIhMcGBxEREREREREJjw0OIiIiIiIiIhIeGxxE
REREREREJDw2OIiIiIiIiIhIeGxwEBEREREREZHw2OAgIiIiIiIiIuGxwUFEREREREREwmODg4iI
iIiIiIiExwYHEREREREREQmPDQ4iIiIiIiIiEh4bHEREREREREQkPDY4iIiIiIiIiEh4bHAQERER
ERERkfDY4CAiIiIiIiIi4bHBQURERERERETCY4ODiIiIiIiIiITHBgcRERERERERCY8NDiIiIiIi
IiISHhscRERERERERCQ8NjiIiIiIiIiISHhscBARERERERGR8NjgICIiIiIiIiLhscFBRERERERE
RMJjg4OIiIiIiIiIhMcGBxEREREREREJjw0OIiIiIiIiIhIeGxxEREREREREJDw2OIiIiIiIiIhI
eGxwEBEREREREZHw2OAgIiIiIiIiIuGxwUFEREREREREwmODg4iIiIiIiIiExwYHEREREREREQmP
DQ4iIiIiIiIiEh4bHEREREREREQkPDY4iIiIiIiIiEh4bHAQERERERERkfDY4CAiIiIiIiIi4bHB
QURERERERETCY4ODiIiIiIiIiIRnVbsAElc4DISCQDgIhEM//Qn/8nckAkSO/h0BcPRvCSYTAFP0
b5MJMJmjf5vNgNlyzN8WwGwFLNbobUSkrGA4gkAogkA4gmAojGA4gmA4glA4glAECIUjCEciCEeA
cASIIJIw9yaYYDbhpz8mWMwmWEyAxWyC9egfixk2swk2S/R/E5GymHsi42HuSVSmYDDeU5EoKhgA
QoFj/g5GGxuRsLp1mczRRofVClhsgNX2y99E1DS+YBi+YBjeUAT+n/7bH4q+mVGT2WSC3WKCw2qG
3WpG1k//7bCy40nUVMw9kfEw96Q3bHDQcUJBIOADAn4g+NMf0Z4hJhNgtUf/2OyAzRFthBCRNH8o
DE8gjIZAGN5AGN5gCGHBcm82AVlWC7JsZjhtZrhsZtgtfBNEFA9zT2Q8zD0ZARscBhcM/NTQ8AJ+
X3R5iR6ZLYDdAdiyog0PzvIgI/MFw6j3h+EJhODxhxAQ7d1NkmxmE1x2C1w2C7LtvOpDxsbcExkP
c09GxAaHwUQigL8B8Hujf0JBtStSh8UK2LN++uP8aQ8QIp2KRIBafwh1vhDq/UH4Q8Z82bdbTMi2
W5HjsMBttzD3pGvMfRRzT0bC3Ecx98bGBocBhMOAzxNtbPga1K5GmxzOaKPD4eLmpaQPoXAENb4Q
an1B1Pp0OjWridwOC9wOK3IdFli4mRnpAHPfOOae9Ia5bxxzbyxscOhUJBJtavg8bGqkyvFTo8Ph
4swOEkskAlR7g6jhm5yUuR0W5DqsaJZlZe5JKMx9+ph7EhVznz7mXv/Y4NAZvxfw1kcbG/x/tmlM
pmiTIys7upSFSKvq/SFUeYOo9gaZ+yYymYBmWVbkZVmRbbeoXQ5RXMx95jD3JArmPnOYe/1ig0MH
wmHAWxdtbAQDalejT1ZbtNGRlcMlLKQNoXAElQ1BVHmD8AVVPrNZpxxWM/KyrMh3WjmllTSBuZcf
c09aw9zLj7nXFzY4BBbwRxsbDXVqV2Iszpxoo8NmV7sSMqKGQBiVDQFUNhh0h2CV5DutyHfa4LSx
w0nKY+7VwdyTmph7dTD34mODQ0D+BsBTF/2b1GN3Aq6c6N9Ecqv1hVDZEOBaW5W5HRbkO21wOzid
leTH3GsDc09KYu61gbkXFxscAvF5AE8tEPCpXQkdy+YAXO7ofh1EmVbjDeKIJwhPgG90tMRls6C5
y4rcLKvapZAOMffaxNyTnJh7bWLuxcMGhwB8HsBTE12SQtplswOuXDY6KDNqvEGUewJoCHC9rZY5
bWYUumx840MZwdyLgbmnTGLuxcDci4MNDg3zNwD1NZyxIRqbA8jO5dIVSk+tL4Ty+gCv4AjGZbOg
MJtTWSk9zL2YmHtqCuZeTMy99rHBoUEBP+CpBnzcY0NoDifgasbNSCk5DYEwDtf7ueZWcG6HBS2y
7dycjJLC3OsDc0+pYO71gbnXLjY4NCQcBuqrgYZatSuhTHK6gexmPF6WpIXCERyqD6DCwzOe9aTA
ZUPLbBuPmyNJzL0+MfeUCHOvT8y99rDBoRENtUBdNRDh8jtdMpmBnGbRZgfRURWeAA7VBRDiy7Au
WUwmtMyxocBlU7sU0hDmXt+Ye5LC3Osbc68tbHCoLOAD6qq4z4ZR2BxATl70bzIuTyCMQ3V+1Ps5
PdUIsu0WtMyxw8VprIbG3BsLc08Ac280zL02sMGhorqq6OkoZDyu3Gijg4ynrM6P8npOTzWiwmwb
WuVwUx4jYu6Ni7k3LubeuJh7dbHBoQK/N9rcCPLYV0Oz2qNNDnuW2pWQEur9IRys9cMb5Do0I8uy
mtHabUe2nbuvGwFzTwBzbzTMPQHMvZrY4FBYfVX06Feio7JzgWzO5tC1Q3V+HOZVHDpGi2wbWvLq
jq4x93Qi5l7/mHs6EXOvPDY4FBIMALUV3GuDpNkcgLsAsHJvIl3xBsM4UOPnGfckyWWzoE2uHVlW
rtXVE+aeEmHu9Ym5p0SYe2WxwaGAhrpoc4OoMe4CwJmjdhWUCZUNQZTWsKNJjSvKdSDfaVW7DMoA
5p6SxdzrB3NPyWLulcEGh8xqK6INDqJkOXOijQ4SV2mNH5UNnKJKyct32lCUyymsImPuKVXMvfiY
e0oVcy8/NjhkwiUp1BRcsiImXzCM0hofPAFuLEapc9nMKMp1wMEprEJh7qkpmHsxMffUFMy9vNjg
kIHPA9RUABG+5lETmMxAbgHgcKldCSWjxhfC/mofwnxJpSYwm0xo28yBXAd3XRcBc0+ZwNyLhbmn
TGDu5cMGR4Z5aqJHwBJlSk4e4MpVuwpKpLw+gLI6nvtMmdMqx47CbE7h0jLmnjKNudc+5p4yjbnP
PDY4Mqi2EmioVbsK0iOnG3Dnq10FSTlQ60eFh+tvKfMKXDa0cXOdrhYx9yQX5l67mHuSC3OfWWxw
ZEIEqC4HfA1qF0J65nACzQoBmNSuhAAgEgH2VXtR4+ORcCSfXIcF7ZplwcTcawJzT0pg7rWFuScl
MPeZwwZHE4VD0eYGNxMlJdgc0SaHmcv1VBUMR/BjlY/n3ZMiXDYL2uc5YDXzXY+amHtSEnOvDcw9
KYm5zww2OJogGIg2N0KcrUYKstiiTQ6esKIOXzCMH6t98AW5izApx2E1o30z7riuFuae1MDcq4u5
JzUw903HBkeaAn6g+nB0BgeR0swWoFkLwMbleopqCITxY5UXgTBfNkl5NrMJ7fOy4LTxTY+SmHtS
E3OvDuae1MTcNw0bHGkI+ICqwzwGltRlMgN5LaLLVkh+nkAYe6u8CPHNDqnIYjahOC8LLr7pUQRz
T1rA3CuLuSctYO7TxwZHitjcIC1hk0MZHn8Ie6p45j1pg9lkQoc8B1x2bsYjJ+aetIS5VwZzT1rC
3KeHLaEUsLlBWhMJR5+T3ORWPp5AmG92SFPCkQj2VPngCfAfI7kw96Q1zL38mHvSGuY+PWxwJCng
Z3ODtOnnJodf7Ur0p+Gnaap8s0NaE45EsLfKiwa+6ck45p60irmXD3NPWsXcp44NjiQEA9ENRdnc
IK2KhKPP0SBP9MkYXzC6wRjX4JJWhcIR/Fjl5Q7/GcTck9Yx95nH3JPWMfepYYOjEeFQ9ChYnpZC
WsfnauYEwxH8WO3j7umkeYGfnqtBPlebjLknUTD3mcPckyiY++SxwZFIJPqBMcSr4iSIUCD6nAVf
+9IWiQA/VvHcexJH9OqjD5xZnT7mnkTD3Dcdc0+iYe6TwwZHAtXl3LyRxBPw/dTkoLTsq/bCE+A0
GBKLJxDCvmqv2mUIi7knETH3TcPck4iY+8axwRFHbSXga1C7CqL0+Bqiz2FKzYFaP2p8fLNDYqrx
hXCglrsNp4q5J5Ex9+lh7klkzH1ibHBI8NQADbVqV0HUNA210ecyJae8IH+ENQAAIABJREFUPoAK
D9ejkdgqPAGU1/N5nCzmnvSAuU8Nc096wNzHxwbHCXweoK5K7SqIMqOuKvqcpsRqfCGU1bETTvpQ
Vscrk8lg7klPmPvkMPekJ8y9NDY4jhEMADUValdBlFk1FTw+NhFfMIz91dxsh/RlfzU3zkuEuSc9
Yu4TY+5Jj5j7WGxwHKO2Aojw+UE6EwlHn9skrbTGhzC3oyadCUciKK3hG/l4mHvSI+Y+Meae9Ii5
j8UGx09qK3hiCulXwMcmh5TSGj88AXY1SZ88gTBKazgV+0TMPekZcy+NuSc9Y+6PxwYHgIa66B8i
PePz/HiVDUFUNnDtDulbZUMAlQ1BtcvQDOaejIC5Px5zT0bA3P/C8A2OYIBXtsk4arkfBwDAGwxz
Oh8ZRmmND16uz2XuyVCY+yjmnoyEuY8yfIODzQ0yGj7ngQOcxkcGw+c8fwdkPHzO83dAxsPnvMEb
HPVV3HeDjCfgiz73jepQnR+eAI/UImPxBEI4ZOCjEZl7MiLmnrkn4zF67gEDNzj8XqC+Ru0qiNRR
XxPNgNHU+0M4XM81OmRMh+sDqPcb780+c09GxtwTGY9Rc3+UYRscdQa+gk0EGDMDB2uN3dEmMmIG
jPgzEx3LiBkw4s9MdCwjZ8CQDY66KiBo3P/PiQBEM2CkJkdZnZ8bL5HheYNhlBlo6ipzT8TcExmR
0XJ/LMM1OAI+wMOlKUQAolkwwj40nkAY5ZyqSgQAKK8PwBPQ/5t/5p7oF8w9kfEYJfcnMlyDw0hX
rImSYYRMGH2zJaITGSETRvgZiVJhhEwY4WckSoURM2GoBkdDrTGuVhOlIuCLZkOvKjzG3miJSEq9
P4QKj36vcjL3RLGYeyLj0XvupRimwREOA3XValdBpE111dGM6E0oHMGhOmO9qBMl61BdAKFwRO0y
Mo65J4qPuScyHr3mPh7DNDjqq4GIDj/AEWVCJBzNiN4cqg8gFDHOCzpRKkKRCA7pcK06c08UH3NP
ZDx6zX08hmhwBPz6noJPlAkNtdGs6EVDIGy4KXlEqarwBNCgow3ImHuixjH3RMajt9wnYogGh0eH
V6aJ5KCnrByu11G3hkhGesqKnn4WIjnpKSt6+lmI5GSUrOi+weFvAHwNaldBJAZfQzQzoqv1hVDr
40ZjRMnQS1708nMQKUEvedHLz0GkBKPkRfcNjvoatSsgEoseMlNuoHWGRJmgh8zo4WcgUpIeMqOH
n4FISUbIjK4bHD4Pj4UlSlXAF82OqGq8QXgC+u9OE2WSJxBCjTeodhlpY+6JUsfcExmP6LlPhq4b
HB4dXIkmUoPI2SnnRmNEaRE5OyLXTqQmkbMjcu1EatJ7dnTb4PB59HUiBJGSAn4xZ3HUeIOG2SGa
KNMaAmEhr+ow90TpY+6JjEfU3CdLtw0OD4+FJWoSETN0xKPfF2siJYiYIRFrJtISETMkYs1EWqLn
DOmyweFv4N4bRE0V8Il1okqtL8S1uERN5AmItcM6c0/UdMw9kfGIlvtU6LLB4alTuwIifRApS5UN
+l5PSKQUkbIkUq1EWiZSlkSqlUjL9Jol3TU4An6xrjoTaZm/QYy9bBoCYd12oYmUVusLCbG2nbkn
yhzmnsh4RMl9qnTX4PAKdMWZSAQiZEqvHWgitYiQKRFqJBKJCJkSoUYikegxU7pqcITDQIMAH8aI
RNJQF82WVoXCEVQ26HejJCI1VDYEEQpH1C4jLuaeKPOYeyLj0Xru06GrBocIV5qJRKTlbPHNDpE8
tJwtLddGJDItZ0vLtRGJTG/Z0leDo17tCoj0ScvZqtLxOd5EatJytrRcG5HItJwtLddGJDK9ZUs3
DQ6/FwjqbwkRkSYEA9GMaU29PwRfUMPrZ4gE5guGUe/X3mZ+zD2RfJh7IuPRau7TpZsGh5avMBPp
gRYzpreOM5HWaDFjWqyJSE+0mDEt1kSkJ3rKmC4aHJEI4POoXQWRvvk80axpRSQCVOvoxZhIi6q9
QeaeyGCYeyLj0Vrum0IXDQ6tffAi0iOtNRL19EJMpFVa+2DB3BPJj7knMh6t5b4pdNPgICL5aSlr
NT59vAgTaZ2WsqalWoj0TEtZ01ItRHqml6wJ3+AIhwFfg9pVEBmDryGaObWFwhHU+vSzGRKRltX6
QgiF1b98ytwTKYe5JzIereS+qYRvcGjpijKREWghczV8s0OkKC1kTgs1EBmJFjKnhRqIjEQPmRO+
weHn7A0iRWkhc7U6mUInmqVLl+Crr9apWsOuXTsxZ87bqtZgRFrInBZqIDISLWROCzUQGYkeMmdV
u4CmiES4PIVIab6GaPZMJnUePxIBp6uqYNOmjXj4kQcQDAZxw29vxPjxNyIrK0uxxw+Hw1iwYB5m
Pv0UvF4vctxujBn9a8Ue3+hqfSHmnshgmHsi41E795kg9AwOLVxJJjIiNbNX6+ebHaWVlx/GQw/f
j2Aw2tX/xz/fwJ0Tb8POnTsVefwjR47ggQfvw2OPPwqv1wsAmDbtMWzZukWRx6coNbPH3BOpg7kn
Mh7Rsyd2g8OrdgUkgkgkAp/Ph7q6Oni9XoRCYodWC9TMXh2v5igqFArhyelPoLS09Ljbv/lmE268
aRzWr/9K1sffv38/bp5wA5YtW3rc7cFgEI8++hBqa2tkfXz6hZrZY+6J1MHcExmP6NkTeokKGxx0
LK/Xix07duC777/Djz/+iN179mDXzp0oP1L+85Xno4qLi9G2bTt06dwZJ510Ek455Vfo1LEjLBaL
StWLRc3s1fvFXxsokvfffw+rVq2UHOt6ajd069ZN1scvKipC/3798d//vR8ztnPnDrz40guYOuXP
stZAUdHs2VV8bDKqSCQCk8jzpQXG3BMZj5q5zwRTMBgR8iyYYACoOKB2FWJ76W8vYfOWzZJjNpsd
0x5/Ag6HQ+GqUuPxeLDuq3VYvnw5Vq5a+fP09XQUFRVhzOgxGDp0KE7qdFIGq9SngjaA1absY/qC
YWw/wrVpStm+/QfceNN4+P3+mLHCwkK8+sobaNOmSPY6Gho8mPjHO/DNN5skx5+a/jQGDRosex0E
dGnuhMOq7ORP5t7YwuEwHnn0QQzoPwjDh5/PRocKmHsi41Ej95kibIOjoQ6orVC7CnFVVFRgzMVj
YmY2HGvmUzMxcOBABatKXllZGebOm4t333sXtbW1Gb//Xr164dprrsXAgQNhNokZbrm5CwBnjrKP
WeEJ4kCtT9kHNaiA3487Jt6GjRu/lhyfNu0pnDNkqGL17Nq1EzfcOE6yidmmTRH+8cZs5OXlKVaP
UbVxO1DgUnbyJ3OvPL/fj927d2HPnj2oqq6C1+tFtsuFgoLm6NChAzp06AizWZl/GxcvXogHH7of
ADBq1BjccftEZl1hzD2R8aiR+0wRs2oAAS5PaZJVn65K2NwAgCVLl2iuwVFZWYm3//U23nn3Hcmr
ypmyYcMGbNiwAf369sOEmyege/fusj2WqAJe5RscnoDYawJFsmDhgrjNjbFXXKlocwMAOnU6Cf/3
xz/h8Sf+GjN24EApZs16AxMn3qVoTUbkCYRQoPBbB+ZeOfv378e8eR/gw4XzUV5eHvfrOnbshNGj
x2DUqDHIz8uXrZ6ysoN4+pkZP//vDz+cj40bv8bUKX/G2Wf3ke1x6XjMPZHxqJH7TBH20rSfTd20
RSIRLFiwoNGvW7J0CQ4fPqxARY0Lh8NYuGghrh93Pd58601ZmxvHWrN2DW6acBNmPj0TDQ2cKnks
NTLoEXxXZ1GUlx/Gyy+/KDlWVFSECRN+r3BFUaNH/xr9+g2QHJvz73+hpORbhSsyHjUyyNzLz+fz
4bXXX8FVV1+OWbP/kbC5AQC7d+/CCy88h6uvvgJz5/4P4XA44zWFw2E8+9zTqK6uPu72/fv3YdlH
S+N8F8mBuScyHpEzKGSDIxQEwuL+zlW3bds2fJvkB4GVcTYXVFJlVSXuf/B+PPTwQ42+6ZLLO+++
g9vvvB279+xW5fG1KByKZlEp/lAYgbCQK+qE849/vhHzoeKoiRPvQm5ursIVRVksFky884+wWqWv
KLz44vM8JUlmgXAE/lDmP8zGw9zLr6ysDHdOvA2vvfZKozM7T1RdXY3Hn/grHnzwL/B4PBmta/GS
RVixYnnM7W3aFOHW3/8ho49FiTH3RMajdO4zSch5JwHO3miSFR+vSPpr5y+Yj8suu0y1fSi+//57
3Hf/fdi7d2/S39OiRQv07NkTp5x8CoqLi+HOccPpcsJud8Dn9aLeU4/6unrs3rMbW7Zuwddff53U
Ph4lJSW46eab8MjDj2BAf+mryEYT8AEWhV5FPAExX2RFU1LyLd5//z3JsaFDh2HI4HMUruh4nTqd
hBtvuBmvvPpyzNjXGzfgk5Uf47xhw1WozDg8gTDsFmX+TWDu5XXgQCn++Mc7sGfvnibdz9JlS1Bd
U43HH3sSLperyXUdPHgAzz47U3LsT3dNQn5+QZMfg1LD3BMZj5K5zyQxGxzKrE7QJa/Xi3nz5yX9
9d999x22bt2K07qdJmNV0tavX48p90xJqvnQulVrjBo1Cv369UO3rt3iXuGV4vP5sH79eiz9aCmW
LVuW8ApWXV0dpkydgmlPTGOTA9EsZmUr81gNfMOjiLfemh13bMKE32niBIOxY6/EvHkf4GDZwZix
V1/9Owb0Hwin06lCZcbQEAgjL0u5xyJ51NXV4r6//LnR5kbrVq1RUFCAg2UHUVERf3f3tWvX4Mnp
T+D+vzzYpA1Iw+EwnnlmpuQssosvvpQnJqmEuScyHiVzn0lCNjiCbHCkbd26dQnfoEhZsWKF4g2O
L1Z/gSlTpzS610aH4g64/vrrcf7w89P+QONwODBgwAAMGDAAN/72Rrz2+mtYsnRJ3K/3+/2YMnUK
npz2JPr365/WY+qFkln08g2P7EpKvsUnKz+WHLv+unHofFJnhSuS5nbn4pbf3YqHH34gZmz37l34
aPkyjBn9axUqMwYls8jcy+e1117F5s0lkmMdijvgxhtvRp8+fY+bLbF//358sfpzvPH6q6isqoz5
vsWLF6JPn74YOWJU2nUtWrxQ8nWoTZsi/J5LU1TD3BMZj6hZFG/OCdjgaIpFixdJ3t69e3eMvWKs
5Nj8BfMzvrY2kZKSEtx7370JmxtWqxV/uPUPeHP2m/j1mF9n7GptcXExHn7oYTz/7PNo2bJl3K8L
h8OKbXSqZYo2OILcW0Fu//73vyRvt9vtGDv2KoWrSWz4eeejU6eTJMfeenMW8ykjJbPI3MujpORb
/Psd6bxfeMFFeOON2bjwwhExS0Hatm2LsVdcidmz38aZPXtJfv/zzz2DmpqatOo6cKAUzzwTZ2nK
nybJemILJcbcExmPqFkUrsERDAAR7juUloNlB7FcYsMuABg5YiRGjZS+4lJdXY21a9fKWdrP9u3f
hyn3TEnYUOnevTtm/XM2xo8bD4fDIUsdffr0wSsvv4KePXvGjNntdkx/cjrOGaLuXgRaEIlEMyk3
XzAM7jcmr61bt+Cj5cskx6695nq0atVK4YoSs9vtGD/ut5Jje/buwcqVnyhckXGEI9FMyo25l8+c
OW9L3j548BDcd+/9yM5OvPawRYuWmDbtKZx88ikxY5VVlVi4qPGT2k4UDofxzLMzUVsb2xy55JLL
MGggl6aoibknMh6lcp9pwjU4Qgp8mNKrVatWxR0bOHAgTj31VJx66qmS4wsXL5SrrJ/5/X48/sTj
CU9KGTZsGJ6Z+Qy6dJZ/qnybNm3wzMxnMGTIkJ9vc7lcmPHUDO6/cQwlMinii6to5i+IvzfPJZdc
qmAlyRs2bDjatWsvOfbOu3MQYTdcNkp90KHMKys7iOUrPoq5PSsrC5Pungqb3Z7U/eTm5mLK5Hsk
x+bO/SDlo2MXLlwg2ZgsKirC73/HpSlawNwTGY+ImRSuwaHE1WI9CofDcTcXHXrOULRu1Romkynu
LI5Vq1Zh3/59cpaIWbNn4auvvoo7fukll+KhBx+G2+2WtY5jOZ1OPPCXB9C7d2+43W48PeNp9Dm7
j2KPLwIlMukN8YOqnKqqqrBwofQV14svvhStW7dRuKLk2O12XHnl1ZJjJSXfxt1fgJpOiUwy9/LY
sGGD5O1XXXlNwqWZUrp374EhErMZd+3aiV27dyV9P6WlpXj2uWckx+7+0xTk5eWlVBfJg7knMh4R
Mylcg4MzONJTsrkEP/zwg+TY+eef//N/Dxo4KO59rFy5MuN1HbV9xw689vprcceHDRuGu/7vLtht
NtlqiCcnJwePPvIonn/2ecklK0anRCb9AnaPRfLZZ6vg9Xolx7S+Wefw885HVpb0Ft+LFJh5ZlRK
ZJK5l8cP27dJ3t63b7+07i/e0pHdSTY4oktTZkguTbns0ssxYMDAtOqizGPuiYxHxEwK1+BIcIIn
JbB8ufTeGy6XC3379v35fxcVFcVtcsybPw+hUOY3mwlHwvjb316KO969e3fce8+9sCc5bVYO+Xn5
6Nq1q2qPr2VKZFLE6XGiiEQimDd/ruRYt67dcNpp3RWuKDUFBQUYOXK05Nj8+XPT3uyQEuNUdXHt
2/ej5O3FxcVp3V/Hjp0kbz9UVpbU9y/4cD5WrYq9gFJUVIRbbrk1rZpIHsw9kfGImEnhGhwhNjhS
VldXhwUfSk8/H3HRCLhzjl/ycdGFF0l+7e7du/HNt99kvL6v1n2Fzz7/THLMarViyuQpyMnJyfjj
UmYokUm/gNPjRPHDD9vwzTebJMdGj/41TCaTwhWlbti550ne7vf7sXbtGoWrMQYlMsncy6O2plby
9sY2Fo0nJ0d62Wh9fX2j37t//34899zTkmOT7p7KpSkaw9wTGY+ImbSqXUAqwmEgIl4TSXWrV69G
XV2d5Niwc4fF3NavXz9kZWVJTllf9tEynNnzzIzWN+edOXHHbr/tdpwisUs7aUckHM2mWaZ2aTAc
QZibRcpm7ZfxT0gaKMipBWec0RNFRUUoLS2NGVu+fBnOP/8CFarSt3AkgmA4AqtZngYYcy+feKeP
+Xx+OJ2ulO/P7/dJ3m6zJ15SGgqF8PQzMyTfn1x++Vj052bemsPcU2MCfj++WP05tmzZAq/Pi7Zt
22HQwMEoKipSuzRKk9y5l4NQMzg4eyM9Hy6SXodeVFSEM844I+Z2t9uNkSNGSt/Xhx9mdMr3lq1b
8MUXX0iOdSjugMsuvSxjj0XykTObAQE7xyL5/PNPJW/v12+A5o6Gjcdms+H84RdKjn2y8uOEJzNR
+uTMJnMvn4KCAsnbKyoq0rq/8iPS+WqW2yzh9y1YMA+ffRZ7ulvbtu1wy4Tfp1ULyY+5p3gOHCjF
H27/PaZMnYRZs/+Bd96Zg5kzp+Pqa67AwkUfql0eNYFo2RSqwRFmgyNle/fuxerV0g2EMaPHwBZn
085hw2JndgCA1+uN25BIxyefxB4Jd9T48ePjXmkibZEzm4GwWC+qIikrK8PGjV9LjkmdjKBliTZI
LCn5VsFKjEPObDL38uncuYvk7Zu3pHfqULwlbsXFHeJ+z759P+L5F56VHJt09xQ0a5a4OULqYe5J
is/nw733TsW3EkvZ/X4/Hn74AS4ZFZho2RSrwZH5/S11b6XExl1HJfoA0/OnKd9S4u3nkSq/34+F
cWaXtGnTBsPPG56RxyH5yZnNYIjr0uQS74MJAJx1Vm8FK2m6007rDrc7V3Js/Yb4x09T+uTMJnMv
n26nnSZ5+wcf/DfljcRramowf17sJsV2ux1dupws+T2hUAjPPDNTcmnKFZdfiX79+qdUAymLuScp
n6z8GFu2bkn4Na+9/opC1VCmiZZNNjh0LBgM4oO5H0iO9ezZE106d477vTabDaNHjZEcW/fVOuza
lfz59vFs3rIZhw8flhy76MKLOHtDILI2OATrGotk3Trp/TeKiopQ3D69ExXU4nA4MCDOmv2VKz+W
5QQoo5Mzm8y9fLp3647WrVrH3L55cwk+XJjaBYw335qFyqrKmNvPO284cnOlG47z58/FZxJL49q1
a48JE36X0uOT8ph7kpLogslR3377TdpL4UhdomVTrAaHWM0j1W3cuBH79u2THIu3x8axzhkyJO7Y
x598nHZdR23ZEr/T259XcIQiZzZFe1EVRTgcxuo1qyXHBvQfJMTpKSfqeWYvydsPHTqEgwcPKFyN
/vGDjphsdjuuu36c5NhTT03DunVfJnU/8+bPxZtvzpIcu/SSyyVv37fvRzz3/DOSY3ffPZlLUwTA
3JOUZE5NAgCfL/YAA9I+0bIpVoODF+BSsmz5MsnbrVYrBg4Y2Oj3d+7cWXITUgCYN38e/IFAk+r7
Os7a//y8fHTr1q1J903KkjObIcFeVEVx4MABHD58SHKsR48eCleTGV1P7Rp3bO/evQpWYgxyZpO5
l9fIEaPQsWOnmNv9fj/+76478d5/3oXPJ306SnV1NV762wt47LFHJMeHD78Ap58e+94hFAphxszp
8Hg8MWNjx16Ffn15YUMEzD1Jad++faNfk5OTg4KC5gpUQ5kmWjaFOyaWklNVVYWFC6X3txh+3nAU
FhY2eh8mkwkjR4zEpk2x084OHDiADRvWo1+Cjf0SCYfDWL9+veRYj9N7xN38lLRJzmwKtnGzMPbu
3RN3rEOHjgpWkjntEyyr2blzB4+dzDA5s8ncyys7OxuTJ03FH26LXRISDAYxY8aTmDPnLQwffgE6
duwEl9OFmtoafPfdVixfvgzV1dWS95ufl487br9Tcmze/LmSm54XFxfjFi5NEQZzT1KGnnMuXn31
7wm/5tJLL+fyc0GJlk2hGhw8Gjt5n33+Gfx+v+TY+eefn/T9DBwYf6bH0qVL025wHKk4InkVBwBO
jrMxGWmXnNkUrWssin37pZevAUDbtm0VrCRzsrOzcfLJp+CHH7bFjO3cuUOFivSNV3LF1qvXWbj7
T5Px1IwnJcdLS0sxe/Y/k74/q9WKRx55DK0k9vfYu3cvno+3NOVPU+JuEEzaw9yTlM6du+CuuyZh
5szpkuOnn34Gxo/7rcJVUaaIlk2hlqhEOIMjaQsWSG8UVlBQgN4pnI7QorAFLjj/AsmxJUuX4MiR
I2nVd+iQ9NR4AOgkMW2WtE3ObIbZ2ZRFaZwGR3FxsdAfNrp2lV7etr90v8KV6J+c2WTulXH55WMx
ceJdTb6frKwsPPH4dPTufXbMWCgUwsynn5K8qHHllVejT5++TX58Ug5zT/FcOfYqTH9yJrod8++w
252L8eNuwMwZzyAnx61iddQUomWTMzh0aPv27XH3txg9ajSysrJSur8Lzr8AS5ctjbk9GAzi088+
xSUXX5JyjfGmtwKIu/M6aZec2RSsaSyMeB/4RV2eclSrVq0kb9+ze7fCleifnNlk7pVhMplwzdXX
om1RWzw5/XGUl5enfB+dO3fBvffef9yHmmPNnfs/rFkjvTRlws23pPx4pC7mnhIZPHgIBg8egoqK
CgQCARTk58Nmt6tdFjWRaNkUawaHYL9ctaz4eEXcsaFDh6Z8f71790Z+Xr7k2PwF8xFJ4/8Yn1d6
8zIAyHKm1oAh9bHBIZ54s6hatYydXi6SwubS+wtVVlWirq5O4Wr0jR909GPIkHPwz3+8ieuu+w2s
1uSufbndubjttjvx95dfi9vc2LN3D1548TnJMS5NERNzT8koKChAq1at2NzQCdGyKdQMDgj2y1WD
z+fD/AXzJcdOOeUUdO0a/5SBeJxOJ0aOGom33347ZqykpATbtm3Dr371q5TrTPR4JBgZsxlh8GWx
f7/0DI5kNiDWsvz8grhj9fX1yMnJUbAafZMzm8y98goLW+CO2yfimquvxeo1q/H1hvXY9M0m7D9m
OdvJJ5+CHj1OR++zzsbZZ5+dsEERDAbx9EzppSlXXXUNl6YIirknMh7RsilUg4MzOBq3fv36uFdm
R48aDbMpvUk7w4YOk2xwANEZI6k2OBLN+ki3RlKPnNlk7jMvEAigtrZGcszlcilcTWYlapAGAtIb
L1N6mHt9KixsgTGjf40xo38NILqHht/vg8ORBbM5+X+fP/jgv1izdnXM7R2KO+DmmyZkrF5SFnNP
ZDyiZZOfJHVmydIlcccGDxqc9v1269YNnTt3lhybN38eGhoaUrq/RPuANHhTuy8iSk0oFIo7Jvp0
UnuC+v3+gIKVEOmDxWKB0+lKqbmRaGnKpElTuTSFiIhkI9QMDkrscPlhLF6yWHJs8KDBKCoqSvu+
zWYzRo8ajWefezZmrKKiAuvWrcOQIUOSvr9E52A3eNjgIJJTMBiMO2a32RSsJPMSNWg4g4NIfsFg
EDNnTofX640Zu+bqayVPWjmR3+/H7t27sGfPHlRVV8Hr9SLb5UJBQXN06NABHTp0TKnhQkRExsEG
h46sWrUq7tiFF17U5PsfMniIZIMDABYvWZxSgyPRSSl19dwIkEgt6WwarCWRMM8TJ1LT/z74L9au
XRNze8eOnXBTI0tT9u/fj3nzPsCHC+cnPNGlY8dOGD16DEaNGhN3E3QiIjImoRocJpN4a4CUEolE
4m4u6nK50K9f0zfzateuHfr3H4DVq2OPe1u+YjkOlh1E61bJncDQokWLuGN79uxJu0ZSh8kk730z
95llSzBLw+8Xe5aDP8EsDavgs1O0hrmnE+3evQsvxluacvcU5OS4Jcd8Ph/efGsW/vnPNxLOMDv2
cV544Tm8+eYs/OHW2zFmzMWc0aEQ5t4YXnv9FaxZE7uHjtKenDYDBQXxNw8nZciZezkI1eCACTxJ
JY4tW7dg69atkmMjR4yEO86bilSNuOgiyQYHAKxcuRJXXXlVUvfTvHlz2O12yQ9T27dvb1KNpAI5
3/DAJNzuzVqX6BjIRA0CEQQS7LOR7PGXlByTjMFn7sUTCAQwY4b00pRrr70eZ53VW/L7ysrKcP8D
92LTpo0pP2Z1dTUef+KvWL/+K0ydeq/wmySLgLk3hsrKSpSUfKttWD2uAAAgAElEQVR2GQiH4+8Z
RsqRM/dyEOrdnsnE/kY8K1asiDtWWVmJ1994PSOPU11THXds7ry5GHvF2KSuolitVvQ6sxfWSExj
3fTNJoRCIVgslibVSsqRs7NrNol3/rbWWSwWFBYWSk4Br62pVaGizKmri7/ELZsffjLKzNzTMf73
v/ex7qsvY27v2LETbrzhZsnvOXCgFH/84x3Ys7dpMzeXLluC6ppqPP7Yk2xyyIy5JzIeOXMvB+Ea
HBSroaEh7vIUILp8ZPmK5bLXsWPHDpRsLsHpPU5P6ut79ZJucBw+fBjfb/se3bp2y3SJJBO5GxyU
eW3aFEk2OMqPxF/3LoKKiiNxx3hyQ2bJ/UGHxLFr1864p6ZMnjQVOTk5MbfX1dXivr/8udHmRutW
rVFQUICDZQdRUVER9+vWrl2DJ6c/gfv/8iCXq8iIuScyHtGyKVaDg/9eSVqzZg2qq+PPrFDS8uXL
k25wdO3aNe7Y2rVr2eAQiJzZNJu4Nk0OrVq2gtTk07KDBxWvJZOOxGnQFBYWJjy9iVJnlrGzydyL
4+jSFKklp9dd9xv06nWW5Pe99tqr2Ly5RHKsQ3EH3HjjzejTpy/y839Zf79//358sfpzvPH6q6is
qoz5vsWLF6JPn74YOWJUmj8NNYa5JzIeOXMvB7EaHGL9bhWzcPFCtUv42YIPF2DCzRMkr9acqEf3
HnC73aitjZ0Sv2TpEvzm+t9wzbwg5MymRbS2sSDatWsvefuOnTsQiURgEvQFd//+/ZK3n3zyKQpX
on9yZpO5F8f7/30PX61fF3N7p04n4Ybf3iT5PSUl3+Lf7/xLcuzCCy7C5Mn3IDs7O2asbdu2GHvF
lRh6zlDcf/99+Hrjhpivef65ZzBo4OCEp7VR+ph7Yzi7d5+EBwIoJSvLqXYJBPGyKdSnR844jLV/
//6Ex8Mqra6uDqtXr8b555/f6Nc6nU6MuGgE3n3v3ZixXbt24dNPP8W5554rR5mUYXJm0yLWa6ow
ioqKJG8/fPgQjhw5gsLCQoUryoySzdKbonXs2EnhSvRPzmwy92LYuXMnXnrpBcmxeEtTAGDOnLcl
bx88eAjuu/d+2Oz2hI/bokVLTJv2FG67/ff44Ydtx41VVlVi4aIFuPqqa5P4CShVzL0xDB16LgC+
B6co0bIpVMvAzD0nY6xctVLtEmJ8uCj5GSXnDo3/4jnrzVkIhbh7sgjkzKZoXWNRtG3bLu5Yaan0
LAitq6yqRGlpqeRYh+IOClejf7ySa2wBvx8zZj4puTTlN9ePw5ln9pL8vrKyg1i+4qOY27OysjDp
7qmNNjeOys3NxZTJ90iOzZ37AcLhcFL3Q6lh7omMR7RscgaHwEKhEObNnxd3/Prrrpd1icfHH38s
uTnY6tVfYO/evSguLm70Pnqe2RNnnH46Nn3zTczY1q1bsWTpEowcMTIj9ZJ85MymVbAXVVEkmtGw
c+cOnH76GQpWkxm7d++KO3ZS5y4KVmIMcmaTude+/7z/Htav/yrm9pNO6ozx42+M+30bNsQuKwGA
q668Bi1btkyphu7de2DIkHOw6oSLPbt27cSu3bvQ+aTOKd0fNY65JzIe0bIpVoODMziO882332DX
Luk39EOGDMEdt98h6+M3b94cM2bOkBz7ZOUnGPebcY3eh9lkxjVXXyvZ4ACAmU/PRM8zesadTk/a
IGc2RXtRFUXz5s3RqdNJ2LVrZ8zYxk0bcckll6lQVdNs2bw57linjh0VrMQY+EHHuHbs2I6/vfyi
5NikSVMS7sP1w/Ztkrf37dsvrVoGDRwc0+AAog1PNjgyj7knMh7RsinUnAg2OI730UexUzyPuujC
i2R//MGDBscdmztvLoLBYFL3M2jQIHTv3l1yrLa2FjOfngl/IJBWjZl24MABRCLc4ftEsjY4LEK9
TAmlf/8BkrevXv05AhrJXCrWb4i9mgwAffr05RGxMpAzm8y9dgX8fjz1VJylKb8ZjzN7Si9NOWrf
vh8lb09m1qeUeLPRDpWVpXV/lBhzT2Q8omVTqGrNQs03kVdtbS0WxtnrIicnB3379JW9hjZt2uCc
IedIju3btw8bN25M6n5sNhtuv+32uOOffvYpXnjheYQj6q6n3b5jB26+5Wa8+tqrbHKcQM5s2gTr
Gouk91lnS95eXV2NH7b/oHA1TVNbW4Mvv1wrOTZgwECFqzEGObPJ3GvXu++9I3l6SefOXfDbBEtT
jqqtiT05DYDkqSnJyMlxS95eX1+f1v1RYsw9kfGIlk2hGhwWNjh+9vnnn8Pj8UiOjRo5KqljWjPh
oovizxRZ9tGypO/nzJ5n4tJLLo07/s6772DWrFmqNRb27N2Duyf9CeXl5Xj9jdfxt5f/xg3MjiFn
Nm2ibd0skB49esTdp2f9V7HHPmrZ119/HXfWWGNXlCk9cmaTudem7dt/iL805e4pSTUpHA6H5O0+
X+yMkGT4/T7J2212W1r3R4kx99SYsrKD+PTTVVi+fBlKSr5NekY3aZdo2RSqwWE2AyahKpbPh4s+
jDs27NxhitXR5+w+cZspCxctRGVVZdL3ddsfbku4Xvblv7+MF158QfGp8yUlJZj4x4k4cODAz7fN
mj0Lz7/wPE95QTSTcm8yajaJ9cIqCrc7FwMHDpIcW/HxcqFmKq1Z84Xk7S1btkSXLicrXI3+mU0m
2dfiM/faEvD78dSMJyU/rIwfdwN69jwzqfspKCiQvL2ioiKtusqPlEve3iy3WVr3R/Ex95SIz+fD
Cy88h4svGY1Jk+/Cvffdg5sn3IBbbrkR27Z9r3Z5lCa5cy8H4doFnMUB7Nq1C19++aXkWIfiDujR
o4diteTk5GDUqFGSY36/H59//nnS9+V2u3HffffBnuCIuLfefgsPPvQgKiuTb5w0xaJFi3Drbbce
19w46l9z/oWnn3na8J1pJTJpF6xzLJIB/aWXb2zdugU7d+5QuJr01NfXY+myJZJj5557HiwWbuCU
aUpkkrnXlnfe+zc2bvw65vbOnbtg/Pgbkr6fznFONNq8pSStur75ZpPk7cU8GjrjmHuKJxwO44lp
f8Vbb8+OGduydQvuuPMP2LNntwqVUVOJmEnhGhwynnoqjE9WfhJ3bMyYMYq/mT/v3PPiji1YsCCl
++rWtRsefvDhhF/z0fKPMO6347Di4xWyXWE+dOgQHnv8MTz48IOSG6kdtWjxIuzeE3tUrpEokUmH
VbiXKmH0SbBfz8oErzVa8uWXa1FXVyc5NnCA9AwVaholMsnca8cPP2zDyy+/JDk2edJUuFyupO+r
22mnSd7+wQf/TXlWZE1NDebPmxtzu91u58wtGTD3FM+6dV9iUZy9AYHo3l6vvPKyghVRpoiYSeEq
thh8SaU/EMC8+fPijg8ZMkTBaqK6d++OjnGOYPx649fYvn17Svd37rnnYuqUqQm/5tChQ7jnz/dg
0uRJ2LBhQ8YaHR6PB//9339x7fXXYq7Em6ZjZWVlYfq06ejS2djH0CmRSbuAL66iaNOmCMOGSTcp
F3w4D4EEDT6tWLJkkeTt7dq1x5lncv8NOSiRSeZeG/wJlqbc8NsbccYZPVO6v+7duqN1q9Yxt2/e
XIIPF6Z2UeTNt2ZJLoU977zhyM3lyUmZxtxTPGu/XNPo1yxf8RFqa2sUqIYyScRMClex1eANjq83
bEBpaankWN++fdFBhSmZFosFY0aPiTu+4uMVKd/npZdcir/c+5dGv+7Tzz7FrbfditvuuA2LFi3C
4fLDKT8WEN1E9JVXX8HlYy/HtCenobZWepf3o+x2O6ZPm45evfjhSYlMZgk4PU4kIy6SXmZWWlqK
teukTybRij179+CTlR9Ljl188aWw2Qz+j4ZMlMgkc68N77z7b2zaFHsq2iknn4Jx436b8v3Z7HZc
d/04ybGnnpqGdeukl+CeaN78uXjzzVmSY5decnnKdVHjmHuK58iRI0l9XW2t9GxL0i4RMyncgg+j
z+BYumxp3LGRF41UsJLjDRk8BM+/8Lzk2Lz58zB+3Pi4O6fHM3r0aDTLa4YHH3ow7vTzo9avX4/1
69cDAPr3648ePXrgpE4noahtEdw5bjidTjgcDoRCIXg8HlRVVaH0wAFs3/4DVq9Zjc2bNyddV4fi
DnjggQdwWjfpabZGo0QmRZweJ5I+ffqiZcuWOHToUMzY+++/h0EDB6tQVXIWJ9hw+dyh5ypYibFw
qroxbNv2Pf7+d+mlKXdPmgqnM/mlKccaOWIU3n//Pezeveu42/1+P/7vrjsxceJd+PWYiyXfN1RX
V+Ptf72J2bP/KXnfw4dfgNNPPyOtuigx5p7iadmiRVJfx5lV4hExk8I1OKw2wGQCBNrcP2MqKiqw
eMliyTG73Y7+/fsrXNEviouL0a9vP6xZGztF7fDhw1i/fj0GDBiQ8v0OHjQYr7/6Oh7966P4tuTb
pL5n9ZrVWL1mdcqPlYxhw4Zh8t2TkZ+fL8v9i8ZkUmYGh8NqhtkEhA2YeyU4HA5cfPGlePXVv8eM
rV79Bb7//jv86lenqlBZYtXV1fjP+/+RHDvnnKFo1669whUZg9mk3Acd5l49Pp8v4dKU03ucnvZ9
Z2dnY/KkqfjDbb+LGQsGg5gx40nMmfMWhg+/AB07doLL6UJNbQ2++24rli9fhurqasn7zc/Lxx23
35l2XRQfc0+J9O3bH2++FbvB6LEuvOCiuCcvkjYplftME69iANb4h2zo2qpPV8U9sWPkyJFo1kzd
I9FGjBgRdyxeYyYZHTt2xPPPPY+bbrwJVpV2mW3WrBkm/WkSHn34UTY3jqFkFrOsPAlDTqNGjo57
gtGcf/9L4WqSM2/+3LjrecdecZXC1RiHkllk7tXzzjtzJE8oSXdpyol69ToLd/9pctzx0tJSzJ79
Tzz88AOYes8kPPbYI/jvf/8Tt7lhtVrxyCOPoZXE/h7UdMw9JXLWWb0xZvSv447n5+XjpptuUbAi
ygRRs8gGhyAikUjCE0nOi7NJoJIG9B+ArKwsybElS5fg8OH09scAAKfTiVsm3ILZs2Zj8GBlp8tf
d911mPP2HFxxxRU8bvIEijY4bEK+XAmjdes2GDtWuimwePFCzZ1hX11djX+9/abkWO+zzsZZZ/VW
uCLjUDKLzL06yssP441/vCY5Nmly+ktTTnT55WMxceJdTb6frKwsPPH4dPTufXYGqiIpzD0lYjKZ
cPfdUzB+XOyR0T16nI7nn38JxcXFKlRGTSFqFoWs2mbABse2H7bFXaLRpk0b9Ox5psIVxcrNzcWI
i+LP4lj16aomP0bnkzpj+rTpeOXvr8ja1HG5XLjqqqsw519zcOftd6J58+ayPZbIlMyiU9AXWZFc
dukVcWdJxVvvrpb/ffC+5OkJAHD9b8bBZBJvUyxRKJlF5l4dhYUt8Nqr/4g5IeXGG29Gj+7pL005
kclkwjVXX4snp81AYWFhWvfRuXMXvPTSKxg0SLt7BekBc0+NcTgcuPXW27Bg/iI8PfM5TJv2FGb9
8y28/LdXeWyzoETNouX++x98UO0iUmUyAw2JD7nQnf/85z/YuDF2F3MAuPaa63B2b21crXRkObAw
zjnYRyqO4JKLL2nyBw+TyYTWrVrjvPPOwwUXXIDWrVvjSPkRVFZKf9hJRa9evXDLhFswdfJUDD1n
KJejNCInHzAr9NpnNgEVHuklWpQZubm5qKquwubNJTFjO3ftxOmnn4G2bdupUNnxSktL8Zf7/yy5
ZK9nzzNxy4Tfs8Eho9ZuOyxmZX6/zL16Cgqa48ILLoLT6cTXGzfg5C4n494//0WWk4k6dOiICy64
ECazGVu3bkE4HG70e9zuXEyY8DtMunsK2rZtm/Ga6HjMPSXL5cpG+/bt0bFDRxQWFsKs1BtFyjgl
c59JpmBQzO06y/cD4ZDaVZBWhCNh7PtxH77//nuUbC7Bjh07sO2HbXHX6gKA2+1G165d0fXUrvjV
r36F07qdhtatuXY3WWYLUKjwe8pthz0IcOcxWZWWluLa666E1+uNGevWtRv+/vJrsMXZq0Mpf/3r
w5i/YJ7k2HPPvog+ffoqXJFx2MwmnNIiM8sTksXcq++777YCAE49tavsj1Vefhir16zG1xvWY9M3
m7B//76fx04++RT06HE6ep91Ns4++2y43TyRQQnMPZHxqJH7TBG2wVFTDng9aldBWhaJRFBdXQ2v
1wuf34eAPwCr1Qq73Q63242cnBxe5W2CLBeQm96M4rTtq/ah2surOnJ76+3ZeOGF5yTH/u+Pf8JV
V12jcEW/WLt2DSb+8XbJsQsvHIGHHnxE4YqMpVmWFe2apXbkd1Mx98YWCoXg9/vgcGTxSrBKmHsi
41Ej95ki7L8UNum9LIl+ZjKZkJeXh9atW6NDcQd06dIFHTt2RFFREdxuN5sbTaRGBl02bvKqhMsv
G4uTTuosOfa3l1/E3r17Fa4oyuPx4JlnZ0qOZWVl4Xe33KpwRcajRgaZe2OzWCxwOl1sbqiIuScy
HpEzKOy/FjYxG0pEuqFGBrPtwr5kCcXpdOK2P9whOeb1ejHz6acQCAQUrgp4443XsGvXTsmxCTf/
DkVFRQpXZDxqZJC5J1IXc09kPCJnUNjKrTbAIr3ZPxHJzGKNZlBpDqsZdgtn3ihhwICBGDVytOTY
mjVf4J135yhaz+rVX+Ctt2dLjnXv3gOXXz5W0XqMyG4xwWFV/m0Dc0+kHuaeyHjUyn2miFs5ADuX
qRCpQs3sZdvZ2VSCyWTC7XdMjDsr4uWXX8KmTdInO2VaWdlBPP7Eo5JjdrsdUybfg6ws/oMgNzWz
x9wTqYO5JzIe0bPHBgcRpUzN7OU4xF0TKJr8vHxMmfxnybFgMIgHHrgPZWVlstbg9XrxyCMP4dCh
Q5Ljt992J04++RRZa6AoNbPH3BOpg7knMh7Rsyd2g8OpdgVExqRm9tx2sV90RdO3bz/85jfjJcdy
c3NRW1sj6+PX19fHnZ0xaOBgXHbZFbI+Pv1Czewx90TqYO6JjEf07And4DCZAAebHESKcjij2VOL
yQS4Be8si+bmm25B3779jrvtyiuvxksvvYIuXU6W9bGbN2+OJ56YjokT74LV+suUyXbt2mPq1HuP
u43k43ZYmHsig2HuiYxH7dxngikYjETULqIpGuqA2gq1qyAyDncB4MxRt4bKhiBKa3zqFmEwhw8f
wu9+fzP8fj8mT7oHQ4aco3gNW7duweOPP4rde3bj5b+9im7dTlO8BqMqynUg36luM4m5J1IWc09k
PFrIfVMJ3+AIh4HyfWpXQWQche0As8pzv0LhCL477FG3CAPatu17NGuWh1atWqlWQ319Pb7//jv0
6nWWajUY0aktXLCY1b2kw9wTKYu5JzIeLeS+qYRvcABA9WHA16B2FUT653ACzVqoXUXU3iovan0h
tcsg0j23w4LiPG3s6s3cEymDuScyHi3lvimE3oPjKIdL7QqIjEFLWct1iD19jkgUWsqalmoh0jMt
ZU1LtRDpmV6yppsGh+iboRBpncmkrQZHsywrc08kM5MpmjWtYO6J5MfcExmP1nLfFLpocGjtgxeR
HmmtkainF2IirdLaBwvmnkh+zD2R8Wgt902hiwYHAGRlq10Bkb5pMWN5fMNDJCstZkyLNRHpiRYz
psWaiPRETxnTTYPDngVYbWpXQaRPVls0Y1qTbbfAYdXNyxiRpjisZmTbLWqXEYO5J5IPc09kPFrN
fbp09UqhxSvMRHqg5WzpqeNMpCVazpaWayMSmZazpeXaiESmt2zpq8GRo3YFRPqk5WzlO/X1okyk
FVrOlpZrIxKZlrOl5dqIRKa3bOmqwWE2A04NfxAjEpEzJ5otrbKYTbp7YSZSW77TCotZu7uNMfdE
mcfcExmP1nOfDg1/bEmPlq80E4lIhEzlO7kBD1EmiZApEWokEokImRKhRiKR6DFTumtw2OyA3al2
FUT6YHdGM6V1TpsZbod+NkciUpPbYYHTpv23B8w9UeYw90TGI0ruU6W/nwiAS4ArzkQiEClLeuxA
E6lBpCyJVCuRlomUJZFqJdIyvWZJlw0OuxOwOdSugkhsNodYs6HcDgtcNl7VIWoKl80i1NVR5p6o
6Zh7IuMRLfep0GWDAwBcbrUrIBKbiBlq7uLmY0RNIWKGRKyZSEtEzJCINRNpiZ4zpNsGh8Mlxt4B
RFpks0czJJrcLKsu1xISKcFpMyM3S7w3PMw9UfqYeyLjETX3ydL1K4MrV+0KiMQkcnYKXfpcT0gk
N5GzI3LtRGoSOTsi106kJr1nR9cNDoeLe3EQpcrmEHP2xlG5WVauzSVKkctmEfpqDnNPlDrmnsh4
RM99MnTd4ACAbIGvRBOpQQ+ZKczWd2eaKNP0kBk9/AxEStJDZvTwMxApyQiZ0X2Dw+4EHAKdBEGk
JodTrJNT4nE79LszNFGm6SUvevk5iJSgl7zo5ecgUoJR8qL7BgcAuJqpXQGRGPSUlRbZ3GWYKBl6
yoqefhYiOekpK3r6WYjkZJSsGKLBYbMDTgGPvCRSktOtr5OHnDYzCnS+iRJRUxW4bLo6iYC5J2oc
c09kPHrLfSLG+CkBZDcDTIb5aYlSYzJHM6I3LbNtsJhMapdBpEkWkwktdbgWl7knio+5JzIeveY+
HsN85DebgRwdfoAjyoScZtGM6I3FbELLHOO8oBOlomWODRaz/j4QMPdE8TH3RMaj19zHo8OPNPE5
3Tw2luhENoe+l3AVuGzItut/QyWiVGTbLbqe0s3cE8Vi7omMR++5l2KoBgcA5OSpXQGRthghEy1z
dLS5CFEGGCETRvgZiVJhhEwY4WckSoURM2G4BofNAbhy1a6CSBtcucaY1eSymQ1x7jdRMgqzbXAZ
YKMx5p7oF8w9kfEYJfcnMt5PjOgVa6vxmllEx7HajTF746hWOXZkWQ35kkf0syyrGa0MdDWHuSdi
7omMyGi5P5Zh02+kD3ZEUoyYgdZuY77QEx1lxAwY8WcmOpYRM2DEn5noWEbOgGEbHPYsIJtLVcig
snOjGTCabLsFLTh1lQyqRbYxN+Bj7snImHsi4zFq7o8ybIMDALLzjLH/ANGxbI7oc9+oWubY4bIZ
90WfjMllsxhyo7GjmHsyIuaeuSfjMXruAYM3OADAXaB2BUTK4nMeaJNr7Bd+Mh4+5/k7IOPhc56/
AzIePufZ4IDVxg98ZBzuguhz3uiyrGYU5XL6FhlDUa6DG+6BuSdjYe6jmHsyEuY+ir8BAM6c6B8i
PePz/Hj5Tivynez2kL7lO23Id1rVLkMzmHsyAub+eMw9GQFz/ws2OH7iLuB+HKRfNgdnKkkpyrUb
8nxwMgaXzYwiTlWNwdyTnjH30ph70jPm/nhM+jHcBYCJvxHSGZOZzY1EinIdMJtMapdBlFFmk4nT
shNg7kmPmPvEmHvSI+Y+Fj/OH8NqA3L5QZB0Jpf7biTksJrRthn/YSB9advMAQfX4cbF3JMeMfeJ
MfekR8x9LP42TuBwATkGPkKT9CUnL/qcpsRyHRa0MviRWqQfrXLsyHXwaMTGMPekJ8x9cph70hPm
XhobHBJcuYDTrXYVRE3jdEefy5ScwmwbClyc6kJiK3DZUJjN53GymHvSA+Y+Ncw96QFzHx8bHHG4
8wGHU+0qiNLjcEafw5SaNm52wklcuQ4L2rh5ZTJVzD2JjLlPD3NPImPuE2ODI4FmhTxZhcRjc0Sf
u5Seds2y4LLxTQ+JxWWzoF2zLLXLEBZzTyJi7puGuScRMfeNY4MjEVP0g6KFs39IEBbbT80NbhKe
NpMJaJ/HDZtIHA6rGe3zHODhAOlj7kk0zH3TMfckGuY+OUx0I8yW6AdGMxu8pHF8rmaO1WxC+2YO
2Mz8F4S0zfbTc9XK52qTMfckCuY+c5h7EgVznzw2OJJgtQHNWgAm/rZIo0zm6HOUx8FmTrRLngUL
/yEhjbKYTWifl8WrjxnE3JPWMfeZx9yT1jH3qeFvKUk2O5DHJgdpkMkcfW7auNdQxjltZhTnZcHM
uYCkMWaTCcV5WXDa+I9SpjH3pFXMvXyYe9Iq5j51/E2lwOZgk4O05efmBjfDlY3LZkaHPAff9JBm
mE0mdMhzwMU3O7Jh7klrmHv5MfekNcx9ekzBYCSidhGiCfiAqsNAJKx2JWRkbG4oyxMIY2+VF6Ew
XzJJPRZz9EoO3+wog7knLWDulcXckxYw9+ljgyNNAT9QfRgIh9SuhIzIbInuucFlKcpqCITxY5UX
Ab7pIRXYflqDy2mqymLuSU3MvTqYe1ITc980bHA0QTAAVJcDoYDalZCRHD0KlhuKqsMXDOPHah98
QU7hIuU4rGa0b8bjDNXC3JMamHt1MfekBua+6djgaKJwKNrkCPjUroSMwObgUbBaEAxH8GOVD54A
p3CR/Fw2C9rn8Wg4tTH3pCTmXhuYe1ISc58ZbHBkQiTa5PA1qF0I6ZnDGW1ugK95mhCJAPuqvajx
8U0PySfXYUG7ZlngnnfawNyTEph7bWHuSQnMfeawwZFBtZVAQ63aVZAeOd2AO1/tKkjKgVo/Kjxc
p0aZV+CyoY2bG+1oEXNPcmHutYu5J7kw95nFBkeGeWqAuiq1qyA9yckDXLlqV0GJlNcHUFbnV7sM
0pFWOXYUZnOjHS1j7inTmHvtY+4p05j7zGODQwY+D1BTwWNkqWlMZiC3AHC41K6EklHjC2F/tQ9h
vqRSE5hNJrRt5kCugxvtiIC5p0xg7sXC3FMmMPfyYYNDJsEAUFvBzUcpPTYH4C7gSSmi8QXDKK3x
wRNgd5NS57KZUZTLndNFw9xTUzD3YmLuqSmYe3mxwSGz2gqgoU7tKkgkzpxoc4PEVVrjR2UD1+lS
8vKdNhTlcv2tyJh7ShVzLz7mnlLF3MuPDQ4FNNRFGx1EjXEXRBscJL7KhiBKaziFixpXlOtAvtOq
dhmUAcw9JYu51w/mnpLF3CuDDQ6FcMkKJcIlKfrkDYZxoFA3KGEAACAASURBVMYPT4BHy1Esl82C
Nrl2ZHGKqq4w95QIc69PzD0lwtwriw0OhdVXAfU1aldBWpKdC2TnqV0FyelQnR+H6zmFlX7RItuG
ljmcoqpnzD2diLnXP+aeTsTcK48NDhX4vdGjZIM8ZcrQrPboEbD2LLUrISXU+0M4WOuHN8gNyYws
y2pGa7cd2Xbumm4EzD0BzL3RMPcEMPdqYoNDRXVVgIezOQzJlRttbpDxlNX5Uc6rO4ZUmG1DK17F
MSTm3riYe+Ni7o2LuVcXGxwqC/iijQ7uzWEMNke0sWFzqF0JqckTCONQnR/1fq7VNYJsuwUtc+xw
2bj21siYe2Nh7glg7o2GudcGNjg0oqEWqKsG/p+9+46TpKrXP/5U6DAzO7OBZQm75CBBBQFJeo0/
BcQLImAkg4KSkyA5CIKSgyQTIiJBJKMYCRcviFxBJUkQlri77O7M7PR0d6XfHz0LC9s9OzMdqk7V
5+1rXju7p606PfRTU/Wtc05FjGZLJcuWJk2Wunrj7gmSZH7J05xFngIOw6nkWJZmTMppWjerB+Nt
5D7dyD3qIffpRu6ThQJHgoShNNRfK3YgPbp6pZ7Jkk0xF3UEYaQ5Q57mlxjGmibTunOa0ZOTY1tx
dwUJRO7TidxjNOQ+nch98lDgSCCvKpX6pcpw3D1BMwpdUvdkKccUPIzBsBdq7lBVgxWGsZqst+Bo
+Z68uhieijEg9+lA7jEe5D4dyH1yUeBIsOpw7ZGyrM9hllyh9ujXfFfcPYGJBiuB5g15Knmc+Jik
O+doek9OvQVWS8f4kXszkXs0g9ybidwnHwUOA1RKtaeteDxWNtFy+drTUQrdcfcEaTBQ9jWv5GnY
Y2GeJOvK2ZrenVNf0Y27K0gBcm8Gco9WIvdmIPfmoMBhkEpJKg0yoiNpcgWpu5fCBtpjoOzrzZLP
HZ6E6c45Wq7b5UQHbUHuk4nco53IfTKRe/NQ4DBQdVgqLar9ifjku6TuSUxFQWcMVgItGPaYsxuz
3oKjqV0MTUVnkPtkIPfoJHKfDOTeXBQ4DOZVpfIiaXhR3D3Jlq5JUnESi4ciHsNeqAXDnhYM+3F3
JVOmdrma2pVjMTHEgtzHg9wjTuQ+HuTefBQ4UiAMa4WO8pDk8+SptnBzUrGnVtjgca9IgiCMtGDY
18Kyr4rPvN12KLi2phRdTe1yefwbEoHctx+5R9KQ+/Yj9+lCgSNlquVaoaNSkvgv2xzLqq2rUeyR
8sW4ewM0NlQNtLDsq7/sk/smWZY0uehqStFVT55hqUguct865B6mIPetQ+7TiwJHSkVRrchRKUkV
1uoYl0JXrbBR6K4d/ABTRJHUX/Y1UPGZuztOvQVHfQVXk4suuYdRyP3EkXuYitxPHLlPPwocGRCG
tUJHdZhiRyOFrtpioYVupqAgHYIw0kAl0CAnPw31Fhz1Flz1FRyGpCIVyP2ykXukDblfNnKfLRQ4
MiaKaoWOarn2FWR03SLHrU07yRdrhQ0quEizKJIGq4EWVQINVX1Vg2we9vOOpZ68q0kFR715h9wj
1ch9DblHlpD7GnKfbRQ4Ms73JK8ieWWpWpHClBZ+bUfKF6RcUcoVaouGAllV8UMNVUOVvEClaiAv
TOevgZxtqTvvqDvnqCdvq+AyPAvZRe6B7CH3yCIKHHiHwB8peFQlf+TLtE+IZUluvvaVy9cKGo4b
d6+A5KoGoUpeqGEvVNkLVfYDmXYOZFtS0XVUzNnqytnqztnKO5zgAI2QeyB7yD2ygAIHlsn3pMBb
4k+/VgiJYn5SlWXXCheuKzm52qiMxX8CaE7FD1XxQ5WDSNWR76tBpDDmXxm2ZSnvWCq4tvKureLI
99ytAZpH7oHsIfdIGwocmLAwrBU6Qr82tSUMav+2+M8oqhVBomhkFEjUeDSIZUmyan9aVq14YVm1
BT9tZ4k/Hcl2a4UNFgMFOs8PI3lBJC+M5Aeh/DCSH0YKwkhBVFvsLIwihZEURlKkaNTcW7JkWxr5
suTYlhxLcmxL7uIvx1bOtpRzan8H0FnkHsgecg9TUeAAAAAAAADG4x44AAAAAAAwHgUOAAAAAABg
PAocAAAAAADAeBQ4AAAAAACA8ShwAAAAAAAA41HgAAAAAAAAxqPAAQAAAAAAjEeBAwAAAAAAGI8C
BwAAAAAAMB4FDgAAAAAAYDwKHAAAAAAAwHgUOAAAAAAAgPEocAAAAAAAAONR4AAAAAAAAMajwAEA
AAAAAIxHgQMAAAAAABiPAgcAAAAAADAeBQ4AAAAAAGA8ChwAAAAAAMB4FDgAAAAAAIDxKHAAAAAA
AADjUeAAAAAAAADGo8ABAAAAAACMR4EDAAAAAAAYjwIHAAAAAAAwHgUOAAAAAABgPAocAAAAAADA
eBQ4AAAAAACA8ShwAAAAAAAA41HgAAAAAAAAxqPAAQAAAAAAjEeBAwAAAAAAGM+NuwMwVxRJYRQp
iiJFWuL7SIpqr1jq+9FYliRZsup8b1mWbGvx30e+t9r1zgA0Qu6B7CH3QPb4YSQviOSFkfwglB9G
8sNIQRgpiKQgjBRGkcJICiMpGiX7llVLuW1p5MuSY1tyLMmxLbmLvxxbOdtSzqn9HZgIy/eX9WsI
WRdGkcK3DmK1A9toB7FOWXywdOzaCZBtWbJHvgfQHHIPZA+5B7Kn4oeq+KHKQaTqyPfVoHYMiJNt
Wco7lgqurbxrqzjyfcFlAgJGR4ED77D4hCYMIwVRqCA08+NRqwrbsu23T4gA1Efugewh90D2VINQ
JS/UsBeq7IUq+4FMi75tSUXXUTFnqytnqztnK+9Q9MDbKHBk3OITnCCsDT2LUvpxsKzaUDfHtjkB
QuaReyB7yD2QPRU/1FA1VMkLVKoG8kyrZoxRzrbUnXfUnXPUk2eUR9ZR4MigxfPogjCMffhZXGpz
/+y35vsBaUfuyT2yh9yTe2RLFEmD1UCLKoGGqr6qQTZzn3cs9eRdTSo46s07rOOTMRQ4MiCKJD8M
R050wri7k0iubct1bLm2zUEQqUDul43cI23I/bKRe6RNEEYaqAQarPgarARxdyeReguOeguu+gqO
HBYvTT0KHCnmBZzkTMTik58cd3pgIHI/MeQeJiP3E0PuYaookvrLvgYoaoxbb8FRX8HV5KJLkTOl
KHCkTBCG8oLaF5qXGznxcWxOfpBc5L61yD1MQO5bi9zDBEPVQAvLvvrLfuxPNzKdZUmTi66mFF31
5J24u4MWosCRAlEkeUEgL8juHNt2sy1r5OSHeXxIBnLffuQeSUPu24/cI2mCMNKCYV8Ly74qPgXN
dii4tqYUXU3tcpnCkgIUOAwWhNFbJzronMUnPhwAEQdyHw9yjziR+3iQe8Rp2Au1YNjTgmE/7q5k
ytQuV1O7curKMZrLVBQ4DOSHoTyfubZxc21bObe2UBnQbuQ+Gcg9OoncJwO5RycNVgItGPZYWyNm
vQVHU7ty6i0wfcU0FDgM4gehqkGgIKXPsDaVY1vKOw6Pn0NbkPtkIvdoJ3KfTOQe7TRQ9vVmyVfJ
o7CRJN05R8t1u+orunF3BWNEgcMAnOiYgRMftBK5NwO5RyuRezOQe7TSQNnXvJKnYY+RWknWlbM1
vTtHocMAFDgSzA9DVf1QAUNTjeLYtvIMZcUEkXszkXs0g9ybidyjGYOVQPOGPEZsGKY752h6D1NX
kowCRwIFYaSqHzDn1nCubSvvsjgZxobcpwO5x3iQ+3Qg9xiPYS/U3KEqa2wYrrfgaPmePIuRJhAF
jgSJIqniB/ICDnhpknMcFVweN4f6yH06kXuMhtynE7nHaIIw0pwhT/NLXtxdQQtN685pRk+OAmeC
UOBICC8IVfF98V8jnSxLKriucszXxRLIfbqRe9RD7tON3KOe+SVPcxZ5Cgh+KjmWpRmTcprWnYu7
KxAFjtgFYaSKHzDvNiMc21aBYayZR+6zhdxDIvdZQ+4hSSUv1JxFVQ1VGa2VBT15RzMm5dXNtJVY
UeCIUcUPVPU54GVR3q0NY0X2kPvsIvfZRe6zi9xn1xuLqpo3xHSULJrek9MKk/JxdyOzKHDEoHYX
x+cxcBnn2JYKrsvdnYwg95DIfdaQe0jkPmuGqoFeH6yq7DNaK8uKrq0Ve/PqyVPg7DQKHB3GXRy8
G3d30o/c493IffqRe7wbuU+/OYuqmsuoDSxh+Z6cZjCao6MocHRIGEUqe8y9RX2ObauYc2Sz9Hqq
kHuMhtynE7nHaMh9OpX9UK8NVFXyKGpiad05Ryv15VV0WZujEyhwdIAXhCp7ftzdgAGKOVZeTwty
j7Ei9+lB7jFW5D49Fgz7enWgEnc3YICV+wqa2uXG3Y3Uo8DRZmWP59xjfHKOo2KOIawmI/cYL3Jv
PnKP8SL35nt1oKoFw0xJwdhN7cpp5T6mrLQTBY42qQ1RZWExTIxjWyrmXIawGobcoxnk3kzkHs0g
92aq+KFeHaio5DEVDePXnbO1cl9BBaastAUFjjbwg1Bl3xc/WTTDsqSi68plCKsRyD1agdybhdyj
Fci9WQYqgV7prygk+GiCbVmaObmgvgKjuFqNAkeLVf1AFVZNRwsVXEd5Vl1PNHKPViP3yUfu0Wrk
PvnmDXl6Y1E17m4gRVaYlNf0nlzc3UgVChwtxPxbtAvzdJOL3KNdyH1ykXu0C7lPrtcGq5pfYr0N
tN607pxW6mVdjlahwNEiw1VfPo+EQxu5tq2uPCsvJwm5R7uR++Qh92g3cp8sUSS93F/WQIWiJtqn
r+Bo1uSiWI6neRQ4mhRFkYZZXAwd4tiWunKuLI5+sSL36CRynwzkHp1E7pPBDyPNXlhRyaO4gfbr
zjlaZUpBrk3um0GBowlhFGm46rPIEDrKtix15VlxPS7kHnEg9/Ei94gDuY9XxQ81u7+iis+ILXRO
wbW1ymSesNIMChwTFIS1OzkRPz7EwLJqd3YcKrwdRe4RJ3IfD3KPOJH7eAx7oWYvLMtjxBZikLMt
rTKlqK4cRY6JoMAxAbWTHY/HwiFWliV15XKc9HQIuUcSkPvOIvdIAnLfWSUv1EsLy0xHQ6wc29Kq
U4rqpsgxbvzExomTHSRFFEnDnscv4A4g90gKct855B5JQe47p1QN9OICihuIXxBGenFBWaUq67+M
FwWOceBkB0nDSU/7kXskDblvP3KPpCH37VfyQr24sMJaO0iMMIr04sKKSh7rwIwHBY4x4mQHScVJ
T/uQeyQVuW8fco+kIvftMzwyLYXiBpImjCK9tLCsYYocY0aBYwzCaPECY3H3BKivdtLDCv+tRO6R
dOS+9cg9ko7ct17Fry0oSuEISRWEkWYvLPNEnzGiwLEM0cij4Vg9HUnHZ7V1+FnCFHxWW4efJUzB
Z7V1/DDS7P4KT0tB4nkjn1Wfz+oyUeBYBqrkMMniu49oDrmHSch9a5B7mITcNy+KpNkLK9wVhzFq
o40qjDJcBgocoxiu+gxXg3GCsHZnBxND7mEict8ccg8TkfvmvNxfVsnjCRUwS8kL9HJ/Oe5uJBoF
jgbKXiA/pKILM/lhqDK/tMeN3MNk5H5iyD1MRu4n5rXBqgYq/NxgpoFKoNcGq3F3I7EocNRR9QN5
AQc9mM0LAlV9PsdjRe6RBuR+fMg90oDcj8+8IU/zS17c3QCaMr/kad4Qn+N6KHC8ix+EqvBLAilR
8QP5AXcml4XcI03I/diQe6QJuR+bgUqgNxZx5xvp8MYiRiLVQ4FjCWEUqewzlxHpUvZZOG805B5p
RO5HR+6RRuR+dBU/1Cv9lbi7AbTUK/0slPtuFDiWUPZ8VqVF6kRR7bON+sg90ojcj47cI43I/ehe
HahQAELqhFGkVwco3C2JAseIshewgjpSKwgjFiGrg9wjzch9feQeaUbu63t1oKqSx11upFPJC/Xq
AFOvFqPAIckLQhYZQ+p5QSCP+blvIffIAnL/TuQeWUDu32nBsK8FwyzGiHRbMOxpwTAjuCQKHLV5
uAznQ0aUPebnSuQe2ULua8g9soTc15T9kOH7yIxXByoqsx4HBQ6G8SFr+MzzM0D28JnnZ4Ds4TMv
vcawfWQMn/mMFzgqfqAgpMqFbAnCbD8akdwji8g9uUf2ZD33cxZVVaLIg4wpeYHmZPxRyJktcARh
pGqGD/rItqqfzUX2yD2yjNwD2ZPV3A9VA80dYt0NZNPcIU9D1ez+3stsgaPiMw8X2ZbFDGTxPQNL
ymIGsviegSVlMQOvD2b7DjaQ5QxkssBRyWg1G1hSEEaZGrpK7gFyD2RR1nL/xqIqCy0i88p+qDcy
OlUlcwUOhqoCb8vK0FVyD7yN3APZk5Xcl7xQ85iaAkiS5g15KnnZK/ZlrsCRpQo2MBZZyEQW3iMw
HlnIRBbeIzAeWchE1hdXBN4ti5nIVIHDC0JWUQfeJQhDeUF6c0HugaWReyB70p77+aVsL6wI1DNU
DTS/lK1RTZkpcERRNhdZAsai4vuKUjhyldwDjZF7IHvSmvsgjDRnUbYu4oCxmrPIy8QUtcUyU+Co
+EEqD+hAK9QuCNJ314PcA42ReyB70pr7OUOeAoIP1BVEkeZkaG2aTBQ4gjCSF6TvYA60khekawEy
cg8sG7kHsidtuR/2wswNwQfGa37J03BGFhzNRIGDVdSBsUlTVtL0XoB2SlNW0vRegHZKU1bmDmVv
EUVgIrKSldQXOPwwlM9CY8CYpCUvaXkfQCekJS9peR9AJ6QlL4OVQIOV9BRrgHbKSl5SX+Co+uYf
vIFOSkNm0vAegE5KQ2bS8B6ATkpDZuZlaF0BoBWykJlUFzh8HhMHjFsQhvINfowcuQfGj9wD2WN6
7gfKvkpe+u9GA61U8gINlNP9pLFUFziqLDQGTIjJ2TG570CcTM6OyX0H4mRyduaxsCgwIWnPTmoL
HLW7OelZIRropCCMjLyrQ+6BiSP3QPaYmvuBsp+ZJ0IArTbshakexZHaAofJFWkgCUzMkIl9BpLE
xAyZ2GcgSUzM0Jul9F6cAZ2Q5gylssDhh9zNAZoVhJFRK6yTe6B55B7IHtNyP1gJWHsDaFLJS+8T
VVJZ4PBSsCo0kAQmZcmkvgJJZlKWTOorkGQmZWnBcLrXDwA6Ja1ZSl2Bw7QqNJBkptwdJfdA65B7
IHtMyf2wF6b2rjPQaYOVIJVr2aSuwOEZOI8QSDITMmVCHwGTmJApE/oImMSETKX1jjMQlzRmKlUF
jiiSPANXggaSzAtCRQm+qUPugdYj90D2JD33QRhpwXB6F0YE4rBg2Ddi9NZ4pKrAYULlGTBRkrOV
5L4BJktytpLcN8BkSc4WxQ2gPdKWrZQVOLibA7RDkrOV5L4BJktytpLcN8BkSc7WwnK6LsKApEhb
tlJT4AjCUGGSx9UBBgujSEECF/Mj90D7kHsge5Ka+6FqoIpBT3oBTFLxQw1Vkzt6a7xSU+BIcsUZ
SIMkZiyJfQLSJIkZS2KfgDRJYsbSdocZSJo0ZYwCB4AxSWLGktgnIE2SmLEk9glIk6RlLIqk/hRd
fAFJ1F/2E73I8HikosCRtAMxkFZJylqS+gKkWZKylqS+AGmWpKyl6cILSKo0FRJTUeDwE3QQBtIs
SVlLUl+ANEtS1pLUFyDNkpS1gUo6LrqApEtL1owvcESR5CdwMSQgjfwwTMRdFHIPdA65B7InKbkP
wkiDlfQsfggk2WAlUBAmIPhNMr7AwckO0FlJyFwS+gBkSRIyl4Q+AFmShMwNUNwAOioNmTO/wJGg
IXRAFiQhc0noA5AlSchcEvoAZEkSMjeYkiHzgCnSkDnzCxwJqC4DWZKEzCWhD0CWJCFzSegDkCVx
Zy6KxPQUoMMGK0Eipqc1w+gCRxIqy0AWxZk9cg/Eg9wD2RNn9garFDeAOJiePbMLHClYBAUwUZzZ
I/dAPMg9kD1xZm8RozeAWJiePaMLHAHDVYFYxJk9cg/Eg9wD2RNn9oaq5q8FAJjI9OwZW+AIo0ih
6ROEAEPFlT9yD8SH3APZE1f+Kn6oakDugThUg0gV39wbC27cHZioNDyjFzBZEEayHavj+4Q5oijS
q6++qtkvvajX33hdQ0NDKg+XVSgW1NMzSSussIJWWWVVzZw5U7ZtbL09U8g9xmJwcEAvPP+CZr88
W4sGB7Vo0SK5rqvunm6tuMKKmjlzllZbfXU5jhN3VzEGceR+qGruxRWQBkPVUAXXzHMzgwscHPji
9Morr+g//3kh7m6op6dHG2/8gbi7kUlBGCrndPbAR+7N8NRTT+me396te+75rZ5/7rllvn711dfQ
Nttup09/ehutv8EGHeghJorco5H58+frvvv+rLvuvFMP3H/fMl+/woorapttttWnt9lWG2/8AYqc
[...]
b9fdCjdQ4BgC9rtHVRpxpCadHiOQe1SF3JuD3KMq5N4c10xLN8/W3Qr4YNuYtHO87lbYjwLHGnXS
TGnORDxUJ4lCtRI20a4TuUfVyH39yD2qRu7r9/MpaVe37lbAJ0c1+4uPYvUocKzBbJopo7ODGsRR
qDE6PbUg96gLua8PuUddyH19/mtS2tOruxXw0eaGdJ+JulthLwocqzTby5SxLRxqFIehxhp0eqpE
7lE3cl89co+6kftqlZJ+ul/axzawqNHGRDp5g8Tm0StHgWMVZnoZe97DCFEYqk2npxLkHqYg99Uh
9zAFua9GUUo/nexvBwvUbUMinTwhhVQ5VoR9qFaIzg5MkheFZnpsVThq5B4mIffVIPcwCbkfvVIU
N2CW/Wn/M8lohJWhwLECs3R2YKC8KDRLp2dkyD1MRO5Hi9zDROR+tH66n+IGzLM/7X82sXwUOJZp
NmUOLsyVFYVmUzo9w0buYTJyPxrkHiYj96PxX5OsuQFz7Uv7n1EsDwWOZeiwejoskOWFOnR6hobc
wwbkfrjIPWxA7ofr51PslgLz7en1P6tYGgWOJXSznH3vYY00L9TN8rqbYT1yD5uQ++Eg97AJuR+O
a6alXd26WwEsz65u/zOLxVHgWEQvy9Xjlwcsw+d2bXj/YCM+t2vD+wcb8bldmxtnpJtn624FsDI3
z/Y/uxiMAscAVMZhM65Erg65h83I/eqQe9iM3K/Oro50HSeJsNR1M/3PMBZGgWMBecHcRtivk7IL
wEqQe7iA3K8MuYcLyP3K7E+lnx+ouxXA2vz8ALv+DEKB4zBlWWo25UoO3DCb5ipLds9eCrmHS8j9
8pB7uITcL0+3kH7GQo1wxM+m+p9p3BUFjsPwCwIuoQO/POQeLiH3y0Pu4RJyvzw/n5J6nBDCEb2C
nVUWQoHjEJ00Z4gfnNMfgk2nZxByDxeR+8WRe7iI3C/uaob0w0H70/5nG3eiwDEnzQulOb8U4KY0
ZxGyhZB7uIzcL4zcw2XkfmG3daRbWJQRjrqlI93K5/sgChySirJkkTE4r5NmKhiOfRC5hw/I/V2R
e/iA3N/VgUz6BVe44birDvQ/66DAIUl0duANPut34r2AL/is34n3Ar7gs36nqyhuwBN81vu8L3B0
s1x5QZUbfsiLUt2ModnkHj4h933kHj4h933XTHNVG/44kPU/877zusCR5YV6HPzhmV6WK/N4fi65
h4/IPbmHf3zP/R096ebZulsBVOvm2f5n32feFjhKSR06O/BUJ8vl43VMcg+fkXvAP77mPivZWQL+
uvpAPwO+8rbA0U0zlSzABE+VZamuh/NzyT18Ru4B//ia+2umpZ6/g1fguV7h91QVLwscWV6whRa8
l+aFV0NXyT1A7gEf+Zb73V1pF1tmwnO7Ov0s+MjLAgeLLgF9PmXBp9cKLManLPj0WoHF+JKFopSu
9fjKNXCoa6f7mfCNdwWObpazNzgwpyj9WGWd3AN3IveAf3zJ/XUzUtefwSrAorpFPxO+8arAkRcl
q6gDh+k5vnUiuQfujtwD/nE995Mpu6YAh7t5tp8Nn3hV4PChcg2shsvZcPm1AWvhcjZcfm34f+3d
d5wV1d3H8e9tu3eXpUhHQUVsUYh5HjEmdmOiMZrEGGPsiWJFOgiKYkGqUpauRgU1tjRjTYwxxhpN
1Gii5rFgV5oidestzx8DEeXeZcudmXPOfN6vFy9ecnbv/Hbd792Z3zlzBm3hcjbej+BMNdAcUctG
ZBocjdmcsjnWrAGFZHNubsRH7oHiyD0QPa7mfkWdtDZis9RAc61tlJZHaOPdyDQ4XO5YA6XgYkZc
/JqAUnIxIy5+TUApuZaRvKI3Qw201Ac1XlaiIBINjvpMVnk2GgOalHdsAzJyD2wbuQeix7Xcf1Aj
Nbi3KAUoqYacl5UocL7Bkc+z0RjQXA2OXByQe6D5yD0QPa7kvj5CF21AW30QkacMOd/gcKlDDQTB
hcy48DUAQXIhMy58DUCQXMjMhzQ3gBaJQmacbnDk8nknN1IC/NSYzSln8awOuQdajtwD0WN77muy
0do4ESiF5XVedlzmdIODpapA69icHZtrB8Jkc3Zsrh0Ik83Z+bg27AoAO7meHWcbHMzmAK1n66wO
uQdaj9wD0WNr7muy3qNhAbTcCsdXcTjb4LC5Iw2YwMYM2VgzYBIbM2RjzYBJbMyQ6zPQgN9czpCT
DQ5mc4C2s21Wh9wDbUfugeixLfd1rN4A2mxFnZclFznZ4OBkBygNm7JkU62AyWzKkk21AiazKUts
LAqUhqtZcq7BkZedS+0AEzVksrJhTofcA6VD7oHosSX32by0zNGLMiBoy+q8TLnGuQZHIyc7QEnZ
kCkbagRsYkOmbKgRsIkNmVpeJ+UcvCADwpDLu7mKw70Gh0VL7AAb2JApG2oEbGJDpmyoEbCJDZli
7w2gtFzMlFMNjkzOrk2SABvk8nllcuae9JB7oPTIPRA9pud+dYNUa/4iE8AqtVkvWy5xqsFhQ+cZ
sJHJ2TK5NsBmJmfL5NoAm5mcrZUOzjQDJnAtW840OPL5vDIGvykDNstkc8obOFtK7gH/kHsgekzN
fX1O+tSxWWbAFJ82eBlzhTMNDpM7zoALTMyYiTUBLjExYybWBLjExIytcmyGGTCNSxmjwQGgWUzM
mIk1AS4xMWMm1gS4xMSMraoPuwLAbS5lzIkGRzaXZ7MxwGe5fF5Zg57NRu4B/5F7IHpMy/26RqmG
zUUBX9Vkvay5wIkGh8k7PgMuMSlrJtUCuMykrJlUC+Ayk7LG3htAMFzJmhMNDhOX0gEuMilrJtUC
uMykrJlUC+Ayk7L2iUNL5wGTuZI16xsc2VzeyN2eARflDVm2Su6B4JB7IHpMyf3aRqnBnF4L4LSG
nJc521nf4DBpCR0QBSZkzoQagCgxIXMm1ABEiQmZW+3IknnAFi5kzv4Gh0FL6IAoMCFzJtQARIkJ
mTOhBiBKTMicCxdbgE1cyJzVDY5cnt3UgaCFnbuwjw9EUdi5C/v4QBSFnbsNGamOp6cAgarLetmz
mdUNDhM6y0AUhZk9cg+Eg9wD0RNm9tY4MJMM2Mj27Nnd4DBg8yMgisLMHrkHwkHugegJM3trHNjs
ELCR7dmztsGRl5Q1YPMjIIqyuZzCOOUh90B4yD0QPWHlPpt342kOgI3WNnoZtJW1DQ5OdoBwhZFB
cg+Ei9wD0RNGBmluAOGyOYPJsAtoLROezY3mq6mp0QcfvK8P3v9An61ZrZqNNcpms6qqqlJVVZX6
9NlRfXbcUZ06dQq7VDRTNpdXMuAWKbkHwkXuo6mmpka1NTVhl1Fy6YoKtWvXLuwyjBdG7m2+uAJc
sLZR6lwWdhWtY3GDgxkd09XW1urxvz6mv/zlUT3yp4dVX1+/zc858MCDdMS3v6NvHfFtde/ePYAq
0VpeBhMhHBNAWMh99KxevVrnnH2m/vPaa2GXUnKjx4zVoLPPCbsM44WR+3U0OIBQ2ZxBKxsc3v24
zOiYqq6uVr/5za+1+KabtGzZxy363KeffkpPP/2Urpk+TSefcqpOP+Nn6tmzp0+Voi2yubzykmIB
HY/cA+Ej99FSW1uri8dd5GRzA80XdO6zefsfUwnYbkPGy2IiqOCXkJV7cOSYzTHWiy88r1NPOUlT
Jl3d4ubGlurqarX45ht1/HHf169/fbeyOR6EbqIgs0juATOQ+2jIZrOaPGminnryibBLgQGCzOJ6
mhuAEWzNopUNDmZzzJPL5fTL227VaaeeXNKZnjVr1uiKCZdp/MXjtG7d2pK9LkojyCySe8AM5D4a
Fi2cr9/99jdhlwFDBJnFDRYvjQdcYmsW7Wxw5DnhMUk2m9XUKZM1ZfLVvh3j/vvu1bnnDNKqVSt9
OwZaLsgsknvADOTefb/59a+0cMH8sMuAQYLMIrenAGawNYtW7sGRY0bHGNlcVtOmTNbtt9/WrI/v
0KGj9txzT3Xt1k3JZFKffvKJ3n777WbdzvKvl1/WhRecrwWLrlO3bmxAaoIgs0juATOQe7c99eQT
unzCpQXHksmkLr3scnXt2jXgqtoml89r+NALwy7DakFm0daLKsA1tmbRugZHPu/9ooIZFt900zab
G+3atdPpZ/xMh3/rCO2xx54qK/viM4dyuZzefecdPffcs1qy5GZ98P77RV/rlVf+rfEXj9O8BYuU
TqdL8jWg9XL5vPJ5KebzBkTkHjAHuXfXa6+9qtGjRhQdv3rSFP3wuB8FWFFpsI9X2wWV+8acVM/W
O4AR6nNeJlOW3fNhWbmc7JjkySce16yZ1zb5MSeeeJL++PCfNWz4SA0Y8NWtmhuSFI/HtUu/fjr5
lFN1730P6JLxlymZLN57e/rppzR71ow214/SCCKT5B4wC7l3z0cffaQRw4Zo/fr1BceHjxhpZXMD
pRNEJmvoRQFGsTGT1jU4snnauib49NNPNfGqK5r8mCnTpuuKqyaqSwuWsqbTFTr9jJ/p9jvv1g47
7FD042679RY9+cTjzX5d+CeITJJ7wCzk3i1r167R6FHD9eGHHxYcP/mUU3XOuec3+Roff/yRPvlk
lR/lFfTyyy8Fdix4gshkjaVL4gFX2ZhJ6xoc3I9rhvnz5uijjz4qOj5zVrWOO+54xVq5lnHAgK/q
uhtubLLJMWnSRK1fv65Vr4/SCSKT5B4wC7l3R11dncZfcrH+9fLLBceP+PZ3NHbcJYrHi58yvvfe
uzr3nEEaMWyoPvvsM79K/a8li2/WyT/9ie6843bfj4XPBZFJG2eLAZfZmEn7Ghyc74Tu1Vdf0d13
3Vl0/JLxl+no7x3T5uP067erZlXPVXl5ecHxD95/X7+6++42HwdtE0QmyT1gFnLvhlwup+nTpuix
vzxacPxrX/sfTZ4ytejvYUl68803dM6gM/X20qV68cUXNHrUiKK3uZTCr+6+S9dMnypJunrilVp8
843KcztTIILIZK2FF1OAy2zMpIUNDn6Jhe26RQuLjh111Hd1yqmnlexYAwZ8VRdfUng3d0m64fpF
gS6Jxda4Fx+IHnLvhht/cX3RCYudd+6rWdVz1KFDx6Kf/+qrr+jcs8/6wq0tz/7tGV08doxqampK
Xu/9992rK6+Y8IV/u/aa6bpu0UKaHAEIIpN1Fl5MAS6zMZPWNTj4BRau/7z2mh798yMFx8rLyzVq
zFglEomSHvOEn5yor399/4Jj69ev1wP331/S46FlgsgkuQfMQu7td+/v71H17FkFxzp16qTZc+aq
Z89eRT8/n89rwby5WrFixVZjjz32F024bLzq6+tLVu8jj/xJ48aOKTj2ixuu19tvLy3ZsVCY35nM
iyeoAKapz3nZtIlVDQ5mc8L3+9//rujYOeeerz59+pT8mIlEQkOHFX9s3R2336a6urqSHxfN52c2
yT1gJnJvr2f/9owmXDa+4FgymdTsOfO0xx57NvkasVhMk6dO1//+774Fx//w0IOaeOXlamxsbHO9
Tz7xuEaPHF603jlz56lfv13bfBxsm5/ZtHGmGIgC27JpVYOD2ZxwrV+/Xr/77W8KjpWXl+vEn/7U
t2PvO3CgDjr4kIJjH374oV544Xnfjo1t8zOb5B4wE7m30+uv/59GjRyuTKbw1vhTp1+r/ff/RrNe
a7vtttPsOXO19979C47fc8/vNH3aFGWzrT87/vvfn9PwYUOL1jtjVrUOPuTQVr8+WsbPbLJ6AzCT
bdm0qsHBhmPh+sffn9PGjRsLjh3/4xPUtWs3X49/4oknFR3761/+4uux0TQ/s0nuATORe/ssX75M
I4cP05o1awqOjx4zVsccc2yLXrNbt+6at2Ch+u1aeAXFHbf/UtWzZ7bqwvjll1/S0AsvUF1dbcHx
qdOu0ZFHHtXi10Xr+ZnNBstmiYGosC2bVjU4mNEJ1xOPP150rKUnRK1x0MEHq3PnzgXHHnzw/pLe
64uWYSYXiB5yb5f169dpzOhRevfddwqOn37Gz3TWoLNb9do9e/bSwoXXa8cddyo4ftONv9DCBfNb
9P/1P6+9pgsvOK/oE1muuHKifnjcj1pVL1rPz2w2EHvASLZl064GR9gFRFg2m9Xjjz9WcKxL167q
P+CrvteQTqd15FHfLTi2Zs0avfHG677XgML8zCa5B8xE7u3R0NCgyy+7VC8WuZ3zqO8erdFjxioW
i7X6GH123FELF12vHj17FhxfMH+uliy+qVmvtXTpWxo8+DytXr264PhF4y7WT086udW1ovX8zGaj
ZcvggaiwLZt2NTiY0QnNu+++U3CndMl7NGxZWVkgdRx00MFFx175978DqQFbYyYXiB5yb4d8Pq+Z
M67Rww//seD4wP3208SrJ5fk9/gu/fpp0aIb1KVr14Lj114zvehjaTd7//33dMF552jF8uUFx4cM
Ha6f//ysNteK1vEzm7ZdRAFRYVs2LWtwhF1BdL3xevHVEfvs87XA6vjKXnsVHXv11VcCqwNf5Gc2
yb0b8vm8ampqeOKRQ8i9HZYsvkm33XpLwbFd+vXTjJnVat++fcmOt+dXvqIFC65Thw4dC45fdeXl
uu/e3xcc+/jjjzT4gvP04YcfFhw/+5xzdcHgC9u00gRt42c2bbuIAqLCtmwmwy6gJfIsWg3Nu+++
W3Rs1113C6yOnj17qVev7bVs2cdbjbGCIzx+ZpPc2yuby+rpJ5/SH//4kJ5+6imtWrVSkrTzzn11
2OGH63vHHKv+/QeEXCVai9yb7w8PPahrr5lecKxL166aM3e+unfvXvLjfnWffTR/wSKde86gghuE
XjzuIlVUVuo73znyv/+2cuVKDR0yWG8vXVrwNU899XQNHzmK5kbI/MxmltgDRrItm6zgQLMsXfpW
0bGd+/YNrI5YLKaB++1XcOyNN14vuhkZ/MVMLr5s+fJlOv+cs3X+eWfr9/f87r/NDcm75W3J4pt1
4gnHa/q0KazqsBS5N9sLzz+v8ZeMKzhWXl6u6up56tev8JNPSmHgfvtp7vwFSiYLz6WNHjlcTz7h
bV7+2WefafjQC/Wf114r+LE/PuEnGnfJeCXiCd/qRfP4mc0MuQeMZFs2LVvBgbC8V2QFR58dd1RF
RUWgteywww5Fx1av/rSkS23RPGw2iC298sq/NXzokIIrrb7sliWL9frrr2t29Rx17NgpgOpQKuTe
XG8vXaoRI4YWfbrYtOnXat+BA32v46CDDlb1nHkacuEFW41lMhkNHzZU186YqV/edqtefvmlgq9x
zDHH6rIJVxRtlCBYfmbTtlliV2UyGa1ftzbsMiRJ6YoKVVRUhl1G5NmWTbt+WzClE4p8Pl/0sXJ9
++4ScDXebSrFrFmzRjsVfkod/MRULjZZtWqlRo8a0azmxmbP/u0ZTb56oqZecy0ztDYh90ZatWql
hg8fok8/+aTg+CXjL9NR3z06sHq+dcS3de3M2bpo9MitxurqajV0yOAmP3fipCkqLy/3s0S0hI/Z
zBF7I7z/7js685Tjwy5DkjR01DidcNJpYZcRebZl065bVMIuIKI2btyojRs3FhzrWeRxcH7q3LlL
0bE1a9YEWAk2YyYXktcMnXT1Vfrg/fdb/LkPPHC/7vntb32oCn4h9+bZuHGjxo4ZraVvFb6t9Myz
ztZpp58RcFXeKoyJV09u0ecceOBBmjrtmsBXiaJpfmbTsn0MgciwLZtWNTgQjmJLXCWpsjL4ZWPp
dPGZnKZqBeCvf/3rZT3ypz+1+vMXLVzAfhxAK2UyGV11xQQ999yzBcePPfb7GjlqdGibdJ7wkxM1
/tIJzfrYfQcO1IxZs7nlNGJYuAWYybZs0uDANjU2NhYdKy9PB1iJp6yJpaoNDQ0BVgJgS5s3DGyt
Zcs+LnofPoCmzamepQceuL/g2P77f0NXXHV16PtYnHb6GRoxcnSTH7P33v1VXT2PPXkiyLJrKCAy
bMsmDQ5sUz5ffGFSMhn8/fLJRPFjZjOZACsBsKV//etfbX6Nt956swSVANHTq9f2Rcc++fQT1dQU
vtU0SNlsdpv786xevVrreCIaAKCV7NpkFKFIJIr/mISxYqKpY6ZSqQArAbClLR8F21prPvusBJUA
0XPyKadq+fJluvEXN2w1tvSttzR2zGjNW7BIVVVVIVQn5XI5zbh2uu6+684mP27Zso914QXn6YYb
b1bv3r0Dqg7AZj169tKsBTeGXYakph8sABRDgwPb1FTToLa2NsBKPPVNNDjKythpHQhLRbrtmwGS
YaB1YrGYhg0fqeXLl+uB++/bavy5557VlVdM0NRp1wQ+GZDP5zVv7hzdsmRxsz7+3Xff0ZDB5+u6
G24MZTNzhCMm+5bCu6hdVZX23W//sMuAQcLZuan1uEUF29TUDubrQ1hGunHDhqJjle14VjYQln67
7trm19hhhx1KUAkQTclkUldcOVH7f+ObBccfevABVc+aqXzAO8b94obrdP11C1v0OW+88bqGDRlc
9HG3cE9I+98C2AbbsmlVg8Oy760z0um0evToUXDsgw8+CLgaaeXK4svgt+u0XYCVYDM/s0nu7fH1
r7d9xmefr/1PCSpBEMi9mdq1a6drrp2h3XbbveD44sU36dZblgRWz623LFH17FkFx9q1a6frrr9R
Bx54UMHxV175t0aMGMoj4A3iZzatuigBIsS2bNpVr23tI4fstNPOBf/9rTffDHwmaMWK5UXHOm3H
ruuh8DOb5N4ahx52mLp1697qz//BD49jBYdNyL2xunXrrtnVc9Wla9eC49OnTdHDf/yD73X86u67
NG3q5IJj5eXlmjtvoQ459FDNmDVb+w4cWPDjXnj+eY0ZNSKUFaMowMdsxok9YCTbsmlVg8Oy761T
dt65b8F/X7durVatWhVoLUvfeqvgv6fTFeratVugtcDDTC4kqUOHjrpk/KWt+twuXbtqyNDhJa4I
fiL3ZtulXz9VV89TeZFHq1887iK98Pzzvh3//vvu1ZVXTCg6Pmv2HH3zgAMkSR07dlJ19Tz1H/DV
gh/7zDNP6+JxF4Wy7xe+yM9sJgg+YCTbsmlXg8Oyb65Lmrq3/p23lwZWR11dnf7xj78XHNtnn314
ikpImMjFZt89+ns699zzW/x5U6ddwxMTLEPuzbfvwIGaMnV6wbH6+nqNGDFUS5cWnjRoi0ce+ZPG
jR1TdHzmrGod/q0jvvBvXbp21bz5C7X77nsU/JzH/vKoLrv0EtXX15e0VrSMn9lMknvASLZl064G
B3M6odl558K3qEjS66+/Hlgd777zTtGTm7322juwOvBFfmaT3Ntn6PARGnPRuGZ9bJeuXXXjzUt0
0EEH+1wVSo3c2+Ho7x2ji8YWzuOnn3yi4cOGNLm3VUs9+cTjGj2y+GqsSZOn6ujvHVNwrEePHpq/
8Lqiq0b/8NCDmnjl5WpsbCxJrWg5P7Np2ywxEBW2ZdOuBodl31yX7LHnV4qOPfXkE4HV8cKLxZfT
9h8wILA68EXM5GJLiURCZw06W7fedkfRpzlI0o9+dLzuuONuHXDAgQFWh1Ih9/b4+ZmDdPoZPys4
9vbSpRozujR7XDz33LMaPmyoMplMwfHxl03Q8T8+ocnX6N27txYsur7ofjz33PM7TZ82Rdlsts31
ouX8zGbKqqsSIDpsy2Yy7AJaIsYZT2i6d++u/v0H6JVX/r3V2FNPPalPPlkVyP4Xjz36aNGxvfv3
9/34KMzPbJJ7ew3cbz8tXnKr3nnnHb355hta/emnisfj6t6jh/baa2917976DUkRPnJvj1gsptFj
xmrlihV6+OE/bjX+/D/+oSuvmKCp065RWVlZq47x0kv/1LAhg1VXV3ifjBEjR+u0085o1mv17dtX
8xdep3PPHqRVq7ZeXXLH7b9UOp3WqNEXKR637Mzbcn5m07aLKFfV1tbo7bfeDLsMSVLXbt3Vo2ev
sMuIPNuyaVeDI+wCIu7Qww4r2OCQpGeeflo/+OFxvh7/o48+0jPPPF1wbI8991SfPjv6enwUx2aD
aErfvn3Vt2/hJeewF7m3S1lZmSZOmqxVq1bpxRdf2Gr8Dw89qO7du2vsuEtafBH72muvavD55xZd
BXLe+YN1zrnnteg199hjT81fuEjnDDpL69at3Wr85ptuVDqd1oVDhtEQC5Cf32nbLqJcteyjjzR4
0GlhlyFJGjpqnE44yYxaosy2bFpVLr/AwnXwwYcWHbvrzjt8f1zsQw8+UHTs2GN/wM9HiJjJBaKH
3NunffsOmjFrtnbccaeC47csWawlS25u0Wu+9dabuvCC87RmzZqC42f87OcaOmx4q/6fDhjwVS1c
dJ3atWtXcHzhgvm6+aYbW/y6aD0/s1lG7AEj2ZZNqxoctj2D1zV79+9fdBb2pZf+qX8WmBEqlZqa
Gt1xxy+Ljh90MBsUhsnPbJJ7wEzk3k49e/bSnHnz1aFDx4Lj106f1uSEwpbee+9dDT7/XK1YsaLg
+IknnqSLxl7cpttI/nffgZozb0HRx93OnHGN7ri9+PkBSsvPbJYl/HttAK1nWzatanAwoxOuRCKh
k08tvkxs0cIFyuVyvhz7N7/+lVYsX15w7IADDtQee+zpy3HRPMzkAtFD7u21xx57anb1XCWThe9U
vnT8xUUfyb5ZPp/XpIlX6cMPPyw4fuz3f6Dxl01QItH2M+MDDjhQs2bPKTo+6eqr9MYbwT3RLcr8
zGa5VVclQHTYlk2ryo1zwhO6o48+Rul0RcGxp59+So8++ueSH3PFihVauGB+0fGTTj615MdEy/iZ
TXIPmInc2+2bBxygiZMmFxyrr6/XyOFDtXTpW0U/PxaL6erJU9S//9ZPMPv2d47UxKsntXrD0kIO
/9YRmjmruuDYzFnV2n33PUp2LBTnZzbTls0SA1FhWzat2mRU8n6h+r3XA4rr0qWLBp19thbMn1dw
fMohTNowAAAXaUlEQVSkiRowYIB6lmjH42w2q0lXX1VwgzFJ2nvv/jrk0OJ7g8B/Qcy0knvALOTe
Dccdd7yWL1uuuXNmbzW2evVqDR82RDfdfIt69OhR8PN79uylRdfdoBEjhuqF573HuB908CGaMnV6
0cmQtjj6e8eotrZWl116iSSpvLxcs2bP0eHfOqLkx8LW/M59TN5Mcb0/i4HRTH123Em/vv+RsMuQ
JLVrVxV2CZFXHrdv42/rGhzxWExZTnhCdfIpp+nOO27X6tWrtxpbsWKFrrh8gqrnzFNFRdtPbm78
xfV69M/F32QvHDqspDNEaLkgZlrJPWAWcu+Oc847T8uXLdOvfnXXVmNvL12qMaNHaOGiG9S+ffuC
n9+la1fNX7BIF40epbr6Os2YOUtVVf5dlBz/4xNUW1er6lkzNWfeAh1wwIG+HQtfFETu0wkaHGFL
lZWpe4+eYZcBQ9i2ekOy7BYViY3HTNC5c2eNGDm66PiTTzyuyy69RHV1dW06zi1LFmtO9dazSpt9
+ztH6pBDWL0RtiAySe4Bs5B7dyTiCV08/lIddtjhBcdfeP55XT7hUjU0NBR9jY4dO2lW9VxVzym+
eWkpnXrq6frtPffS3AhYEJmssPBiCnCZjZm0r8HBGY8RfnT8j4ueDEnSHx56UKNGDNPyIhuDNqWu
rk6zZ83Q9GlTin5Mhw4dNe7i8W3amR2lEUQmyT1gFnLvlnQ6rclTpxfcT0OSHv7jHzRzxjVN3jJU
VVWlzp07+1XiVoo96hb+CSKTlRZeTAEuszGT1l0dJmLWleykRCKhyy6/Qr16bV/0Y/7618d08kk/
0b2/v6dZqzlyuZyeeeZpnT3oTP3ihuub/NiJkyZrhx12aHHdKL0gMknuAbOQe/dst912mjl7TtHf
rbfdeosW33xTwFXBJEFkstK6m+cBt9mYSetKZmd1c2y//Q66duYs/fyM05TJZAp+zIrly3XJxWO1
aOECHXPssdp34H7q3bu32rfvoEQirvXrN2jlyhV66aV/6tFHHtGLL76wzeMOHTZCRx55VKm/HLRS
UPfiAzAHuXdTnz59NKt6rs76+RnauHHjVuMzrp2umpqN6tatewjVtR6b1ZZGEJm0cbYYcJmNmYxl
Mva962+sb1TOvrKd9cTjj2v4sAtVX1/v+7HOGnS2Ro4eo0TcwrQ5KB6LqV15KpBjkXvADOTefX/9
62MafP65YZfhu9FjxmrQ2eeEXYYVgsz986vZaBQwQXlcGhjcnYclY+X6T+7LNcshhx6qeQsW+b6x
2OALh2jU6ItobhgkyCySe8AM5N59hx12uK64cmLYZcAgQWaxyrr15YCbbM2ilQ2OBMtWjXPQQQfr
9jvv0lf22qvkr92+fXvNrp6rIUOHs6moYYLMIrkHzEDuo+GnJ52sc8+7IOwyYIggs2jrRRXgGluz
aOXVYoIZHSP167erbvvlnRoydLiSydIk4nvHHKvf3nOfjvru0SV5PZRWkFkk94AZyH10DB02XD88
7kdhlwEDBJnFqmDuhAGwDbZm0coGB7P45qqsrNTgC4fovgce0plnDlJ5eXmrXueoo76rW267XdfO
mKXevXuXuEqUSpBZJPeAGch9dCQSCU24/EodcMCBYZeCkAWZxfaWzhoDrrE1i1ZuMipJNQ2Nyuas
LD1SPvvsM/3jH3/Xs397Rv/854t6/f/+r+DH9e7dW1/72v9o/298U1/f/xvq06dPwJWipRLxmCrL
gm3tknsgXOQeiJ4wcv/yGmlD4Qf0AQhAVVLap1PYVbSOtQ2O+kxWDZls2GWghTZs2KB169aqtrZW
+Xxe6XSFqqqq1KmTpQmKsLJkQuXJYDd8JfdAuMg9ED1h5P6djdLHtYEeEsAWtq+Q+rYLu4rWsXTh
Cffl2qqqqkpVVVVhl4ESCCOD5B4IF7kHoieMDHZM0eAAwtTR0v03JEv34JCkBPflAqEKI4PkHggX
uQeiJ4wM2nxxBbjA5gxae9YQEyc9QFgS8bjCmFMl90B4yD0QPWHlPhGz+wILsFnHlJdBW1l9xpBk
2SoQijCzR+6BcJB7IHrCzF4nGhxAKGzPnt0NjoTV5QPWCjN75B4IB7kHoifM7HUqC+3QQKTZnj2r
zxjisZjiMWZ1gCCFnbuwjw9EUdi5C/v4QBSFnbuqpJQO9uEtQOSlE172bGZ1g0NiVgcImgmZM6EG
IEpMyJwJNQBRYkLmOls+kwzYxoXMhf/O1UZJNh4DAmVC5kyoAYgSEzJnQg1AlJiQORcutgCbuJC5
8N+52igRjynGslUgELFYTAkDNvsj90BwyD0QPabkvmNKKrP+agWwQ1ncjacXOfGWkTJgCR0QBSZl
zaRaAJeZlDWTagFcZlLWupaHXQEQDa5kzZx3rzYwYQkdEAUmZc2kWgCXmZQ1k2oBXGZS1ro4sGQe
sIErWTPn3asNEnF2Vwf8Fjdkuepm5B7wH7kHose03HdISZU8TQXwVWXCy5oLnGhwSGYtpQNcZGLG
TKwJcImJGTOxJsAlJmasmyNL5wFTuZQx897BWsnEN2PAJSZmzMSaAJeYmDETawJcYmLGuqXDrgBw
m0sZM+8drJVisZgRz+sGXJRMxI18egG5B/xD7oHoMTX35XF39gcATNOlzMuYKxz6UszsOAMuMDlb
JtcG2MzkbJlcG2Azk7PV3aEZZsAkrmXL3HexVkjG42w+BpRYPBYzajf1LyP3QOmReyB6TM995zKp
gs1GgZKqSHjZcom572KtZHLnGbCRDZmyoUbAJjZkyoYaAZvYkKkejs00A2FzMVPmv5O1UCpJaxco
JRsyZUONgE1syJQNNQI2sSFTPdOSQU+wBawWj3mZco1zDY6YpDIL3qABG5QlE7LhPILcA6VD7oHo
sSX3iZjUy8ELMiAMvdJeplzjXINDsmOJHWADm7JkU62AyWzKkk21AiazKUsuzjgDYXA1S/a8m7VA
PBaz6o0aMFEqYdcmfuQeaDtyD0SPbblPJ9zcNwAIUo+0lyUXOXtWwLJVoG1szJCNNQMmsTFDNtYM
mMTGDG1fEXYFgN1czpCzDQ5mdYDWs202ZzNyD7QeuQeix9bcV7KKA2i1HmkvQ65y+ozAxo40YAKb
s2Nz7UCYbM6OzbUDYbI5Oy7PQAN+cj07Tjc4mNUBWs7W2ZzNyD3QcuQeiB7bc1+ZcHeTRMAvPR1f
vSE53uCQpHKLO9NAGFzIjAtfAxAkFzLjwtcABMmFzPSuDLsCwC5RyIzzDY5YLGb18jsgSGXJhGIW
z+ZsRu6B5iP3QPS4kvvyuNQnAhdsQCn0qfQy47oIfIleh9qFN3HAT7FYzInZnM3IPbBt5B6IHtdy
36dSKovEFQ3QemURagZG5u3ApTdywA8uZsTFrwkoJRcz4uLXBJSSaxmJSdoxIhduQGv1qfSyEgWR
aXCkEnEl4pH5coEWScTjTm7QR+6B4sg9ED2u5r5HWuqYCrsKwEwdU9HakNe9d7gmuNaxBkrF5Wy4
/LUBbeFyNlz+2oC2cDkbrOIACotaNiLV4EjE2YAM+LKyZEKJuLuL1sg9sDVyD0SP67nvkJK2rwi7
CsAs21d42YiSSDU4JK9zbfMzv4FSiju20Vgx5B74HLkHoicqud8pIk+JAJqjPO5lImoi+RYQhTd4
oDmilIUofa1AU6KUhSh9rUBTopKFeEzauV3YVQBm2Lmdl4moiWSDI5lwc4MloCVSibiSEcoBuQfI
PRBFUct913Kpe4Q2VAQK6Z72shBF0Xm3+5LyVFIxlq4iomKxmMpTybDLCBy5R5SReyB6opr7vu2k
sshe5SDqyuJeBqIqstGPSUpHZLke8GXpZCIyz8LeErlHlJF7IHqimvtkTNqlKuwqgHDsUuVlIKoi
2+CQvKWr7LKOqClLJiK1VPXLyD2iiNyTe0RP1HPfpYynqiB6tq/wfvajLLrvepuUO/7ILGBLiXg0
dlHfFnKPKCH3HnKPKCH3nr7tpKro3aGDiKpKRvvWlM0i3+CQpHQE701ENPGz/jm+F4gKftY/x/cC
UcHP+uf6casKIoKfdQ8NDnnPBucXAVyXTiUVZ6O9/yL3iAJy/0XkHlFA7r+oKsmFH9zXr4rVSpvR
4NgklYgrlWApH9yUSiR4VGIB5B4uI/eFkXu4jNwX1jMt9eLRsXBUr7T3Mw4P74BbSKcSSsT5lsAt
iXhc6RQn88WQe7iI3DeN3MNF5L5pu1RJHVNhVwGUVscUTwz6Mn67f0lFKqEYy/rgiFgspgpOdraJ
3MMl5L55yD1cQu6bZ7f2UhlXP3BEWdz7mcYXEfEv4RcEXMIJfPOQe7iE3DcPuYdLyH3zlMel3bkg
hCN2b+/9TOOL+JYU4C3xY5cW2C2dSrIEuwXIPVxA7luG3MMF5L5lOqak3VjSD8vtxi1XRfFuWEQq
Eef54bBWeZJNxlqD3MNm5L51yD1sRu5bp3ta2qky7CqA1tmp0vsZRmG8IzahLJlQGSc9sAw/t23D
9w824ue2bfj+wUb83LZN70pp+4qwqwBaZvsK72cXxdHg2AY647AJM5GlQe5hE3JfGuQeNiH3pdG3
ndS9POwqgObpXu79zKJp/CZvhnQqqSQnPTBcMsG95KVE7mEDcl9a5B42IPeltVt7qXNZ2FUATetc
xhNTmovf4s1UkUoqyQZOMFQyHlcFJzslR+5hMnLvD3IPk5F7f3ylg9SJDRthqE4p72cUzcNv8Bao
KGOXapgnEY+rooyTHb+Qe5iI3PuL3MNE5N5fe3XkqRQwT8eU97OJ5uO3dwtVctIDgyTicVVysuM7
cg+TkPtgkHuYhNz7LyZprw40OWCOjinvZzIWdiGWiWUy+XzYRdiotiGjTC4XdhmIsCQzOYEj9wgb
uQ8euUfYyH2w8pJeWyutaQy7EkRZp00rN2hutBwNjjaobcwok+WkB8FLJrgHNyzkHmEh9+Eh9wgL
uQ/Pf9ZJqxvCrgJR1LmMPTfaggZHG9U1ZtTISQ8ClGL39NCRewSN3IeP3CNo5D58b66XVtaHXQWi
pHs5T0tpKxocJVCfyaohkw27DERAWTLBc+8NQe4RFHJvDnKPoJB7c7yzUfq4NuwqEAXbV0h924Vd
hf1ocJRIQyarek564KPyZEJlnOwYhdzDb+TePOQefiP35vmwRnqvJuwq4LKdKqXelWFX4QYaHCXU
mM2prjETdhlwUDqVVCrBbv4mIvfwC7k3F7mHX8i9uVbWe7esAKW2W3vv1hSUBg2OEsvmcqptzCrP
txUlEIvFVJFK8KhCw5F7lBK5twO5RymRezusbZTeWC81sB0PSqAsLu3enkcTlxoNDh/k83nVNmaV
5bFyaINEPK6KVEKxGA+IsgG5RymQe7uQe5QCubdLfc5bybGWx8iiDTqmvJUb5fQ0S44Gh4/qGrNq
zHKfLloulUgoneL+WxuRe7QWubcXuUdrkXt7vb1BWlYXdhWwUa+0tEtV2FW4iwaHz7hPFy3F/bf2
I/doKXJvP3KPliL39lteJy3dEHYVsMmuVVKPdNhVuI0GRwBy+bzqGjPK5vhWo7hEPKZ0Kqk4S1Sd
QO7RHOTeLeQezUHu3bIh4zU5NtDfRBOqklK/Ku9v+IsGR4DqM1k18Gg5FMDz7t1F7lEMuXcXuUcx
5N5d72yUPq4NuwqYaPsKqW+7sKuIDhocActkc6rLsOs6PLFYTOlkQkmWqDqN3GNL5D4ayD22RO6j
4dMGb28OnrICyXtKyi5VUpeysCuJFhocIchLqm/MqDHLu1+UpRJxlaeSYoFqNJB7SOQ+asg9JHIf
NZm8t5pjJRuQRlr3tLdqI0nwA0eDI0SZbE71maxy/C+IlHgspnJmcSKL3EcTuY82ch9N5D7aPqmX
3t3oPVYW0VEel3ZuJ3UtD7uS6KLBYQDu1Y0O7r3FZuQ+Osg9NiP30UHuIUm5vPReDXtzRMX2FdJO
lVKcVRuhosFhiGwur/pMVtkcbV4XJeJxlScTSvCOhy2Qe7eRexRC7t1G7lHIukbp/RppbWPYlcAP
HVPSjpVSh1TYlUCiwWGcxk3LWNmUzA2xTctTec49mkLu3ULu0Rzk3i3kHs2xos5rdLAJqRvK4l5j
o0c67EqwJRochmIZq/1YnoqWIvf2I/doKXJvP3KPlshL+qDG+wN79an0/rBWyzw0OAyWz3vLWNl9
3S6phLc8NRbjLQ8tR+7tRO7RFuTeTuQebVGfkz6skZbztBWr9ExLvSu9zURhJhocFsjl82rgxMd4
qURcZcmE4pzooATIvR3IPUqJ3NuB3KOUarLeJqQraHQYrUfa20S0ksVaxqPBYRFOfMzEiQ78RO7N
RO7hJ3JvJnIPP9HoMBONDfvQ4LBQLp9XYzbHPbshK9u0mRgnOggCuTcDuUeQyL0ZyD2CVJf1bltZ
Vuc9ZhbBi8ekXmnvdpQ0jQ3r0OCwWF5S46YZnhz/GwMRj8WUSsSVSibYVAihIPfBI/cIG7kPHrlH
2LJ5r9Gxok6qpccZiIqEt2KjZ1pKEHxr0eBwRCaXU2M2pwzLWX2RTMSVSsSVjLOjEMxB7v1F7mEi
cu8vcg8TrW6QVtZJnzaEXYmbupRJ3dNS57KwK0Ep0OBwTH7TclZmedruv7M3iTg7pMNo5L50yD1s
Qe5Lh9zDFvU5aVWdtKre27MDrVeZkLqVS93SPBHFNTQ4HJbN5f8705Pnf3OzxDad5CTjcSXinOTA
PuS+5cg9bEfuW47cw3brGr0VHZ/USw0s6GqWsrjUtdxbsdEhFXY18AsNjojYfPKTYaZnK/FYTElO
cuAgcl8cuYeryH1x5B6uWtvo3cayusHbpBSfSye8W086l0kdaWpEAg2OCMrl88pkc8rk8srmotny
TcTjSsa9Ex12RUcUkHtyj+gh9+Qe0bMhI61pkNY0eo2PKOqYkjqlpE5lUlUy7GoQNBocEZeXlM3l
lN108pN19HlUiXhMiU0zNol4nB3REWnkHogecg9ETzbvNTnWNnq3tGzIhF2RP6qS3i0nHTf94Qko
0UaDA1+Ql5TbfAKUzyuXy1u3xDUeiykejykRiykRjynOCQ7QJHIPRA+5B6Inm5fWZ6QNm5odGzLe
xqU2KY97DY2qpFSVktonaWjgi2hwYJvyeW+Zazaf23QC5P132BuZxWIx7+Qmpk0nON7yU1agAm1H
7oHoIfdA9DTmvCey1GS8v2uz3j4eYTc+yuPe/hkVCe+JJ5VJ7+8UTzzBNtDgQJtsPvHJ5b1H1uW1
6e+8lNfmvyVtGmtKTJJiMcW8vxSTd/IS+++/eSc3m090AISD3APRQ+6BaMnr80ZHQ1ZqyHvNkM1/
snkpk/f+zuWlnPT5+8AWNuc8Like81ZbJDf9nYp//qcsJpUlPm9skHy0Fg0OAAAAAABgPRb5AAAA
AAAA69HgAAAAAAAA1qPBAQAAAAAArEeDAwAAAAAAWI8GBwAAAAAAsB4NDgAAAAAAYD0aHAAAAAAA
wHo0OAAAAAAAgPVocAAAAAAAAOvR4AAAAAAAANajwQEAAAAAAKxHgwMAAAAAAFiPBgcAAAAAALAe
DQ4AAAAAAGA9GhwAAAAAAMB6NDgAAAAAAID1aHAAAAAAAADr0eAAAAAAAADWo8EBAAAAAACsR4MD
AAAAAABYLxl2AQAA+Omuu+7Uc889q7q6urBLAUKTTqe1//7f0EknnRx2KQAA+CaWyeTzYRcBAIAf
7rrrTj3++F/DLgMwxqGHHkaTAwDgLG5RAQA467nnng27BMAoZAIA4DIaHAAAAAAAwHo0OAAAztp/
/2+EXQJgFDIBAHAZm4wCAJy1ea8BNhlF1LHJKAAgCthkFAAAAAAAWI9bVAAAAAAAgPVocAAAAAAA
AOvR4AAAAAAAANajwQEAAAAAAKxHgwMAAAAAAFiPBgcAAAAAALAeDQ4AAAAAAGA9GhwAAAAAAMB6
NDgAAAAAAID1aHAAAAAAAADr0eAAAAAAAADWo8EBAAAAAACsR4MDAAAAAABYjwYHAAAAAACwHg0O
AAAAAABgPRocAAAAAADAev8PMDh4bcGQKncAAAAASUVORK5CYII=
" width="800px"&gt;</msg>
<status status="PASS" starttime="20231029 23:25:01.842" endtime="20231029 23:25:02.043"/>
</kw>
<kw name="Close All Applications" library="AppiumLibrary">
<doc>Closes all open applications.</doc>
<status status="PASS" starttime="20231029 23:25:02.043" endtime="20231029 23:25:02.774"/>
</kw>
<doc>Validate Division of Two Numbers</doc>
<status status="PASS" starttime="20231029 23:24:58.677" endtime="20231029 23:25:02.776"/>
</test>
<status status="PASS" starttime="20231029 23:24:36.850" endtime="20231029 23:25:02.778"/>
</suite>
<statistics>
<total>
<stat pass="5" fail="0" skip="0">All Tests</stat>
</total>
<tag>
</tag>
<suite>
<stat pass="5" fail="0" skip="0" id="s1" name="TestCalculator">TestCalculator</stat>
</suite>
</statistics>
<errors>
</errors>
</robot>
